Performing C++ SOURCE FILE Test THREAD_SANITIZER_AVAILABLE failed with the following compile output:
Change Dir: C:/Users/Iurii/CLionProjects/Task_30_4_2_Grab_header/cmake-build-debug/CMakeFiles/CMakeTmp

Run Build Command(s):C:/PROGRA~2/MINGW-~1/I686-8~1.0-P/mingw32/bin/mingw32-make.exe -f Makefile cmTC_7e243/fast && C:/PROGRA~2/MINGW-~1/I686-8~1.0-P/mingw32/bin/mingw32-make.exe  -f CMakeFiles\cmTC_7e243.dir\build.make CMakeFiles/cmTC_7e243.dir/build
mingw32-make.exe[1]: Entering directory 'C:/Users/Iurii/CLionProjects/Task_30_4_2_Grab_header/cmake-build-debug/CMakeFiles/CMakeTmp'
Building CXX object CMakeFiles/cmTC_7e243.dir/src.cxx.obj
C:\PROGRA~2\MINGW-~1\I686-8~1.0-P\mingw32\bin\G__~1.EXE -DTHREAD_SANITIZER_AVAILABLE  -fsanitize=thread -std=gnu++11 -o CMakeFiles\cmTC_7e243.dir\src.cxx.obj -c C:\Users\Iurii\CLionProjects\Task_30_4_2_Grab_header\cmake-build-debug\CMakeFiles\CMakeTmp\src.cxx
Linking CXX executable cmTC_7e243.exe
"C:\Program Files\JetBrains\CLion 2020.3.3\bin\cmake\win\bin\cmake.exe" -E cmake_link_script CMakeFiles\cmTC_7e243.dir\link.txt --verbose=1
"C:\Program Files\JetBrains\CLion 2020.3.3\bin\cmake\win\bin\cmake.exe" -E rm -f CMakeFiles\cmTC_7e243.dir/objects.a
C:\PROGRA~2\MINGW-~1\I686-8~1.0-P\mingw32\bin\ar.exe cr CMakeFiles\cmTC_7e243.dir/objects.a @CMakeFiles\cmTC_7e243.dir\objects1.rsp
C:\PROGRA~2\MINGW-~1\I686-8~1.0-P\mingw32\bin\G__~1.EXE  -fsanitize=thread -Wl,--whole-archive CMakeFiles\cmTC_7e243.dir/objects.a -Wl,--no-whole-archive -o cmTC_7e243.exe -Wl,--out-implib,libcmTC_7e243.dll.a -Wl,--major-image-version,0,--minor-image-version,0 @CMakeFiles\cmTC_7e243.dir\linklibs.rsp
C:/PROGRA~2/MINGW-~1/I686-8~1.0-P/mingw32/bin/../lib/gcc/i686-w64-mingw32/8.1.0/../../../../i686-w64-mingw32/bin/ld.exe: cannot find -ltsan
collect2.exe: error: ld returned 1 exit status
mingw32-make.exe[1]: *** [CMakeFiles\cmTC_7e243.dir\build.make:100: cmTC_7e243.exe] Error 1
mingw32-make.exe[1]: Leaving directory 'C:/Users/Iurii/CLionProjects/Task_30_4_2_Grab_header/cmake-build-debug/CMakeFiles/CMakeTmp'
mingw32-make.exe: *** [Makefile:126: cmTC_7e243/fast] Error 2


...and run output:

Return value: 1
Source file was:
int main() { return 0; }
Performing C++ SOURCE FILE Test ADDRESS_SANITIZER_AVAILABLE failed with the following compile output:
Change Dir: C:/Users/Iurii/CLionProjects/Task_30_4_2_Grab_header/cmake-build-debug/CMakeFiles/CMakeTmp

Run Build Command(s):C:/PROGRA~2/MINGW-~1/I686-8~1.0-P/mingw32/bin/mingw32-make.exe -f Makefile cmTC_57033/fast && C:/PROGRA~2/MINGW-~1/I686-8~1.0-P/mingw32/bin/mingw32-make.exe  -f CMakeFiles\cmTC_57033.dir\build.make CMakeFiles/cmTC_57033.dir/build
mingw32-make.exe[1]: Entering directory 'C:/Users/Iurii/CLionProjects/Task_30_4_2_Grab_header/cmake-build-debug/CMakeFiles/CMakeTmp'
Building CXX object CMakeFiles/cmTC_57033.dir/src.cxx.obj
C:\PROGRA~2\MINGW-~1\I686-8~1.0-P\mingw32\bin\G__~1.EXE -DADDRESS_SANITIZER_AVAILABLE  -fsanitize=address -std=gnu++11 -o CMakeFiles\cmTC_57033.dir\src.cxx.obj -c C:\Users\Iurii\CLionProjects\Task_30_4_2_Grab_header\cmake-build-debug\CMakeFiles\CMakeTmp\src.cxx
Linking CXX executable cmTC_57033.exe
"C:\Program Files\JetBrains\CLion 2020.3.3\bin\cmake\win\bin\cmake.exe" -E cmake_link_script CMakeFiles\cmTC_57033.dir\link.txt --verbose=1
"C:\Program Files\JetBrains\CLion 2020.3.3\bin\cmake\win\bin\cmake.exe" -E rm -f CMakeFiles\cmTC_57033.dir/objects.a
C:\PROGRA~2\MINGW-~1\I686-8~1.0-P\mingw32\bin\ar.exe cr CMakeFiles\cmTC_57033.dir/objects.a @CMakeFiles\cmTC_57033.dir\objects1.rsp
C:\PROGRA~2\MINGW-~1\I686-8~1.0-P\mingw32\bin\G__~1.EXE  -fsanitize=address -Wl,--whole-archive CMakeFiles\cmTC_57033.dir/objects.a -Wl,--no-whole-archive -o cmTC_57033.exe -Wl,--out-implib,libcmTC_57033.dll.a -Wl,--major-image-version,0,--minor-image-version,0 @CMakeFiles\cmTC_57033.dir\linklibs.rsp
C:/PROGRA~2/MINGW-~1/I686-8~1.0-P/mingw32/bin/../lib/gcc/i686-w64-mingw32/8.1.0/../../../../i686-w64-mingw32/bin/ld.exe: cannot find -lasan
collect2.exe: error: ld returned 1 exit status
mingw32-make.exe[1]: *** [CMakeFiles\cmTC_57033.dir\build.make:100: cmTC_57033.exe] Error 1
mingw32-make.exe[1]: Leaving directory 'C:/Users/Iurii/CLionProjects/Task_30_4_2_Grab_header/cmake-build-debug/CMakeFiles/CMakeTmp'
mingw32-make.exe: *** [Makefile:126: cmTC_57033/fast] Error 2


...and run output:

Return value: 1
Source file was:
int main() { return 0; }
Performing C++ SOURCE FILE Test ALL_SANITIZERS_AVAILABLE failed with the following compile output:
Change Dir: C:/Users/Iurii/CLionProjects/Task_30_4_2_Grab_header/cmake-build-debug/CMakeFiles/CMakeTmp

Run Build Command(s):C:/PROGRA~2/MINGW-~1/I686-8~1.0-P/mingw32/bin/mingw32-make.exe -f Makefile cmTC_b5778/fast && C:/PROGRA~2/MINGW-~1/I686-8~1.0-P/mingw32/bin/mingw32-make.exe  -f CMakeFiles\cmTC_b5778.dir\build.make CMakeFiles/cmTC_b5778.dir/build
mingw32-make.exe[1]: Entering directory 'C:/Users/Iurii/CLionProjects/Task_30_4_2_Grab_header/cmake-build-debug/CMakeFiles/CMakeTmp'
Building CXX object CMakeFiles/cmTC_b5778.dir/src.cxx.obj
C:\PROGRA~2\MINGW-~1\I686-8~1.0-P\mingw32\bin\G__~1.EXE -DALL_SANITIZERS_AVAILABLE  -fsanitize=leak -fsanitize=undefined -std=gnu++11 -o CMakeFiles\cmTC_b5778.dir\src.cxx.obj -c C:\Users\Iurii\CLionProjects\Task_30_4_2_Grab_header\cmake-build-debug\CMakeFiles\CMakeTmp\src.cxx
Linking CXX executable cmTC_b5778.exe
"C:\Program Files\JetBrains\CLion 2020.3.3\bin\cmake\win\bin\cmake.exe" -E cmake_link_script CMakeFiles\cmTC_b5778.dir\link.txt --verbose=1
"C:\Program Files\JetBrains\CLion 2020.3.3\bin\cmake\win\bin\cmake.exe" -E rm -f CMakeFiles\cmTC_b5778.dir/objects.a
C:\PROGRA~2\MINGW-~1\I686-8~1.0-P\mingw32\bin\ar.exe cr CMakeFiles\cmTC_b5778.dir/objects.a @CMakeFiles\cmTC_b5778.dir\objects1.rsp
C:\PROGRA~2\MINGW-~1\I686-8~1.0-P\mingw32\bin\G__~1.EXE   -fsanitize=leak -fsanitize=undefined -Wl,--whole-archive CMakeFiles\cmTC_b5778.dir/objects.a -Wl,--no-whole-archive -o cmTC_b5778.exe -Wl,--out-implib,libcmTC_b5778.dll.a -Wl,--major-image-version,0,--minor-image-version,0 @CMakeFiles\cmTC_b5778.dir\linklibs.rsp
C:/PROGRA~2/MINGW-~1/I686-8~1.0-P/mingw32/bin/../lib/gcc/i686-w64-mingw32/8.1.0/../../../../i686-w64-mingw32/bin/ld.exe: cannot find -lubsan
C:/PROGRA~2/MINGW-~1/I686-8~1.0-P/mingw32/bin/../lib/gcc/i686-w64-mingw32/8.1.0/../../../../i686-w64-mingw32/bin/ld.exe: cannot find -llsan
collect2.exe: error: ld returned 1 exit status
mingw32-make.exe[1]: *** [CMakeFiles\cmTC_b5778.dir\build.make:100: cmTC_b5778.exe] Error 1
mingw32-make.exe[1]: Leaving directory 'C:/Users/Iurii/CLionProjects/Task_30_4_2_Grab_header/cmake-build-debug/CMakeFiles/CMakeTmp'
mingw32-make.exe: *** [Makefile:126: cmTC_b5778/fast] Error 2


...and run output:

Return value: 1
Source file was:
int main() { return 0; }
Determining if the include file sys/sdt.h exists failed with the following output:
Change Dir: C:/Users/Iurii/CLionProjects/Task_30_4_2_Grab_header/cmake-build-debug/CMakeFiles/CMakeTmp

Run Build Command(s):C:/PROGRA~2/MINGW-~1/I686-8~1.0-P/mingw32/bin/mingw32-make.exe -f Makefile cmTC_2d210/fast && C:/PROGRA~2/MINGW-~1/I686-8~1.0-P/mingw32/bin/mingw32-make.exe  -f CMakeFiles\cmTC_2d210.dir\build.make CMakeFiles/cmTC_2d210.dir/build
mingw32-make.exe[1]: Entering directory 'C:/Users/Iurii/CLionProjects/Task_30_4_2_Grab_header/cmake-build-debug/CMakeFiles/CMakeTmp'
Building C object CMakeFiles/cmTC_2d210.dir/CheckIncludeFile.c.obj
C:\PROGRA~2\MINGW-~1\I686-8~1.0-P\mingw32\bin\gcc.exe   -Wall -Wno-implicit-fallthrough  -std=c99 -o CMakeFiles\cmTC_2d210.dir\CheckIncludeFile.c.obj -c C:\Users\Iurii\CLionProjects\Task_30_4_2_Grab_header\cmake-build-debug\CMakeFiles\CMakeTmp\CheckIncludeFile.c
C:\Users\Iurii\CLionProjects\Task_30_4_2_Grab_header\cmake-build-debug\CMakeFiles\CMakeTmp\CheckIncludeFile.c:1:10: fatal error: sys/sdt.h: No such file or directory
 #include <sys/sdt.h>
          ^~~~~~~~~~~
compilation terminated.
mingw32-make.exe[1]: *** [CMakeFiles\cmTC_2d210.dir\build.make:77: CMakeFiles/cmTC_2d210.dir/CheckIncludeFile.c.obj] Error 1
mingw32-make.exe[1]: Leaving directory 'C:/Users/Iurii/CLionProjects/Task_30_4_2_Grab_header/cmake-build-debug/CMakeFiles/CMakeTmp'
mingw32-make.exe: *** [Makefile:126: cmTC_2d210/fast] Error 2



Performing C SOURCE FILE Test HAVE_ATTRIBUTE_VISIBILITY_HIDDEN failed with the following output:
Change Dir: C:/Users/Iurii/CLionProjects/Task_30_4_2_Grab_header/cmake-build-debug/CMakeFiles/CMakeTmp

Run Build Command(s):C:/PROGRA~2/MINGW-~1/I686-8~1.0-P/mingw32/bin/mingw32-make.exe -f Makefile cmTC_82967/fast && C:/PROGRA~2/MINGW-~1/I686-8~1.0-P/mingw32/bin/mingw32-make.exe  -f CMakeFiles\cmTC_82967.dir\build.make CMakeFiles/cmTC_82967.dir/build
mingw32-make.exe[1]: Entering directory 'C:/Users/Iurii/CLionProjects/Task_30_4_2_Grab_header/cmake-build-debug/CMakeFiles/CMakeTmp'
Building C object CMakeFiles/cmTC_82967.dir/src.c.obj
C:\PROGRA~2\MINGW-~1\I686-8~1.0-P\mingw32\bin\gcc.exe -DHAVE_ATTRIBUTE_VISIBILITY_HIDDEN  -Wall -Wno-implicit-fallthrough  -std=c99 -o CMakeFiles\cmTC_82967.dir\src.c.obj -c C:\Users\Iurii\CLionProjects\Task_30_4_2_Grab_header\cmake-build-debug\CMakeFiles\CMakeTmp\src.c
C:\Users\Iurii\CLionProjects\Task_30_4_2_Grab_header\cmake-build-debug\CMakeFiles\CMakeTmp\src.c:5:5: warning: visibility attribute not supported in this configuration; ignored [-Wattributes]
     }
     ^
Linking C executable cmTC_82967.exe
"C:\Program Files\JetBrains\CLion 2020.3.3\bin\cmake\win\bin\cmake.exe" -E cmake_link_script CMakeFiles\cmTC_82967.dir\link.txt --verbose=1
"C:\Program Files\JetBrains\CLion 2020.3.3\bin\cmake\win\bin\cmake.exe" -E rm -f CMakeFiles\cmTC_82967.dir/objects.a
C:\PROGRA~2\MINGW-~1\I686-8~1.0-P\mingw32\bin\ar.exe cr CMakeFiles\cmTC_82967.dir/objects.a @CMakeFiles\cmTC_82967.dir\objects1.rsp
C:\PROGRA~2\MINGW-~1\I686-8~1.0-P\mingw32\bin\gcc.exe  -Wall -Wno-implicit-fallthrough  -Wl,--whole-archive CMakeFiles\cmTC_82967.dir/objects.a -Wl,--no-whole-archive -o cmTC_82967.exe -Wl,--out-implib,libcmTC_82967.dll.a -Wl,--major-image-version,0,--minor-image-version,0 @CMakeFiles\cmTC_82967.dir\linklibs.rsp
mingw32-make.exe[1]: Leaving directory 'C:/Users/Iurii/CLionProjects/Task_30_4_2_Grab_header/cmake-build-debug/CMakeFiles/CMakeTmp'


Source file was:
#define Z_INTERNAL __attribute__((visibility ("hidden")))
    int Z_INTERNAL foo;
    int main() {
        return 0;
    }
Performing C SOURCE FILE Test HAVE_ATTRIBUTE_VISIBILITY_INTERNAL failed with the following output:
Change Dir: C:/Users/Iurii/CLionProjects/Task_30_4_2_Grab_header/cmake-build-debug/CMakeFiles/CMakeTmp

Run Build Command(s):C:/PROGRA~2/MINGW-~1/I686-8~1.0-P/mingw32/bin/mingw32-make.exe -f Makefile cmTC_0b57e/fast && C:/PROGRA~2/MINGW-~1/I686-8~1.0-P/mingw32/bin/mingw32-make.exe  -f CMakeFiles\cmTC_0b57e.dir\build.make CMakeFiles/cmTC_0b57e.dir/build
mingw32-make.exe[1]: Entering directory 'C:/Users/Iurii/CLionProjects/Task_30_4_2_Grab_header/cmake-build-debug/CMakeFiles/CMakeTmp'
Building C object CMakeFiles/cmTC_0b57e.dir/src.c.obj
C:\PROGRA~2\MINGW-~1\I686-8~1.0-P\mingw32\bin\gcc.exe -DHAVE_ATTRIBUTE_VISIBILITY_INTERNAL  -Wall -Wno-implicit-fallthrough  -std=c99 -o CMakeFiles\cmTC_0b57e.dir\src.c.obj -c C:\Users\Iurii\CLionProjects\Task_30_4_2_Grab_header\cmake-build-debug\CMakeFiles\CMakeTmp\src.c
C:\Users\Iurii\CLionProjects\Task_30_4_2_Grab_header\cmake-build-debug\CMakeFiles\CMakeTmp\src.c:5:5: warning: visibility attribute not supported in this configuration; ignored [-Wattributes]
     }
     ^
Linking C executable cmTC_0b57e.exe
"C:\Program Files\JetBrains\CLion 2020.3.3\bin\cmake\win\bin\cmake.exe" -E cmake_link_script CMakeFiles\cmTC_0b57e.dir\link.txt --verbose=1
"C:\Program Files\JetBrains\CLion 2020.3.3\bin\cmake\win\bin\cmake.exe" -E rm -f CMakeFiles\cmTC_0b57e.dir/objects.a
C:\PROGRA~2\MINGW-~1\I686-8~1.0-P\mingw32\bin\ar.exe cr CMakeFiles\cmTC_0b57e.dir/objects.a @CMakeFiles\cmTC_0b57e.dir\objects1.rsp
C:\PROGRA~2\MINGW-~1\I686-8~1.0-P\mingw32\bin\gcc.exe  -Wall -Wno-implicit-fallthrough  -Wl,--whole-archive CMakeFiles\cmTC_0b57e.dir/objects.a -Wl,--no-whole-archive -o cmTC_0b57e.exe -Wl,--out-implib,libcmTC_0b57e.dll.a -Wl,--major-image-version,0,--minor-image-version,0 @CMakeFiles\cmTC_0b57e.dir\linklibs.rsp
mingw32-make.exe[1]: Leaving directory 'C:/Users/Iurii/CLionProjects/Task_30_4_2_Grab_header/cmake-build-debug/CMakeFiles/CMakeTmp'


Source file was:
#define Z_INTERNAL __attribute__((visibility ("internal")))
    int Z_INTERNAL foo;
    int main() {
        return 0;
    }
Determining if files windows.h;winsock.h;ws2tcpip.h;winsock2.h;wincrypt.h;stdio.h;sys/filio.h exist failed with the following output:
Change Dir: C:/Users/Iurii/CLionProjects/Task_30_4_2_Grab_header/cmake-build-debug/CMakeFiles/CMakeTmp

Run Build Command(s):C:/PROGRA~2/MINGW-~1/I686-8~1.0-P/mingw32/bin/mingw32-make.exe -f Makefile cmTC_935b1/fast && C:/PROGRA~2/MINGW-~1/I686-8~1.0-P/mingw32/bin/mingw32-make.exe  -f CMakeFiles\cmTC_935b1.dir\build.make CMakeFiles/cmTC_935b1.dir/build
mingw32-make.exe[1]: Entering directory 'C:/Users/Iurii/CLionProjects/Task_30_4_2_Grab_header/cmake-build-debug/CMakeFiles/CMakeTmp'
Building C object CMakeFiles/cmTC_935b1.dir/HAVE_SYS_FILIO_H.c.obj
C:\PROGRA~2\MINGW-~1\I686-8~1.0-P\mingw32\bin\gcc.exe   -pedantic -Wall -W -Wpointer-arith -Wwrite-strings -Wunused -Wshadow -Winline -Wnested-externs -Wmissing-declarations -Wmissing-prototypes -Wfloat-equal -Wsign-compare -Wundef -Wendif-labels -Wstrict-prototypes -Wdeclaration-after-statement -Wstrict-aliasing=3 -Wcast-align -Wtype-limits -Wold-style-declaration -Wmissing-parameter-type -Wempty-body -Wclobbered -Wignored-qualifiers -Wconversion -Wvla -Wdouble-promotion -Wno-long-long -Wno-multichar -Wno-format-nonliteral -Wno-sign-conversion -Wno-system-headers -Wno-pedantic-ms-format     -D_WIN32_WINNT=0x0600 -D_WINSOCKAPI_= -DSECURITY_WIN32 -o CMakeFiles\cmTC_935b1.dir\HAVE_SYS_FILIO_H.c.obj -c C:\Users\Iurii\CLionProjects\Task_30_4_2_Grab_header\cmake-build-debug\CMakeFiles\CheckIncludeFiles\HAVE_SYS_FILIO_H.c
In file included from C:/PROGRA~2/MINGW-~1/I686-8~1.0-P/mingw32/i686-w64-mingw32/include/ws2tcpip.h:17,
                 from C:\Users\Iurii\CLionProjects\Task_30_4_2_Grab_header\cmake-build-debug\CMakeFiles\CheckIncludeFiles\HAVE_SYS_FILIO_H.c:4:
C:/PROGRA~2/MINGW-~1/I686-8~1.0-P/mingw32/i686-w64-mingw32/include/winsock2.h:15:2: warning: #warning Please include winsock2.h before windows.h [-Wcpp]
 #warning Please include winsock2.h before windows.h
  ^~~~~~~
C:\Users\Iurii\CLionProjects\Task_30_4_2_Grab_header\cmake-build-debug\CMakeFiles\CheckIncludeFiles\HAVE_SYS_FILIO_H.c:8:10: fatal error: sys/filio.h: No such file or directory
 #include <sys/filio.h>
          ^~~~~~~~~~~~~
compilation terminated.
mingw32-make.exe[1]: *** [CMakeFiles\cmTC_935b1.dir\build.make:77: CMakeFiles/cmTC_935b1.dir/HAVE_SYS_FILIO_H.c.obj] Error 1
mingw32-make.exe[1]: Leaving directory 'C:/Users/Iurii/CLionProjects/Task_30_4_2_Grab_header/cmake-build-debug/CMakeFiles/CMakeTmp'
mingw32-make.exe: *** [Makefile:126: cmTC_935b1/fast] Error 2


Source:
/* */
#include <windows.h>
#include <winsock.h>
#include <ws2tcpip.h>
#include <winsock2.h>
#include <wincrypt.h>
#include <stdio.h>
#include <sys/filio.h>


int main(void){return 0;}

Determining if files windows.h;winsock.h;ws2tcpip.h;winsock2.h;wincrypt.h;stdio.h;sys/ioctl.h exist failed with the following output:
Change Dir: C:/Users/Iurii/CLionProjects/Task_30_4_2_Grab_header/cmake-build-debug/CMakeFiles/CMakeTmp

Run Build Command(s):C:/PROGRA~2/MINGW-~1/I686-8~1.0-P/mingw32/bin/mingw32-make.exe -f Makefile cmTC_914ca/fast && C:/PROGRA~2/MINGW-~1/I686-8~1.0-P/mingw32/bin/mingw32-make.exe  -f CMakeFiles\cmTC_914ca.dir\build.make CMakeFiles/cmTC_914ca.dir/build
mingw32-make.exe[1]: Entering directory 'C:/Users/Iurii/CLionProjects/Task_30_4_2_Grab_header/cmake-build-debug/CMakeFiles/CMakeTmp'
Building C object CMakeFiles/cmTC_914ca.dir/HAVE_SYS_IOCTL_H.c.obj
C:\PROGRA~2\MINGW-~1\I686-8~1.0-P\mingw32\bin\gcc.exe   -pedantic -Wall -W -Wpointer-arith -Wwrite-strings -Wunused -Wshadow -Winline -Wnested-externs -Wmissing-declarations -Wmissing-prototypes -Wfloat-equal -Wsign-compare -Wundef -Wendif-labels -Wstrict-prototypes -Wdeclaration-after-statement -Wstrict-aliasing=3 -Wcast-align -Wtype-limits -Wold-style-declaration -Wmissing-parameter-type -Wempty-body -Wclobbered -Wignored-qualifiers -Wconversion -Wvla -Wdouble-promotion -Wno-long-long -Wno-multichar -Wno-format-nonliteral -Wno-sign-conversion -Wno-system-headers -Wno-pedantic-ms-format     -D_WIN32_WINNT=0x0600 -D_WINSOCKAPI_= -DSECURITY_WIN32 -o CMakeFiles\cmTC_914ca.dir\HAVE_SYS_IOCTL_H.c.obj -c C:\Users\Iurii\CLionProjects\Task_30_4_2_Grab_header\cmake-build-debug\CMakeFiles\CheckIncludeFiles\HAVE_SYS_IOCTL_H.c
In file included from C:/PROGRA~2/MINGW-~1/I686-8~1.0-P/mingw32/i686-w64-mingw32/include/ws2tcpip.h:17,
                 from C:\Users\Iurii\CLionProjects\Task_30_4_2_Grab_header\cmake-build-debug\CMakeFiles\CheckIncludeFiles\HAVE_SYS_IOCTL_H.c:4:
C:/PROGRA~2/MINGW-~1/I686-8~1.0-P/mingw32/i686-w64-mingw32/include/winsock2.h:15:2: warning: #warning Please include winsock2.h before windows.h [-Wcpp]
 #warning Please include winsock2.h before windows.h
  ^~~~~~~
C:\Users\Iurii\CLionProjects\Task_30_4_2_Grab_header\cmake-build-debug\CMakeFiles\CheckIncludeFiles\HAVE_SYS_IOCTL_H.c:8:10: fatal error: sys/ioctl.h: No such file or directory
 #include <sys/ioctl.h>
          ^~~~~~~~~~~~~
compilation terminated.
mingw32-make.exe[1]: *** [CMakeFiles\cmTC_914ca.dir\build.make:77: CMakeFiles/cmTC_914ca.dir/HAVE_SYS_IOCTL_H.c.obj] Error 1
mingw32-make.exe[1]: Leaving directory 'C:/Users/Iurii/CLionProjects/Task_30_4_2_Grab_header/cmake-build-debug/CMakeFiles/CMakeTmp'
mingw32-make.exe: *** [Makefile:126: cmTC_914ca/fast] Error 2


Source:
/* */
#include <windows.h>
#include <winsock.h>
#include <ws2tcpip.h>
#include <winsock2.h>
#include <wincrypt.h>
#include <stdio.h>
#include <sys/ioctl.h>


int main(void){return 0;}

Determining if files windows.h;winsock.h;ws2tcpip.h;winsock2.h;wincrypt.h;stdio.h;sys/resource.h exist failed with the following output:
Change Dir: C:/Users/Iurii/CLionProjects/Task_30_4_2_Grab_header/cmake-build-debug/CMakeFiles/CMakeTmp

Run Build Command(s):C:/PROGRA~2/MINGW-~1/I686-8~1.0-P/mingw32/bin/mingw32-make.exe -f Makefile cmTC_8e3be/fast && C:/PROGRA~2/MINGW-~1/I686-8~1.0-P/mingw32/bin/mingw32-make.exe  -f CMakeFiles\cmTC_8e3be.dir\build.make CMakeFiles/cmTC_8e3be.dir/build
mingw32-make.exe[1]: Entering directory 'C:/Users/Iurii/CLionProjects/Task_30_4_2_Grab_header/cmake-build-debug/CMakeFiles/CMakeTmp'
Building C object CMakeFiles/cmTC_8e3be.dir/HAVE_SYS_RESOURCE_H.c.obj
C:\PROGRA~2\MINGW-~1\I686-8~1.0-P\mingw32\bin\gcc.exe   -pedantic -Wall -W -Wpointer-arith -Wwrite-strings -Wunused -Wshadow -Winline -Wnested-externs -Wmissing-declarations -Wmissing-prototypes -Wfloat-equal -Wsign-compare -Wundef -Wendif-labels -Wstrict-prototypes -Wdeclaration-after-statement -Wstrict-aliasing=3 -Wcast-align -Wtype-limits -Wold-style-declaration -Wmissing-parameter-type -Wempty-body -Wclobbered -Wignored-qualifiers -Wconversion -Wvla -Wdouble-promotion -Wno-long-long -Wno-multichar -Wno-format-nonliteral -Wno-sign-conversion -Wno-system-headers -Wno-pedantic-ms-format     -D_WIN32_WINNT=0x0600 -D_WINSOCKAPI_= -DSECURITY_WIN32 -o CMakeFiles\cmTC_8e3be.dir\HAVE_SYS_RESOURCE_H.c.obj -c C:\Users\Iurii\CLionProjects\Task_30_4_2_Grab_header\cmake-build-debug\CMakeFiles\CheckIncludeFiles\HAVE_SYS_RESOURCE_H.c
In file included from C:/PROGRA~2/MINGW-~1/I686-8~1.0-P/mingw32/i686-w64-mingw32/include/ws2tcpip.h:17,
                 from C:\Users\Iurii\CLionProjects\Task_30_4_2_Grab_header\cmake-build-debug\CMakeFiles\CheckIncludeFiles\HAVE_SYS_RESOURCE_H.c:4:
C:/PROGRA~2/MINGW-~1/I686-8~1.0-P/mingw32/i686-w64-mingw32/include/winsock2.h:15:2: warning: #warning Please include winsock2.h before windows.h [-Wcpp]
 #warning Please include winsock2.h before windows.h
  ^~~~~~~
C:\Users\Iurii\CLionProjects\Task_30_4_2_Grab_header\cmake-build-debug\CMakeFiles\CheckIncludeFiles\HAVE_SYS_RESOURCE_H.c:8:10: fatal error: sys/resource.h: No such file or directory
 #include <sys/resource.h>
          ^~~~~~~~~~~~~~~~
compilation terminated.
mingw32-make.exe[1]: *** [CMakeFiles\cmTC_8e3be.dir\build.make:77: CMakeFiles/cmTC_8e3be.dir/HAVE_SYS_RESOURCE_H.c.obj] Error 1
mingw32-make.exe[1]: Leaving directory 'C:/Users/Iurii/CLionProjects/Task_30_4_2_Grab_header/cmake-build-debug/CMakeFiles/CMakeTmp'
mingw32-make.exe: *** [Makefile:126: cmTC_8e3be/fast] Error 2


Source:
/* */
#include <windows.h>
#include <winsock.h>
#include <ws2tcpip.h>
#include <winsock2.h>
#include <wincrypt.h>
#include <stdio.h>
#include <sys/resource.h>


int main(void){return 0;}

Determining if files windows.h;winsock.h;ws2tcpip.h;winsock2.h;wincrypt.h;stdio.h;sys/stat.h;sys/types.h;sys/uio.h exist failed with the following output:
Change Dir: C:/Users/Iurii/CLionProjects/Task_30_4_2_Grab_header/cmake-build-debug/CMakeFiles/CMakeTmp

Run Build Command(s):C:/PROGRA~2/MINGW-~1/I686-8~1.0-P/mingw32/bin/mingw32-make.exe -f Makefile cmTC_76929/fast && C:/PROGRA~2/MINGW-~1/I686-8~1.0-P/mingw32/bin/mingw32-make.exe  -f CMakeFiles\cmTC_76929.dir\build.make CMakeFiles/cmTC_76929.dir/build
mingw32-make.exe[1]: Entering directory 'C:/Users/Iurii/CLionProjects/Task_30_4_2_Grab_header/cmake-build-debug/CMakeFiles/CMakeTmp'
Building C object CMakeFiles/cmTC_76929.dir/HAVE_SYS_UIO_H.c.obj
C:\PROGRA~2\MINGW-~1\I686-8~1.0-P\mingw32\bin\gcc.exe   -pedantic -Wall -W -Wpointer-arith -Wwrite-strings -Wunused -Wshadow -Winline -Wnested-externs -Wmissing-declarations -Wmissing-prototypes -Wfloat-equal -Wsign-compare -Wundef -Wendif-labels -Wstrict-prototypes -Wdeclaration-after-statement -Wstrict-aliasing=3 -Wcast-align -Wtype-limits -Wold-style-declaration -Wmissing-parameter-type -Wempty-body -Wclobbered -Wignored-qualifiers -Wconversion -Wvla -Wdouble-promotion -Wno-long-long -Wno-multichar -Wno-format-nonliteral -Wno-sign-conversion -Wno-system-headers -Wno-pedantic-ms-format     -D_WIN32_WINNT=0x0600 -D_WINSOCKAPI_= -DSECURITY_WIN32 -o CMakeFiles\cmTC_76929.dir\HAVE_SYS_UIO_H.c.obj -c C:\Users\Iurii\CLionProjects\Task_30_4_2_Grab_header\cmake-build-debug\CMakeFiles\CheckIncludeFiles\HAVE_SYS_UIO_H.c
In file included from C:/PROGRA~2/MINGW-~1/I686-8~1.0-P/mingw32/i686-w64-mingw32/include/ws2tcpip.h:17,
                 from C:\Users\Iurii\CLionProjects\Task_30_4_2_Grab_header\cmake-build-debug\CMakeFiles\CheckIncludeFiles\HAVE_SYS_UIO_H.c:4:
C:/PROGRA~2/MINGW-~1/I686-8~1.0-P/mingw32/i686-w64-mingw32/include/winsock2.h:15:2: warning: #warning Please include winsock2.h before windows.h [-Wcpp]
 #warning Please include winsock2.h before windows.h
  ^~~~~~~
C:\Users\Iurii\CLionProjects\Task_30_4_2_Grab_header\cmake-build-debug\CMakeFiles\CheckIncludeFiles\HAVE_SYS_UIO_H.c:10:10: fatal error: sys/uio.h: No such file or directory
 #include <sys/uio.h>
          ^~~~~~~~~~~
compilation terminated.
mingw32-make.exe[1]: *** [CMakeFiles\cmTC_76929.dir\build.make:77: CMakeFiles/cmTC_76929.dir/HAVE_SYS_UIO_H.c.obj] Error 1
mingw32-make.exe[1]: Leaving directory 'C:/Users/Iurii/CLionProjects/Task_30_4_2_Grab_header/cmake-build-debug/CMakeFiles/CMakeTmp'
mingw32-make.exe: *** [Makefile:126: cmTC_76929/fast] Error 2


Source:
/* */
#include <windows.h>
#include <winsock.h>
#include <ws2tcpip.h>
#include <winsock2.h>
#include <wincrypt.h>
#include <stdio.h>
#include <sys/stat.h>
#include <sys/types.h>
#include <sys/uio.h>


int main(void){return 0;}

Determining if files windows.h;winsock.h;ws2tcpip.h;winsock2.h;wincrypt.h;stdio.h;sys/stat.h;sys/types.h;sys/un.h exist failed with the following output:
Change Dir: C:/Users/Iurii/CLionProjects/Task_30_4_2_Grab_header/cmake-build-debug/CMakeFiles/CMakeTmp

Run Build Command(s):C:/PROGRA~2/MINGW-~1/I686-8~1.0-P/mingw32/bin/mingw32-make.exe -f Makefile cmTC_dccd4/fast && C:/PROGRA~2/MINGW-~1/I686-8~1.0-P/mingw32/bin/mingw32-make.exe  -f CMakeFiles\cmTC_dccd4.dir\build.make CMakeFiles/cmTC_dccd4.dir/build
mingw32-make.exe[1]: Entering directory 'C:/Users/Iurii/CLionProjects/Task_30_4_2_Grab_header/cmake-build-debug/CMakeFiles/CMakeTmp'
Building C object CMakeFiles/cmTC_dccd4.dir/HAVE_SYS_UN_H.c.obj
C:\PROGRA~2\MINGW-~1\I686-8~1.0-P\mingw32\bin\gcc.exe   -pedantic -Wall -W -Wpointer-arith -Wwrite-strings -Wunused -Wshadow -Winline -Wnested-externs -Wmissing-declarations -Wmissing-prototypes -Wfloat-equal -Wsign-compare -Wundef -Wendif-labels -Wstrict-prototypes -Wdeclaration-after-statement -Wstrict-aliasing=3 -Wcast-align -Wtype-limits -Wold-style-declaration -Wmissing-parameter-type -Wempty-body -Wclobbered -Wignored-qualifiers -Wconversion -Wvla -Wdouble-promotion -Wno-long-long -Wno-multichar -Wno-format-nonliteral -Wno-sign-conversion -Wno-system-headers -Wno-pedantic-ms-format     -D_WIN32_WINNT=0x0600 -D_WINSOCKAPI_= -DSECURITY_WIN32 -o CMakeFiles\cmTC_dccd4.dir\HAVE_SYS_UN_H.c.obj -c C:\Users\Iurii\CLionProjects\Task_30_4_2_Grab_header\cmake-build-debug\CMakeFiles\CheckIncludeFiles\HAVE_SYS_UN_H.c
In file included from C:/PROGRA~2/MINGW-~1/I686-8~1.0-P/mingw32/i686-w64-mingw32/include/ws2tcpip.h:17,
                 from C:\Users\Iurii\CLionProjects\Task_30_4_2_Grab_header\cmake-build-debug\CMakeFiles\CheckIncludeFiles\HAVE_SYS_UN_H.c:4:
C:/PROGRA~2/MINGW-~1/I686-8~1.0-P/mingw32/i686-w64-mingw32/include/winsock2.h:15:2: warning: #warning Please include winsock2.h before windows.h [-Wcpp]
 #warning Please include winsock2.h before windows.h
  ^~~~~~~
C:\Users\Iurii\CLionProjects\Task_30_4_2_Grab_header\cmake-build-debug\CMakeFiles\CheckIncludeFiles\HAVE_SYS_UN_H.c:10:10: fatal error: sys/un.h: No such file or directory
 #include <sys/un.h>
          ^~~~~~~~~~
compilation terminated.
mingw32-make.exe[1]: *** [CMakeFiles\cmTC_dccd4.dir\build.make:77: CMakeFiles/cmTC_dccd4.dir/HAVE_SYS_UN_H.c.obj] Error 1
mingw32-make.exe[1]: Leaving directory 'C:/Users/Iurii/CLionProjects/Task_30_4_2_Grab_header/cmake-build-debug/CMakeFiles/CMakeTmp'
mingw32-make.exe: *** [Makefile:126: cmTC_dccd4/fast] Error 2


Source:
/* */
#include <windows.h>
#include <winsock.h>
#include <ws2tcpip.h>
#include <winsock2.h>
#include <wincrypt.h>
#include <stdio.h>
#include <sys/stat.h>
#include <sys/types.h>
#include <sys/un.h>


int main(void){return 0;}

Determining if files windows.h;winsock.h;ws2tcpip.h;winsock2.h;wincrypt.h;stdio.h;sys/stat.h;sys/types.h;sys/utime.h;sys/xattr.h exist failed with the following output:
Change Dir: C:/Users/Iurii/CLionProjects/Task_30_4_2_Grab_header/cmake-build-debug/CMakeFiles/CMakeTmp

Run Build Command(s):C:/PROGRA~2/MINGW-~1/I686-8~1.0-P/mingw32/bin/mingw32-make.exe -f Makefile cmTC_e4cdb/fast && C:/PROGRA~2/MINGW-~1/I686-8~1.0-P/mingw32/bin/mingw32-make.exe  -f CMakeFiles\cmTC_e4cdb.dir\build.make CMakeFiles/cmTC_e4cdb.dir/build
mingw32-make.exe[1]: Entering directory 'C:/Users/Iurii/CLionProjects/Task_30_4_2_Grab_header/cmake-build-debug/CMakeFiles/CMakeTmp'
Building C object CMakeFiles/cmTC_e4cdb.dir/HAVE_SYS_XATTR_H.c.obj
C:\PROGRA~2\MINGW-~1\I686-8~1.0-P\mingw32\bin\gcc.exe   -pedantic -Wall -W -Wpointer-arith -Wwrite-strings -Wunused -Wshadow -Winline -Wnested-externs -Wmissing-declarations -Wmissing-prototypes -Wfloat-equal -Wsign-compare -Wundef -Wendif-labels -Wstrict-prototypes -Wdeclaration-after-statement -Wstrict-aliasing=3 -Wcast-align -Wtype-limits -Wold-style-declaration -Wmissing-parameter-type -Wempty-body -Wclobbered -Wignored-qualifiers -Wconversion -Wvla -Wdouble-promotion -Wno-long-long -Wno-multichar -Wno-format-nonliteral -Wno-sign-conversion -Wno-system-headers -Wno-pedantic-ms-format     -D_WIN32_WINNT=0x0600 -D_WINSOCKAPI_= -DSECURITY_WIN32 -o CMakeFiles\cmTC_e4cdb.dir\HAVE_SYS_XATTR_H.c.obj -c C:\Users\Iurii\CLionProjects\Task_30_4_2_Grab_header\cmake-build-debug\CMakeFiles\CheckIncludeFiles\HAVE_SYS_XATTR_H.c
In file included from C:/PROGRA~2/MINGW-~1/I686-8~1.0-P/mingw32/i686-w64-mingw32/include/ws2tcpip.h:17,
                 from C:\Users\Iurii\CLionProjects\Task_30_4_2_Grab_header\cmake-build-debug\CMakeFiles\CheckIncludeFiles\HAVE_SYS_XATTR_H.c:4:
C:/PROGRA~2/MINGW-~1/I686-8~1.0-P/mingw32/i686-w64-mingw32/include/winsock2.h:15:2: warning: #warning Please include winsock2.h before windows.h [-Wcpp]
 #warning Please include winsock2.h before windows.h
  ^~~~~~~
C:\Users\Iurii\CLionProjects\Task_30_4_2_Grab_header\cmake-build-debug\CMakeFiles\CheckIncludeFiles\HAVE_SYS_XATTR_H.c:11:10: fatal error: sys/xattr.h: No such file or directory
 #include <sys/xattr.h>
          ^~~~~~~~~~~~~
compilation terminated.
mingw32-make.exe[1]: *** [CMakeFiles\cmTC_e4cdb.dir\build.make:77: CMakeFiles/cmTC_e4cdb.dir/HAVE_SYS_XATTR_H.c.obj] Error 1
mingw32-make.exe[1]: Leaving directory 'C:/Users/Iurii/CLionProjects/Task_30_4_2_Grab_header/cmake-build-debug/CMakeFiles/CMakeTmp'
mingw32-make.exe: *** [Makefile:126: cmTC_e4cdb/fast] Error 2


Source:
/* */
#include <windows.h>
#include <winsock.h>
#include <ws2tcpip.h>
#include <winsock2.h>
#include <wincrypt.h>
#include <stdio.h>
#include <sys/stat.h>
#include <sys/types.h>
#include <sys/utime.h>
#include <sys/xattr.h>


int main(void){return 0;}

Determining if files windows.h;winsock.h;ws2tcpip.h;winsock2.h;wincrypt.h;stdio.h;sys/stat.h;sys/types.h;sys/utime.h;arpa/tftp.h exist failed with the following output:
Change Dir: C:/Users/Iurii/CLionProjects/Task_30_4_2_Grab_header/cmake-build-debug/CMakeFiles/CMakeTmp

Run Build Command(s):C:/PROGRA~2/MINGW-~1/I686-8~1.0-P/mingw32/bin/mingw32-make.exe -f Makefile cmTC_58324/fast && C:/PROGRA~2/MINGW-~1/I686-8~1.0-P/mingw32/bin/mingw32-make.exe  -f CMakeFiles\cmTC_58324.dir\build.make CMakeFiles/cmTC_58324.dir/build
mingw32-make.exe[1]: Entering directory 'C:/Users/Iurii/CLionProjects/Task_30_4_2_Grab_header/cmake-build-debug/CMakeFiles/CMakeTmp'
Building C object CMakeFiles/cmTC_58324.dir/HAVE_ARPA_TFTP_H.c.obj
C:\PROGRA~2\MINGW-~1\I686-8~1.0-P\mingw32\bin\gcc.exe   -pedantic -Wall -W -Wpointer-arith -Wwrite-strings -Wunused -Wshadow -Winline -Wnested-externs -Wmissing-declarations -Wmissing-prototypes -Wfloat-equal -Wsign-compare -Wundef -Wendif-labels -Wstrict-prototypes -Wdeclaration-after-statement -Wstrict-aliasing=3 -Wcast-align -Wtype-limits -Wold-style-declaration -Wmissing-parameter-type -Wempty-body -Wclobbered -Wignored-qualifiers -Wconversion -Wvla -Wdouble-promotion -Wno-long-long -Wno-multichar -Wno-format-nonliteral -Wno-sign-conversion -Wno-system-headers -Wno-pedantic-ms-format     -D_WIN32_WINNT=0x0600 -D_WINSOCKAPI_= -DSECURITY_WIN32 -o CMakeFiles\cmTC_58324.dir\HAVE_ARPA_TFTP_H.c.obj -c C:\Users\Iurii\CLionProjects\Task_30_4_2_Grab_header\cmake-build-debug\CMakeFiles\CheckIncludeFiles\HAVE_ARPA_TFTP_H.c
In file included from C:/PROGRA~2/MINGW-~1/I686-8~1.0-P/mingw32/i686-w64-mingw32/include/ws2tcpip.h:17,
                 from C:\Users\Iurii\CLionProjects\Task_30_4_2_Grab_header\cmake-build-debug\CMakeFiles\CheckIncludeFiles\HAVE_ARPA_TFTP_H.c:4:
C:/PROGRA~2/MINGW-~1/I686-8~1.0-P/mingw32/i686-w64-mingw32/include/winsock2.h:15:2: warning: #warning Please include winsock2.h before windows.h [-Wcpp]
 #warning Please include winsock2.h before windows.h
  ^~~~~~~
C:\Users\Iurii\CLionProjects\Task_30_4_2_Grab_header\cmake-build-debug\CMakeFiles\CheckIncludeFiles\HAVE_ARPA_TFTP_H.c:11:10: fatal error: arpa/tftp.h: No such file or directory
 #include <arpa/tftp.h>
          ^~~~~~~~~~~~~
compilation terminated.
mingw32-make.exe[1]: *** [CMakeFiles\cmTC_58324.dir\build.make:77: CMakeFiles/cmTC_58324.dir/HAVE_ARPA_TFTP_H.c.obj] Error 1
mingw32-make.exe[1]: Leaving directory 'C:/Users/Iurii/CLionProjects/Task_30_4_2_Grab_header/cmake-build-debug/CMakeFiles/CMakeTmp'
mingw32-make.exe: *** [Makefile:126: cmTC_58324/fast] Error 2


Source:
/* */
#include <windows.h>
#include <winsock.h>
#include <ws2tcpip.h>
#include <winsock2.h>
#include <wincrypt.h>
#include <stdio.h>
#include <sys/stat.h>
#include <sys/types.h>
#include <sys/utime.h>
#include <arpa/tftp.h>


int main(void){return 0;}

Determining if files windows.h;winsock.h;ws2tcpip.h;winsock2.h;wincrypt.h;stdio.h;sys/stat.h;sys/types.h;sys/utime.h;assert.h;errno.h;fcntl.h;idn2.h exist failed with the following output:
Change Dir: C:/Users/Iurii/CLionProjects/Task_30_4_2_Grab_header/cmake-build-debug/CMakeFiles/CMakeTmp

Run Build Command(s):C:/PROGRA~2/MINGW-~1/I686-8~1.0-P/mingw32/bin/mingw32-make.exe -f Makefile cmTC_e8a58/fast && C:/PROGRA~2/MINGW-~1/I686-8~1.0-P/mingw32/bin/mingw32-make.exe  -f CMakeFiles\cmTC_e8a58.dir\build.make CMakeFiles/cmTC_e8a58.dir/build
mingw32-make.exe[1]: Entering directory 'C:/Users/Iurii/CLionProjects/Task_30_4_2_Grab_header/cmake-build-debug/CMakeFiles/CMakeTmp'
Building C object CMakeFiles/cmTC_e8a58.dir/HAVE_IDN2_H.c.obj
C:\PROGRA~2\MINGW-~1\I686-8~1.0-P\mingw32\bin\gcc.exe   -pedantic -Wall -W -Wpointer-arith -Wwrite-strings -Wunused -Wshadow -Winline -Wnested-externs -Wmissing-declarations -Wmissing-prototypes -Wfloat-equal -Wsign-compare -Wundef -Wendif-labels -Wstrict-prototypes -Wdeclaration-after-statement -Wstrict-aliasing=3 -Wcast-align -Wtype-limits -Wold-style-declaration -Wmissing-parameter-type -Wempty-body -Wclobbered -Wignored-qualifiers -Wconversion -Wvla -Wdouble-promotion -Wno-long-long -Wno-multichar -Wno-format-nonliteral -Wno-sign-conversion -Wno-system-headers -Wno-pedantic-ms-format     -D_WIN32_WINNT=0x0600 -D_WINSOCKAPI_= -DSECURITY_WIN32 -o CMakeFiles\cmTC_e8a58.dir\HAVE_IDN2_H.c.obj -c C:\Users\Iurii\CLionProjects\Task_30_4_2_Grab_header\cmake-build-debug\CMakeFiles\CheckIncludeFiles\HAVE_IDN2_H.c
In file included from C:/PROGRA~2/MINGW-~1/I686-8~1.0-P/mingw32/i686-w64-mingw32/include/ws2tcpip.h:17,
                 from C:\Users\Iurii\CLionProjects\Task_30_4_2_Grab_header\cmake-build-debug\CMakeFiles\CheckIncludeFiles\HAVE_IDN2_H.c:4:
C:/PROGRA~2/MINGW-~1/I686-8~1.0-P/mingw32/i686-w64-mingw32/include/winsock2.h:15:2: warning: #warning Please include winsock2.h before windows.h [-Wcpp]
 #warning Please include winsock2.h before windows.h
  ^~~~~~~
C:\Users\Iurii\CLionProjects\Task_30_4_2_Grab_header\cmake-build-debug\CMakeFiles\CheckIncludeFiles\HAVE_IDN2_H.c:14:10: fatal error: idn2.h: No such file or directory
 #include <idn2.h>
          ^~~~~~~~
compilation terminated.
mingw32-make.exe[1]: *** [CMakeFiles\cmTC_e8a58.dir\build.make:77: CMakeFiles/cmTC_e8a58.dir/HAVE_IDN2_H.c.obj] Error 1
mingw32-make.exe[1]: Leaving directory 'C:/Users/Iurii/CLionProjects/Task_30_4_2_Grab_header/cmake-build-debug/CMakeFiles/CMakeTmp'
mingw32-make.exe: *** [Makefile:126: cmTC_e8a58/fast] Error 2


Source:
/* */
#include <windows.h>
#include <winsock.h>
#include <ws2tcpip.h>
#include <winsock2.h>
#include <wincrypt.h>
#include <stdio.h>
#include <sys/stat.h>
#include <sys/types.h>
#include <sys/utime.h>
#include <assert.h>
#include <errno.h>
#include <fcntl.h>
#include <idn2.h>


int main(void){return 0;}

Determining if files windows.h;winsock.h;ws2tcpip.h;winsock2.h;wincrypt.h;stdio.h;sys/stat.h;sys/types.h;sys/utime.h;assert.h;errno.h;fcntl.h;ifaddrs.h exist failed with the following output:
Change Dir: C:/Users/Iurii/CLionProjects/Task_30_4_2_Grab_header/cmake-build-debug/CMakeFiles/CMakeTmp

Run Build Command(s):C:/PROGRA~2/MINGW-~1/I686-8~1.0-P/mingw32/bin/mingw32-make.exe -f Makefile cmTC_c0c8b/fast && C:/PROGRA~2/MINGW-~1/I686-8~1.0-P/mingw32/bin/mingw32-make.exe  -f CMakeFiles\cmTC_c0c8b.dir\build.make CMakeFiles/cmTC_c0c8b.dir/build
mingw32-make.exe[1]: Entering directory 'C:/Users/Iurii/CLionProjects/Task_30_4_2_Grab_header/cmake-build-debug/CMakeFiles/CMakeTmp'
Building C object CMakeFiles/cmTC_c0c8b.dir/HAVE_IFADDRS_H.c.obj
C:\PROGRA~2\MINGW-~1\I686-8~1.0-P\mingw32\bin\gcc.exe   -pedantic -Wall -W -Wpointer-arith -Wwrite-strings -Wunused -Wshadow -Winline -Wnested-externs -Wmissing-declarations -Wmissing-prototypes -Wfloat-equal -Wsign-compare -Wundef -Wendif-labels -Wstrict-prototypes -Wdeclaration-after-statement -Wstrict-aliasing=3 -Wcast-align -Wtype-limits -Wold-style-declaration -Wmissing-parameter-type -Wempty-body -Wclobbered -Wignored-qualifiers -Wconversion -Wvla -Wdouble-promotion -Wno-long-long -Wno-multichar -Wno-format-nonliteral -Wno-sign-conversion -Wno-system-headers -Wno-pedantic-ms-format     -D_WIN32_WINNT=0x0600 -D_WINSOCKAPI_= -DSECURITY_WIN32 -o CMakeFiles\cmTC_c0c8b.dir\HAVE_IFADDRS_H.c.obj -c C:\Users\Iurii\CLionProjects\Task_30_4_2_Grab_header\cmake-build-debug\CMakeFiles\CheckIncludeFiles\HAVE_IFADDRS_H.c
In file included from C:/PROGRA~2/MINGW-~1/I686-8~1.0-P/mingw32/i686-w64-mingw32/include/ws2tcpip.h:17,
                 from C:\Users\Iurii\CLionProjects\Task_30_4_2_Grab_header\cmake-build-debug\CMakeFiles\CheckIncludeFiles\HAVE_IFADDRS_H.c:4:
C:/PROGRA~2/MINGW-~1/I686-8~1.0-P/mingw32/i686-w64-mingw32/include/winsock2.h:15:2: warning: #warning Please include winsock2.h before windows.h [-Wcpp]
 #warning Please include winsock2.h before windows.h
  ^~~~~~~
C:\Users\Iurii\CLionProjects\Task_30_4_2_Grab_header\cmake-build-debug\CMakeFiles\CheckIncludeFiles\HAVE_IFADDRS_H.c:14:10: fatal error: ifaddrs.h: No such file or directory
 #include <ifaddrs.h>
          ^~~~~~~~~~~
compilation terminated.
mingw32-make.exe[1]: *** [CMakeFiles\cmTC_c0c8b.dir\build.make:77: CMakeFiles/cmTC_c0c8b.dir/HAVE_IFADDRS_H.c.obj] Error 1
mingw32-make.exe[1]: Leaving directory 'C:/Users/Iurii/CLionProjects/Task_30_4_2_Grab_header/cmake-build-debug/CMakeFiles/CMakeTmp'
mingw32-make.exe: *** [Makefile:126: cmTC_c0c8b/fast] Error 2


Source:
/* */
#include <windows.h>
#include <winsock.h>
#include <ws2tcpip.h>
#include <winsock2.h>
#include <wincrypt.h>
#include <stdio.h>
#include <sys/stat.h>
#include <sys/types.h>
#include <sys/utime.h>
#include <assert.h>
#include <errno.h>
#include <fcntl.h>
#include <ifaddrs.h>


int main(void){return 0;}

Determining if files windows.h;winsock.h;ws2tcpip.h;winsock2.h;wincrypt.h;stdio.h;sys/stat.h;sys/types.h;sys/utime.h;assert.h;errno.h;fcntl.h;io.h;krb.h exist failed with the following output:
Change Dir: C:/Users/Iurii/CLionProjects/Task_30_4_2_Grab_header/cmake-build-debug/CMakeFiles/CMakeTmp

Run Build Command(s):C:/PROGRA~2/MINGW-~1/I686-8~1.0-P/mingw32/bin/mingw32-make.exe -f Makefile cmTC_180fa/fast && C:/PROGRA~2/MINGW-~1/I686-8~1.0-P/mingw32/bin/mingw32-make.exe  -f CMakeFiles\cmTC_180fa.dir\build.make CMakeFiles/cmTC_180fa.dir/build
mingw32-make.exe[1]: Entering directory 'C:/Users/Iurii/CLionProjects/Task_30_4_2_Grab_header/cmake-build-debug/CMakeFiles/CMakeTmp'
Building C object CMakeFiles/cmTC_180fa.dir/HAVE_KRB_H.c.obj
C:\PROGRA~2\MINGW-~1\I686-8~1.0-P\mingw32\bin\gcc.exe   -pedantic -Wall -W -Wpointer-arith -Wwrite-strings -Wunused -Wshadow -Winline -Wnested-externs -Wmissing-declarations -Wmissing-prototypes -Wfloat-equal -Wsign-compare -Wundef -Wendif-labels -Wstrict-prototypes -Wdeclaration-after-statement -Wstrict-aliasing=3 -Wcast-align -Wtype-limits -Wold-style-declaration -Wmissing-parameter-type -Wempty-body -Wclobbered -Wignored-qualifiers -Wconversion -Wvla -Wdouble-promotion -Wno-long-long -Wno-multichar -Wno-format-nonliteral -Wno-sign-conversion -Wno-system-headers -Wno-pedantic-ms-format     -D_WIN32_WINNT=0x0600 -D_WINSOCKAPI_= -DSECURITY_WIN32 -o CMakeFiles\cmTC_180fa.dir\HAVE_KRB_H.c.obj -c C:\Users\Iurii\CLionProjects\Task_30_4_2_Grab_header\cmake-build-debug\CMakeFiles\CheckIncludeFiles\HAVE_KRB_H.c
In file included from C:/PROGRA~2/MINGW-~1/I686-8~1.0-P/mingw32/i686-w64-mingw32/include/ws2tcpip.h:17,
                 from C:\Users\Iurii\CLionProjects\Task_30_4_2_Grab_header\cmake-build-debug\CMakeFiles\CheckIncludeFiles\HAVE_KRB_H.c:4:
C:/PROGRA~2/MINGW-~1/I686-8~1.0-P/mingw32/i686-w64-mingw32/include/winsock2.h:15:2: warning: #warning Please include winsock2.h before windows.h [-Wcpp]
 #warning Please include winsock2.h before windows.h
  ^~~~~~~
C:\Users\Iurii\CLionProjects\Task_30_4_2_Grab_header\cmake-build-debug\CMakeFiles\CheckIncludeFiles\HAVE_KRB_H.c:15:10: fatal error: krb.h: No such file or directory
 #include <krb.h>
          ^~~~~~~
compilation terminated.
mingw32-make.exe[1]: *** [CMakeFiles\cmTC_180fa.dir\build.make:77: CMakeFiles/cmTC_180fa.dir/HAVE_KRB_H.c.obj] Error 1
mingw32-make.exe[1]: Leaving directory 'C:/Users/Iurii/CLionProjects/Task_30_4_2_Grab_header/cmake-build-debug/CMakeFiles/CMakeTmp'
mingw32-make.exe: *** [Makefile:126: cmTC_180fa/fast] Error 2


Source:
/* */
#include <windows.h>
#include <winsock.h>
#include <ws2tcpip.h>
#include <winsock2.h>
#include <wincrypt.h>
#include <stdio.h>
#include <sys/stat.h>
#include <sys/types.h>
#include <sys/utime.h>
#include <assert.h>
#include <errno.h>
#include <fcntl.h>
#include <io.h>
#include <krb.h>


int main(void){return 0;}

Determining if files windows.h;winsock.h;ws2tcpip.h;winsock2.h;wincrypt.h;stdio.h;sys/stat.h;sys/types.h;sys/utime.h;assert.h;errno.h;fcntl.h;io.h;libgen.h;locale.h;netinet/tcp.h exist failed with the following output:
Change Dir: C:/Users/Iurii/CLionProjects/Task_30_4_2_Grab_header/cmake-build-debug/CMakeFiles/CMakeTmp

Run Build Command(s):C:/PROGRA~2/MINGW-~1/I686-8~1.0-P/mingw32/bin/mingw32-make.exe -f Makefile cmTC_de1bf/fast && C:/PROGRA~2/MINGW-~1/I686-8~1.0-P/mingw32/bin/mingw32-make.exe  -f CMakeFiles\cmTC_de1bf.dir\build.make CMakeFiles/cmTC_de1bf.dir/build
mingw32-make.exe[1]: Entering directory 'C:/Users/Iurii/CLionProjects/Task_30_4_2_Grab_header/cmake-build-debug/CMakeFiles/CMakeTmp'
Building C object CMakeFiles/cmTC_de1bf.dir/HAVE_NETINET_TCP_H.c.obj
C:\PROGRA~2\MINGW-~1\I686-8~1.0-P\mingw32\bin\gcc.exe   -pedantic -Wall -W -Wpointer-arith -Wwrite-strings -Wunused -Wshadow -Winline -Wnested-externs -Wmissing-declarations -Wmissing-prototypes -Wfloat-equal -Wsign-compare -Wundef -Wendif-labels -Wstrict-prototypes -Wdeclaration-after-statement -Wstrict-aliasing=3 -Wcast-align -Wtype-limits -Wold-style-declaration -Wmissing-parameter-type -Wempty-body -Wclobbered -Wignored-qualifiers -Wconversion -Wvla -Wdouble-promotion -Wno-long-long -Wno-multichar -Wno-format-nonliteral -Wno-sign-conversion -Wno-system-headers -Wno-pedantic-ms-format     -D_WIN32_WINNT=0x0600 -D_WINSOCKAPI_= -DSECURITY_WIN32 -o CMakeFiles\cmTC_de1bf.dir\HAVE_NETINET_TCP_H.c.obj -c C:\Users\Iurii\CLionProjects\Task_30_4_2_Grab_header\cmake-build-debug\CMakeFiles\CheckIncludeFiles\HAVE_NETINET_TCP_H.c
In file included from C:/PROGRA~2/MINGW-~1/I686-8~1.0-P/mingw32/i686-w64-mingw32/include/ws2tcpip.h:17,
                 from C:\Users\Iurii\CLionProjects\Task_30_4_2_Grab_header\cmake-build-debug\CMakeFiles\CheckIncludeFiles\HAVE_NETINET_TCP_H.c:4:
C:/PROGRA~2/MINGW-~1/I686-8~1.0-P/mingw32/i686-w64-mingw32/include/winsock2.h:15:2: warning: #warning Please include winsock2.h before windows.h [-Wcpp]
 #warning Please include winsock2.h before windows.h
  ^~~~~~~
C:\Users\Iurii\CLionProjects\Task_30_4_2_Grab_header\cmake-build-debug\CMakeFiles\CheckIncludeFiles\HAVE_NETINET_TCP_H.c:17:10: fatal error: netinet/tcp.h: No such file or directory
 #include <netinet/tcp.h>
          ^~~~~~~~~~~~~~~
compilation terminated.
mingw32-make.exe[1]: *** [CMakeFiles\cmTC_de1bf.dir\build.make:77: CMakeFiles/cmTC_de1bf.dir/HAVE_NETINET_TCP_H.c.obj] Error 1
mingw32-make.exe[1]: Leaving directory 'C:/Users/Iurii/CLionProjects/Task_30_4_2_Grab_header/cmake-build-debug/CMakeFiles/CMakeTmp'
mingw32-make.exe: *** [Makefile:126: cmTC_de1bf/fast] Error 2


Source:
/* */
#include <windows.h>
#include <winsock.h>
#include <ws2tcpip.h>
#include <winsock2.h>
#include <wincrypt.h>
#include <stdio.h>
#include <sys/stat.h>
#include <sys/types.h>
#include <sys/utime.h>
#include <assert.h>
#include <errno.h>
#include <fcntl.h>
#include <io.h>
#include <libgen.h>
#include <locale.h>
#include <netinet/tcp.h>


int main(void){return 0;}

Determining if the include file linux/tcp.h exists failed with the following output:
Change Dir: C:/Users/Iurii/CLionProjects/Task_30_4_2_Grab_header/cmake-build-debug/CMakeFiles/CMakeTmp

Run Build Command(s):C:/PROGRA~2/MINGW-~1/I686-8~1.0-P/mingw32/bin/mingw32-make.exe -f Makefile cmTC_50c43/fast && C:/PROGRA~2/MINGW-~1/I686-8~1.0-P/mingw32/bin/mingw32-make.exe  -f CMakeFiles\cmTC_50c43.dir\build.make CMakeFiles/cmTC_50c43.dir/build
mingw32-make.exe[1]: Entering directory 'C:/Users/Iurii/CLionProjects/Task_30_4_2_Grab_header/cmake-build-debug/CMakeFiles/CMakeTmp'
Building C object CMakeFiles/cmTC_50c43.dir/CheckIncludeFile.c.obj
C:\PROGRA~2\MINGW-~1\I686-8~1.0-P\mingw32\bin\gcc.exe   -pedantic -Wall -W -Wpointer-arith -Wwrite-strings -Wunused -Wshadow -Winline -Wnested-externs -Wmissing-declarations -Wmissing-prototypes -Wfloat-equal -Wsign-compare -Wundef -Wendif-labels -Wstrict-prototypes -Wdeclaration-after-statement -Wstrict-aliasing=3 -Wcast-align -Wtype-limits -Wold-style-declaration -Wmissing-parameter-type -Wempty-body -Wclobbered -Wignored-qualifiers -Wconversion -Wvla -Wdouble-promotion -Wno-long-long -Wno-multichar -Wno-format-nonliteral -Wno-sign-conversion -Wno-system-headers -Wno-pedantic-ms-format     -D_WIN32_WINNT=0x0600 -D_WINSOCKAPI_= -DSECURITY_WIN32 -o CMakeFiles\cmTC_50c43.dir\CheckIncludeFile.c.obj -c C:\Users\Iurii\CLionProjects\Task_30_4_2_Grab_header\cmake-build-debug\CMakeFiles\CMakeTmp\CheckIncludeFile.c
C:\Users\Iurii\CLionProjects\Task_30_4_2_Grab_header\cmake-build-debug\CMakeFiles\CMakeTmp\CheckIncludeFile.c:1:10: fatal error: linux/tcp.h: No such file or directory
 #include <linux/tcp.h>
          ^~~~~~~~~~~~~
compilation terminated.
mingw32-make.exe[1]: *** [CMakeFiles\cmTC_50c43.dir\build.make:77: CMakeFiles/cmTC_50c43.dir/CheckIncludeFile.c.obj] Error 1
mingw32-make.exe[1]: Leaving directory 'C:/Users/Iurii/CLionProjects/Task_30_4_2_Grab_header/cmake-build-debug/CMakeFiles/CMakeTmp'
mingw32-make.exe: *** [Makefile:126: cmTC_50c43/fast] Error 2



Determining if files windows.h;winsock.h;ws2tcpip.h;winsock2.h;wincrypt.h;stdio.h;sys/stat.h;sys/types.h;sys/utime.h;assert.h;errno.h;fcntl.h;io.h;libgen.h;locale.h;pem.h exist failed with the following output:
Change Dir: C:/Users/Iurii/CLionProjects/Task_30_4_2_Grab_header/cmake-build-debug/CMakeFiles/CMakeTmp

Run Build Command(s):C:/PROGRA~2/MINGW-~1/I686-8~1.0-P/mingw32/bin/mingw32-make.exe -f Makefile cmTC_278fa/fast && C:/PROGRA~2/MINGW-~1/I686-8~1.0-P/mingw32/bin/mingw32-make.exe  -f CMakeFiles\cmTC_278fa.dir\build.make CMakeFiles/cmTC_278fa.dir/build
mingw32-make.exe[1]: Entering directory 'C:/Users/Iurii/CLionProjects/Task_30_4_2_Grab_header/cmake-build-debug/CMakeFiles/CMakeTmp'
Building C object CMakeFiles/cmTC_278fa.dir/HAVE_PEM_H.c.obj
C:\PROGRA~2\MINGW-~1\I686-8~1.0-P\mingw32\bin\gcc.exe   -pedantic -Wall -W -Wpointer-arith -Wwrite-strings -Wunused -Wshadow -Winline -Wnested-externs -Wmissing-declarations -Wmissing-prototypes -Wfloat-equal -Wsign-compare -Wundef -Wendif-labels -Wstrict-prototypes -Wdeclaration-after-statement -Wstrict-aliasing=3 -Wcast-align -Wtype-limits -Wold-style-declaration -Wmissing-parameter-type -Wempty-body -Wclobbered -Wignored-qualifiers -Wconversion -Wvla -Wdouble-promotion -Wno-long-long -Wno-multichar -Wno-format-nonliteral -Wno-sign-conversion -Wno-system-headers -Wno-pedantic-ms-format     -D_WIN32_WINNT=0x0600 -D_WINSOCKAPI_= -DSECURITY_WIN32 -o CMakeFiles\cmTC_278fa.dir\HAVE_PEM_H.c.obj -c C:\Users\Iurii\CLionProjects\Task_30_4_2_Grab_header\cmake-build-debug\CMakeFiles\CheckIncludeFiles\HAVE_PEM_H.c
In file included from C:/PROGRA~2/MINGW-~1/I686-8~1.0-P/mingw32/i686-w64-mingw32/include/ws2tcpip.h:17,
                 from C:\Users\Iurii\CLionProjects\Task_30_4_2_Grab_header\cmake-build-debug\CMakeFiles\CheckIncludeFiles\HAVE_PEM_H.c:4:
C:/PROGRA~2/MINGW-~1/I686-8~1.0-P/mingw32/i686-w64-mingw32/include/winsock2.h:15:2: warning: #warning Please include winsock2.h before windows.h [-Wcpp]
 #warning Please include winsock2.h before windows.h
  ^~~~~~~
C:\Users\Iurii\CLionProjects\Task_30_4_2_Grab_header\cmake-build-debug\CMakeFiles\CheckIncludeFiles\HAVE_PEM_H.c:17:10: fatal error: pem.h: No such file or directory
 #include <pem.h>
          ^~~~~~~
compilation terminated.
mingw32-make.exe[1]: *** [CMakeFiles\cmTC_278fa.dir\build.make:77: CMakeFiles/cmTC_278fa.dir/HAVE_PEM_H.c.obj] Error 1
mingw32-make.exe[1]: Leaving directory 'C:/Users/Iurii/CLionProjects/Task_30_4_2_Grab_header/cmake-build-debug/CMakeFiles/CMakeTmp'
mingw32-make.exe: *** [Makefile:126: cmTC_278fa/fast] Error 2


Source:
/* */
#include <windows.h>
#include <winsock.h>
#include <ws2tcpip.h>
#include <winsock2.h>
#include <wincrypt.h>
#include <stdio.h>
#include <sys/stat.h>
#include <sys/types.h>
#include <sys/utime.h>
#include <assert.h>
#include <errno.h>
#include <fcntl.h>
#include <io.h>
#include <libgen.h>
#include <locale.h>
#include <pem.h>


int main(void){return 0;}

Determining if files windows.h;winsock.h;ws2tcpip.h;winsock2.h;wincrypt.h;stdio.h;sys/stat.h;sys/types.h;sys/utime.h;assert.h;errno.h;fcntl.h;io.h;libgen.h;locale.h;poll.h exist failed with the following output:
Change Dir: C:/Users/Iurii/CLionProjects/Task_30_4_2_Grab_header/cmake-build-debug/CMakeFiles/CMakeTmp

Run Build Command(s):C:/PROGRA~2/MINGW-~1/I686-8~1.0-P/mingw32/bin/mingw32-make.exe -f Makefile cmTC_1f78e/fast && C:/PROGRA~2/MINGW-~1/I686-8~1.0-P/mingw32/bin/mingw32-make.exe  -f CMakeFiles\cmTC_1f78e.dir\build.make CMakeFiles/cmTC_1f78e.dir/build
mingw32-make.exe[1]: Entering directory 'C:/Users/Iurii/CLionProjects/Task_30_4_2_Grab_header/cmake-build-debug/CMakeFiles/CMakeTmp'
Building C object CMakeFiles/cmTC_1f78e.dir/HAVE_POLL_H.c.obj
C:\PROGRA~2\MINGW-~1\I686-8~1.0-P\mingw32\bin\gcc.exe   -pedantic -Wall -W -Wpointer-arith -Wwrite-strings -Wunused -Wshadow -Winline -Wnested-externs -Wmissing-declarations -Wmissing-prototypes -Wfloat-equal -Wsign-compare -Wundef -Wendif-labels -Wstrict-prototypes -Wdeclaration-after-statement -Wstrict-aliasing=3 -Wcast-align -Wtype-limits -Wold-style-declaration -Wmissing-parameter-type -Wempty-body -Wclobbered -Wignored-qualifiers -Wconversion -Wvla -Wdouble-promotion -Wno-long-long -Wno-multichar -Wno-format-nonliteral -Wno-sign-conversion -Wno-system-headers -Wno-pedantic-ms-format     -D_WIN32_WINNT=0x0600 -D_WINSOCKAPI_= -DSECURITY_WIN32 -o CMakeFiles\cmTC_1f78e.dir\HAVE_POLL_H.c.obj -c C:\Users\Iurii\CLionProjects\Task_30_4_2_Grab_header\cmake-build-debug\CMakeFiles\CheckIncludeFiles\HAVE_POLL_H.c
In file included from C:/PROGRA~2/MINGW-~1/I686-8~1.0-P/mingw32/i686-w64-mingw32/include/ws2tcpip.h:17,
                 from C:\Users\Iurii\CLionProjects\Task_30_4_2_Grab_header\cmake-build-debug\CMakeFiles\CheckIncludeFiles\HAVE_POLL_H.c:4:
C:/PROGRA~2/MINGW-~1/I686-8~1.0-P/mingw32/i686-w64-mingw32/include/winsock2.h:15:2: warning: #warning Please include winsock2.h before windows.h [-Wcpp]
 #warning Please include winsock2.h before windows.h
  ^~~~~~~
C:\Users\Iurii\CLionProjects\Task_30_4_2_Grab_header\cmake-build-debug\CMakeFiles\CheckIncludeFiles\HAVE_POLL_H.c:17:10: fatal error: poll.h: No such file or directory
 #include <poll.h>
          ^~~~~~~~
compilation terminated.
mingw32-make.exe[1]: *** [CMakeFiles\cmTC_1f78e.dir\build.make:77: CMakeFiles/cmTC_1f78e.dir/HAVE_POLL_H.c.obj] Error 1
mingw32-make.exe[1]: Leaving directory 'C:/Users/Iurii/CLionProjects/Task_30_4_2_Grab_header/cmake-build-debug/CMakeFiles/CMakeTmp'
mingw32-make.exe: *** [Makefile:126: cmTC_1f78e/fast] Error 2


Source:
/* */
#include <windows.h>
#include <winsock.h>
#include <ws2tcpip.h>
#include <winsock2.h>
#include <wincrypt.h>
#include <stdio.h>
#include <sys/stat.h>
#include <sys/types.h>
#include <sys/utime.h>
#include <assert.h>
#include <errno.h>
#include <fcntl.h>
#include <io.h>
#include <libgen.h>
#include <locale.h>
#include <poll.h>


int main(void){return 0;}

Determining if files windows.h;winsock.h;ws2tcpip.h;winsock2.h;wincrypt.h;stdio.h;sys/stat.h;sys/types.h;sys/utime.h;assert.h;errno.h;fcntl.h;io.h;libgen.h;locale.h;setjmp.h;signal.h;ssl.h exist failed with the following output:
Change Dir: C:/Users/Iurii/CLionProjects/Task_30_4_2_Grab_header/cmake-build-debug/CMakeFiles/CMakeTmp

Run Build Command(s):C:/PROGRA~2/MINGW-~1/I686-8~1.0-P/mingw32/bin/mingw32-make.exe -f Makefile cmTC_d801b/fast && C:/PROGRA~2/MINGW-~1/I686-8~1.0-P/mingw32/bin/mingw32-make.exe  -f CMakeFiles\cmTC_d801b.dir\build.make CMakeFiles/cmTC_d801b.dir/build
mingw32-make.exe[1]: Entering directory 'C:/Users/Iurii/CLionProjects/Task_30_4_2_Grab_header/cmake-build-debug/CMakeFiles/CMakeTmp'
Building C object CMakeFiles/cmTC_d801b.dir/HAVE_SSL_H.c.obj
C:\PROGRA~2\MINGW-~1\I686-8~1.0-P\mingw32\bin\gcc.exe   -pedantic -Wall -W -Wpointer-arith -Wwrite-strings -Wunused -Wshadow -Winline -Wnested-externs -Wmissing-declarations -Wmissing-prototypes -Wfloat-equal -Wsign-compare -Wundef -Wendif-labels -Wstrict-prototypes -Wdeclaration-after-statement -Wstrict-aliasing=3 -Wcast-align -Wtype-limits -Wold-style-declaration -Wmissing-parameter-type -Wempty-body -Wclobbered -Wignored-qualifiers -Wconversion -Wvla -Wdouble-promotion -Wno-long-long -Wno-multichar -Wno-format-nonliteral -Wno-sign-conversion -Wno-system-headers -Wno-pedantic-ms-format     -D_WIN32_WINNT=0x0600 -D_WINSOCKAPI_= -DSECURITY_WIN32 -o CMakeFiles\cmTC_d801b.dir\HAVE_SSL_H.c.obj -c C:\Users\Iurii\CLionProjects\Task_30_4_2_Grab_header\cmake-build-debug\CMakeFiles\CheckIncludeFiles\HAVE_SSL_H.c
In file included from C:/PROGRA~2/MINGW-~1/I686-8~1.0-P/mingw32/i686-w64-mingw32/include/ws2tcpip.h:17,
                 from C:\Users\Iurii\CLionProjects\Task_30_4_2_Grab_header\cmake-build-debug\CMakeFiles\CheckIncludeFiles\HAVE_SSL_H.c:4:
C:/PROGRA~2/MINGW-~1/I686-8~1.0-P/mingw32/i686-w64-mingw32/include/winsock2.h:15:2: warning: #warning Please include winsock2.h before windows.h [-Wcpp]
 #warning Please include winsock2.h before windows.h
  ^~~~~~~
C:\Users\Iurii\CLionProjects\Task_30_4_2_Grab_header\cmake-build-debug\CMakeFiles\CheckIncludeFiles\HAVE_SSL_H.c:19:10: fatal error: ssl.h: No such file or directory
 #include <ssl.h>
          ^~~~~~~
compilation terminated.
mingw32-make.exe[1]: *** [CMakeFiles\cmTC_d801b.dir\build.make:77: CMakeFiles/cmTC_d801b.dir/HAVE_SSL_H.c.obj] Error 1
mingw32-make.exe[1]: Leaving directory 'C:/Users/Iurii/CLionProjects/Task_30_4_2_Grab_header/cmake-build-debug/CMakeFiles/CMakeTmp'
mingw32-make.exe: *** [Makefile:126: cmTC_d801b/fast] Error 2


Source:
/* */
#include <windows.h>
#include <winsock.h>
#include <ws2tcpip.h>
#include <winsock2.h>
#include <wincrypt.h>
#include <stdio.h>
#include <sys/stat.h>
#include <sys/types.h>
#include <sys/utime.h>
#include <assert.h>
#include <errno.h>
#include <fcntl.h>
#include <io.h>
#include <libgen.h>
#include <locale.h>
#include <setjmp.h>
#include <signal.h>
#include <ssl.h>


int main(void){return 0;}

Determining if files windows.h;winsock.h;ws2tcpip.h;winsock2.h;wincrypt.h;stdio.h;sys/stat.h;sys/types.h;sys/utime.h;assert.h;errno.h;fcntl.h;io.h;libgen.h;locale.h;setjmp.h;signal.h;stdbool.h;stdio.h;stdlib.h;string.h;stropts.h exist failed with the following output:
Change Dir: C:/Users/Iurii/CLionProjects/Task_30_4_2_Grab_header/cmake-build-debug/CMakeFiles/CMakeTmp

Run Build Command(s):C:/PROGRA~2/MINGW-~1/I686-8~1.0-P/mingw32/bin/mingw32-make.exe -f Makefile cmTC_78309/fast && C:/PROGRA~2/MINGW-~1/I686-8~1.0-P/mingw32/bin/mingw32-make.exe  -f CMakeFiles\cmTC_78309.dir\build.make CMakeFiles/cmTC_78309.dir/build
mingw32-make.exe[1]: Entering directory 'C:/Users/Iurii/CLionProjects/Task_30_4_2_Grab_header/cmake-build-debug/CMakeFiles/CMakeTmp'
Building C object CMakeFiles/cmTC_78309.dir/HAVE_STROPTS_H.c.obj
C:\PROGRA~2\MINGW-~1\I686-8~1.0-P\mingw32\bin\gcc.exe   -pedantic -Wall -W -Wpointer-arith -Wwrite-strings -Wunused -Wshadow -Winline -Wnested-externs -Wmissing-declarations -Wmissing-prototypes -Wfloat-equal -Wsign-compare -Wundef -Wendif-labels -Wstrict-prototypes -Wdeclaration-after-statement -Wstrict-aliasing=3 -Wcast-align -Wtype-limits -Wold-style-declaration -Wmissing-parameter-type -Wempty-body -Wclobbered -Wignored-qualifiers -Wconversion -Wvla -Wdouble-promotion -Wno-long-long -Wno-multichar -Wno-format-nonliteral -Wno-sign-conversion -Wno-system-headers -Wno-pedantic-ms-format     -D_WIN32_WINNT=0x0600 -D_WINSOCKAPI_= -DSECURITY_WIN32 -o CMakeFiles\cmTC_78309.dir\HAVE_STROPTS_H.c.obj -c C:\Users\Iurii\CLionProjects\Task_30_4_2_Grab_header\cmake-build-debug\CMakeFiles\CheckIncludeFiles\HAVE_STROPTS_H.c
In file included from C:/PROGRA~2/MINGW-~1/I686-8~1.0-P/mingw32/i686-w64-mingw32/include/ws2tcpip.h:17,
                 from C:\Users\Iurii\CLionProjects\Task_30_4_2_Grab_header\cmake-build-debug\CMakeFiles\CheckIncludeFiles\HAVE_STROPTS_H.c:4:
C:/PROGRA~2/MINGW-~1/I686-8~1.0-P/mingw32/i686-w64-mingw32/include/winsock2.h:15:2: warning: #warning Please include winsock2.h before windows.h [-Wcpp]
 #warning Please include winsock2.h before windows.h
  ^~~~~~~
C:\Users\Iurii\CLionProjects\Task_30_4_2_Grab_header\cmake-build-debug\CMakeFiles\CheckIncludeFiles\HAVE_STROPTS_H.c:23:10: fatal error: stropts.h: No such file or directory
 #include <stropts.h>
          ^~~~~~~~~~~
compilation terminated.
mingw32-make.exe[1]: *** [CMakeFiles\cmTC_78309.dir\build.make:77: CMakeFiles/cmTC_78309.dir/HAVE_STROPTS_H.c.obj] Error 1
mingw32-make.exe[1]: Leaving directory 'C:/Users/Iurii/CLionProjects/Task_30_4_2_Grab_header/cmake-build-debug/CMakeFiles/CMakeTmp'
mingw32-make.exe: *** [Makefile:126: cmTC_78309/fast] Error 2


Source:
/* */
#include <windows.h>
#include <winsock.h>
#include <ws2tcpip.h>
#include <winsock2.h>
#include <wincrypt.h>
#include <stdio.h>
#include <sys/stat.h>
#include <sys/types.h>
#include <sys/utime.h>
#include <assert.h>
#include <errno.h>
#include <fcntl.h>
#include <io.h>
#include <libgen.h>
#include <locale.h>
#include <setjmp.h>
#include <signal.h>
#include <stdbool.h>
#include <stdio.h>
#include <stdlib.h>
#include <string.h>
#include <stropts.h>


int main(void){return 0;}

Determining if files windows.h;winsock.h;ws2tcpip.h;winsock2.h;wincrypt.h;stdio.h;sys/stat.h;sys/types.h;sys/utime.h;assert.h;errno.h;fcntl.h;io.h;libgen.h;locale.h;setjmp.h;signal.h;stdbool.h;stdio.h;stdlib.h;string.h;time.h;process.h;stddef.h;malloc.h;memory.h;sys/utsname.h exist failed with the following output:
Change Dir: C:/Users/Iurii/CLionProjects/Task_30_4_2_Grab_header/cmake-build-debug/CMakeFiles/CMakeTmp

Run Build Command(s):C:/PROGRA~2/MINGW-~1/I686-8~1.0-P/mingw32/bin/mingw32-make.exe -f Makefile cmTC_c3d46/fast && C:/PROGRA~2/MINGW-~1/I686-8~1.0-P/mingw32/bin/mingw32-make.exe  -f CMakeFiles\cmTC_c3d46.dir\build.make CMakeFiles/cmTC_c3d46.dir/build
mingw32-make.exe[1]: Entering directory 'C:/Users/Iurii/CLionProjects/Task_30_4_2_Grab_header/cmake-build-debug/CMakeFiles/CMakeTmp'
Building C object CMakeFiles/cmTC_c3d46.dir/HAVE_SYS_UTSNAME_H.c.obj
C:\PROGRA~2\MINGW-~1\I686-8~1.0-P\mingw32\bin\gcc.exe   -pedantic -Wall -W -Wpointer-arith -Wwrite-strings -Wunused -Wshadow -Winline -Wnested-externs -Wmissing-declarations -Wmissing-prototypes -Wfloat-equal -Wsign-compare -Wundef -Wendif-labels -Wstrict-prototypes -Wdeclaration-after-statement -Wstrict-aliasing=3 -Wcast-align -Wtype-limits -Wold-style-declaration -Wmissing-parameter-type -Wempty-body -Wclobbered -Wignored-qualifiers -Wconversion -Wvla -Wdouble-promotion -Wno-long-long -Wno-multichar -Wno-format-nonliteral -Wno-sign-conversion -Wno-system-headers -Wno-pedantic-ms-format     -D_WIN32_WINNT=0x0600 -D_WINSOCKAPI_= -DSECURITY_WIN32 -o CMakeFiles\cmTC_c3d46.dir\HAVE_SYS_UTSNAME_H.c.obj -c C:\Users\Iurii\CLionProjects\Task_30_4_2_Grab_header\cmake-build-debug\CMakeFiles\CheckIncludeFiles\HAVE_SYS_UTSNAME_H.c
In file included from C:/PROGRA~2/MINGW-~1/I686-8~1.0-P/mingw32/i686-w64-mingw32/include/ws2tcpip.h:17,
                 from C:\Users\Iurii\CLionProjects\Task_30_4_2_Grab_header\cmake-build-debug\CMakeFiles\CheckIncludeFiles\HAVE_SYS_UTSNAME_H.c:4:
C:/PROGRA~2/MINGW-~1/I686-8~1.0-P/mingw32/i686-w64-mingw32/include/winsock2.h:15:2: warning: #warning Please include winsock2.h before windows.h [-Wcpp]
 #warning Please include winsock2.h before windows.h
  ^~~~~~~
C:\Users\Iurii\CLionProjects\Task_30_4_2_Grab_header\cmake-build-debug\CMakeFiles\CheckIncludeFiles\HAVE_SYS_UTSNAME_H.c:28:10: fatal error: sys/utsname.h: No such file or directory
 #include <sys/utsname.h>
          ^~~~~~~~~~~~~~~
compilation terminated.
mingw32-make.exe[1]: *** [CMakeFiles\cmTC_c3d46.dir\build.make:77: CMakeFiles/cmTC_c3d46.dir/HAVE_SYS_UTSNAME_H.c.obj] Error 1
mingw32-make.exe[1]: Leaving directory 'C:/Users/Iurii/CLionProjects/Task_30_4_2_Grab_header/cmake-build-debug/CMakeFiles/CMakeTmp'
mingw32-make.exe: *** [Makefile:126: cmTC_c3d46/fast] Error 2


Source:
/* */
#include <windows.h>
#include <winsock.h>
#include <ws2tcpip.h>
#include <winsock2.h>
#include <wincrypt.h>
#include <stdio.h>
#include <sys/stat.h>
#include <sys/types.h>
#include <sys/utime.h>
#include <assert.h>
#include <errno.h>
#include <fcntl.h>
#include <io.h>
#include <libgen.h>
#include <locale.h>
#include <setjmp.h>
#include <signal.h>
#include <stdbool.h>
#include <stdio.h>
#include <stdlib.h>
#include <string.h>
#include <time.h>
#include <process.h>
#include <stddef.h>
#include <malloc.h>
#include <memory.h>
#include <sys/utsname.h>


int main(void){return 0;}

Determining if the strncmpi exist failed with the following output:
Change Dir: C:/Users/Iurii/CLionProjects/Task_30_4_2_Grab_header/cmake-build-debug/CMakeFiles/CMakeTmp

Run Build Command(s):C:/PROGRA~2/MINGW-~1/I686-8~1.0-P/mingw32/bin/mingw32-make.exe -f Makefile cmTC_20c4f/fast && C:/PROGRA~2/MINGW-~1/I686-8~1.0-P/mingw32/bin/mingw32-make.exe  -f CMakeFiles\cmTC_20c4f.dir\build.make CMakeFiles/cmTC_20c4f.dir/build
mingw32-make.exe[1]: Entering directory 'C:/Users/Iurii/CLionProjects/Task_30_4_2_Grab_header/cmake-build-debug/CMakeFiles/CMakeTmp'
Building C object CMakeFiles/cmTC_20c4f.dir/CheckSymbolExists.c.obj
C:\PROGRA~2\MINGW-~1\I686-8~1.0-P\mingw32\bin\gcc.exe   -pedantic -Wall -W -Wpointer-arith -Wwrite-strings -Wunused -Wshadow -Winline -Wnested-externs -Wmissing-declarations -Wmissing-prototypes -Wfloat-equal -Wsign-compare -Wundef -Wendif-labels -Wstrict-prototypes -Wdeclaration-after-statement -Wstrict-aliasing=3 -Wcast-align -Wtype-limits -Wold-style-declaration -Wmissing-parameter-type -Wempty-body -Wclobbered -Wignored-qualifiers -Wconversion -Wvla -Wdouble-promotion -Wno-long-long -Wno-multichar -Wno-format-nonliteral -Wno-sign-conversion -Wno-system-headers -Wno-pedantic-ms-format     -D_WIN32_WINNT=0x0600 -D_WINSOCKAPI_= -DSECURITY_WIN32 -o CMakeFiles\cmTC_20c4f.dir\CheckSymbolExists.c.obj -c C:\Users\Iurii\CLionProjects\Task_30_4_2_Grab_header\cmake-build-debug\CMakeFiles\CMakeTmp\CheckSymbolExists.c
In file included from C:/PROGRA~2/MINGW-~1/I686-8~1.0-P/mingw32/i686-w64-mingw32/include/ws2tcpip.h:17,
                 from C:\Users\Iurii\CLionProjects\Task_30_4_2_Grab_header\cmake-build-debug\CMakeFiles\CMakeTmp\CheckSymbolExists.c:4:
C:/PROGRA~2/MINGW-~1/I686-8~1.0-P/mingw32/i686-w64-mingw32/include/winsock2.h:15:2: warning: #warning Please include winsock2.h before windows.h [-Wcpp]
 #warning Please include winsock2.h before windows.h
  ^~~~~~~
C:\Users\Iurii\CLionProjects\Task_30_4_2_Grab_header\cmake-build-debug\CMakeFiles\CMakeTmp\CheckSymbolExists.c: In function 'main':
C:\Users\Iurii\CLionProjects\Task_30_4_2_Grab_header\cmake-build-debug\CMakeFiles\CMakeTmp\CheckSymbolExists.c:33:19: error: 'strncmpi' undeclared (first use in this function); did you mean 'strcmpi'?
   return ((int*)(&strncmpi))[argc];
                   ^~~~~~~~
                   strcmpi
C:\Users\Iurii\CLionProjects\Task_30_4_2_Grab_header\cmake-build-debug\CMakeFiles\CMakeTmp\CheckSymbolExists.c:33:19: note: each undeclared identifier is reported only once for each function it appears in
C:\Users\Iurii\CLionProjects\Task_30_4_2_Grab_header\cmake-build-debug\CMakeFiles\CMakeTmp\CheckSymbolExists.c:29:14: warning: parameter 'argc' set but not used [-Wunused-but-set-parameter]
 int main(int argc, char** argv)
          ~~~~^~~~
mingw32-make.exe[1]: *** [CMakeFiles\cmTC_20c4f.dir\build.make:77: CMakeFiles/cmTC_20c4f.dir/CheckSymbolExists.c.obj] Error 1
mingw32-make.exe[1]: Leaving directory 'C:/Users/Iurii/CLionProjects/Task_30_4_2_Grab_header/cmake-build-debug/CMakeFiles/CMakeTmp'
mingw32-make.exe: *** [Makefile:126: cmTC_20c4f/fast] Error 2


File C:/Users/Iurii/CLionProjects/Task_30_4_2_Grab_header/cmake-build-debug/CMakeFiles/CMakeTmp/CheckSymbolExists.c:
/* */
#include <windows.h>
#include <winsock.h>
#include <ws2tcpip.h>
#include <winsock2.h>
#include <wincrypt.h>
#include <stdio.h>
#include <sys/stat.h>
#include <sys/types.h>
#include <sys/utime.h>
#include <assert.h>
#include <errno.h>
#include <fcntl.h>
#include <io.h>
#include <libgen.h>
#include <locale.h>
#include <setjmp.h>
#include <signal.h>
#include <stdbool.h>
#include <stdio.h>
#include <stdlib.h>
#include <string.h>
#include <time.h>
#include <process.h>
#include <stddef.h>
#include <malloc.h>
#include <memory.h>

int main(int argc, char** argv)
{
  (void)argv;
#ifndef strncmpi
  return ((int*)(&strncmpi))[argc];
#else
  (void)argc;
  return 0;
#endif
}
Determining if the alarm exist failed with the following output:
Change Dir: C:/Users/Iurii/CLionProjects/Task_30_4_2_Grab_header/cmake-build-debug/CMakeFiles/CMakeTmp

Run Build Command(s):C:/PROGRA~2/MINGW-~1/I686-8~1.0-P/mingw32/bin/mingw32-make.exe -f Makefile cmTC_7605d/fast && C:/PROGRA~2/MINGW-~1/I686-8~1.0-P/mingw32/bin/mingw32-make.exe  -f CMakeFiles\cmTC_7605d.dir\build.make CMakeFiles/cmTC_7605d.dir/build
mingw32-make.exe[1]: Entering directory 'C:/Users/Iurii/CLionProjects/Task_30_4_2_Grab_header/cmake-build-debug/CMakeFiles/CMakeTmp'
Building C object CMakeFiles/cmTC_7605d.dir/CheckSymbolExists.c.obj
C:\PROGRA~2\MINGW-~1\I686-8~1.0-P\mingw32\bin\gcc.exe   -pedantic -Wall -W -Wpointer-arith -Wwrite-strings -Wunused -Wshadow -Winline -Wnested-externs -Wmissing-declarations -Wmissing-prototypes -Wfloat-equal -Wsign-compare -Wundef -Wendif-labels -Wstrict-prototypes -Wdeclaration-after-statement -Wstrict-aliasing=3 -Wcast-align -Wtype-limits -Wold-style-declaration -Wmissing-parameter-type -Wempty-body -Wclobbered -Wignored-qualifiers -Wconversion -Wvla -Wdouble-promotion -Wno-long-long -Wno-multichar -Wno-format-nonliteral -Wno-sign-conversion -Wno-system-headers -Wno-pedantic-ms-format     -D_WIN32_WINNT=0x0600 -D_WINSOCKAPI_= -DSECURITY_WIN32 -o CMakeFiles\cmTC_7605d.dir\CheckSymbolExists.c.obj -c C:\Users\Iurii\CLionProjects\Task_30_4_2_Grab_header\cmake-build-debug\CMakeFiles\CMakeTmp\CheckSymbolExists.c
In file included from C:/PROGRA~2/MINGW-~1/I686-8~1.0-P/mingw32/i686-w64-mingw32/include/ws2tcpip.h:17,
                 from C:\Users\Iurii\CLionProjects\Task_30_4_2_Grab_header\cmake-build-debug\CMakeFiles\CMakeTmp\CheckSymbolExists.c:4:
C:/PROGRA~2/MINGW-~1/I686-8~1.0-P/mingw32/i686-w64-mingw32/include/winsock2.h:15:2: warning: #warning Please include winsock2.h before windows.h [-Wcpp]
 #warning Please include winsock2.h before windows.h
  ^~~~~~~
C:\Users\Iurii\CLionProjects\Task_30_4_2_Grab_header\cmake-build-debug\CMakeFiles\CMakeTmp\CheckSymbolExists.c: In function 'main':
C:\Users\Iurii\CLionProjects\Task_30_4_2_Grab_header\cmake-build-debug\CMakeFiles\CMakeTmp\CheckSymbolExists.c:33:19: error: 'alarm' undeclared (first use in this function)
   return ((int*)(&alarm))[argc];
                   ^~~~~
C:\Users\Iurii\CLionProjects\Task_30_4_2_Grab_header\cmake-build-debug\CMakeFiles\CMakeTmp\CheckSymbolExists.c:33:19: note: each undeclared identifier is reported only once for each function it appears in
C:\Users\Iurii\CLionProjects\Task_30_4_2_Grab_header\cmake-build-debug\CMakeFiles\CMakeTmp\CheckSymbolExists.c:29:14: warning: parameter 'argc' set but not used [-Wunused-but-set-parameter]
 int main(int argc, char** argv)
          ~~~~^~~~
mingw32-make.exe[1]: *** [CMakeFiles\cmTC_7605d.dir\build.make:77: CMakeFiles/cmTC_7605d.dir/CheckSymbolExists.c.obj] Error 1
mingw32-make.exe[1]: Leaving directory 'C:/Users/Iurii/CLionProjects/Task_30_4_2_Grab_header/cmake-build-debug/CMakeFiles/CMakeTmp'
mingw32-make.exe: *** [Makefile:126: cmTC_7605d/fast] Error 2


File C:/Users/Iurii/CLionProjects/Task_30_4_2_Grab_header/cmake-build-debug/CMakeFiles/CMakeTmp/CheckSymbolExists.c:
/* */
#include <windows.h>
#include <winsock.h>
#include <ws2tcpip.h>
#include <winsock2.h>
#include <wincrypt.h>
#include <stdio.h>
#include <sys/stat.h>
#include <sys/types.h>
#include <sys/utime.h>
#include <assert.h>
#include <errno.h>
#include <fcntl.h>
#include <io.h>
#include <libgen.h>
#include <locale.h>
#include <setjmp.h>
#include <signal.h>
#include <stdbool.h>
#include <stdio.h>
#include <stdlib.h>
#include <string.h>
#include <time.h>
#include <process.h>
#include <stddef.h>
#include <malloc.h>
#include <memory.h>

int main(int argc, char** argv)
{
  (void)argv;
#ifndef alarm
  return ((int*)(&alarm))[argc];
#else
  (void)argc;
  return 0;
#endif
}
Determining if the getppid exist failed with the following output:
Change Dir: C:/Users/Iurii/CLionProjects/Task_30_4_2_Grab_header/cmake-build-debug/CMakeFiles/CMakeTmp

Run Build Command(s):C:/PROGRA~2/MINGW-~1/I686-8~1.0-P/mingw32/bin/mingw32-make.exe -f Makefile cmTC_3a4b4/fast && C:/PROGRA~2/MINGW-~1/I686-8~1.0-P/mingw32/bin/mingw32-make.exe  -f CMakeFiles\cmTC_3a4b4.dir\build.make CMakeFiles/cmTC_3a4b4.dir/build
mingw32-make.exe[1]: Entering directory 'C:/Users/Iurii/CLionProjects/Task_30_4_2_Grab_header/cmake-build-debug/CMakeFiles/CMakeTmp'
Building C object CMakeFiles/cmTC_3a4b4.dir/CheckSymbolExists.c.obj
C:\PROGRA~2\MINGW-~1\I686-8~1.0-P\mingw32\bin\gcc.exe   -pedantic -Wall -W -Wpointer-arith -Wwrite-strings -Wunused -Wshadow -Winline -Wnested-externs -Wmissing-declarations -Wmissing-prototypes -Wfloat-equal -Wsign-compare -Wundef -Wendif-labels -Wstrict-prototypes -Wdeclaration-after-statement -Wstrict-aliasing=3 -Wcast-align -Wtype-limits -Wold-style-declaration -Wmissing-parameter-type -Wempty-body -Wclobbered -Wignored-qualifiers -Wconversion -Wvla -Wdouble-promotion -Wno-long-long -Wno-multichar -Wno-format-nonliteral -Wno-sign-conversion -Wno-system-headers -Wno-pedantic-ms-format     -D_WIN32_WINNT=0x0600 -D_WINSOCKAPI_= -DSECURITY_WIN32 -o CMakeFiles\cmTC_3a4b4.dir\CheckSymbolExists.c.obj -c C:\Users\Iurii\CLionProjects\Task_30_4_2_Grab_header\cmake-build-debug\CMakeFiles\CMakeTmp\CheckSymbolExists.c
In file included from C:/PROGRA~2/MINGW-~1/I686-8~1.0-P/mingw32/i686-w64-mingw32/include/ws2tcpip.h:17,
                 from C:\Users\Iurii\CLionProjects\Task_30_4_2_Grab_header\cmake-build-debug\CMakeFiles\CMakeTmp\CheckSymbolExists.c:4:
C:/PROGRA~2/MINGW-~1/I686-8~1.0-P/mingw32/i686-w64-mingw32/include/winsock2.h:15:2: warning: #warning Please include winsock2.h before windows.h [-Wcpp]
 #warning Please include winsock2.h before windows.h
  ^~~~~~~
C:\Users\Iurii\CLionProjects\Task_30_4_2_Grab_header\cmake-build-debug\CMakeFiles\CMakeTmp\CheckSymbolExists.c: In function 'main':
C:\Users\Iurii\CLionProjects\Task_30_4_2_Grab_header\cmake-build-debug\CMakeFiles\CMakeTmp\CheckSymbolExists.c:33:19: error: 'getppid' undeclared (first use in this function); did you mean 'getpid'?
   return ((int*)(&getppid))[argc];
                   ^~~~~~~
                   getpid
C:\Users\Iurii\CLionProjects\Task_30_4_2_Grab_header\cmake-build-debug\CMakeFiles\CMakeTmp\CheckSymbolExists.c:33:19: note: each undeclared identifier is reported only once for each function it appears in
C:\Users\Iurii\CLionProjects\Task_30_4_2_Grab_header\cmake-build-debug\CMakeFiles\CMakeTmp\CheckSymbolExists.c:29:14: warning: parameter 'argc' set but not used [-Wunused-but-set-parameter]
 int main(int argc, char** argv)
          ~~~~^~~~
mingw32-make.exe[1]: *** [CMakeFiles\cmTC_3a4b4.dir\build.make:77: CMakeFiles/cmTC_3a4b4.dir/CheckSymbolExists.c.obj] Error 1
mingw32-make.exe[1]: Leaving directory 'C:/Users/Iurii/CLionProjects/Task_30_4_2_Grab_header/cmake-build-debug/CMakeFiles/CMakeTmp'
mingw32-make.exe: *** [Makefile:126: cmTC_3a4b4/fast] Error 2


File C:/Users/Iurii/CLionProjects/Task_30_4_2_Grab_header/cmake-build-debug/CMakeFiles/CMakeTmp/CheckSymbolExists.c:
/* */
#include <windows.h>
#include <winsock.h>
#include <ws2tcpip.h>
#include <winsock2.h>
#include <wincrypt.h>
#include <stdio.h>
#include <sys/stat.h>
#include <sys/types.h>
#include <sys/utime.h>
#include <assert.h>
#include <errno.h>
#include <fcntl.h>
#include <io.h>
#include <libgen.h>
#include <locale.h>
#include <setjmp.h>
#include <signal.h>
#include <stdbool.h>
#include <stdio.h>
#include <stdlib.h>
#include <string.h>
#include <time.h>
#include <process.h>
#include <stddef.h>
#include <malloc.h>
#include <memory.h>

int main(int argc, char** argv)
{
  (void)argv;
#ifndef getppid
  return ((int*)(&getppid))[argc];
#else
  (void)argc;
  return 0;
#endif
}
Determining if the utimes exist failed with the following output:
Change Dir: C:/Users/Iurii/CLionProjects/Task_30_4_2_Grab_header/cmake-build-debug/CMakeFiles/CMakeTmp

Run Build Command(s):C:/PROGRA~2/MINGW-~1/I686-8~1.0-P/mingw32/bin/mingw32-make.exe -f Makefile cmTC_d672e/fast && C:/PROGRA~2/MINGW-~1/I686-8~1.0-P/mingw32/bin/mingw32-make.exe  -f CMakeFiles\cmTC_d672e.dir\build.make CMakeFiles/cmTC_d672e.dir/build
mingw32-make.exe[1]: Entering directory 'C:/Users/Iurii/CLionProjects/Task_30_4_2_Grab_header/cmake-build-debug/CMakeFiles/CMakeTmp'
Building C object CMakeFiles/cmTC_d672e.dir/CheckSymbolExists.c.obj
C:\PROGRA~2\MINGW-~1\I686-8~1.0-P\mingw32\bin\gcc.exe   -pedantic -Wall -W -Wpointer-arith -Wwrite-strings -Wunused -Wshadow -Winline -Wnested-externs -Wmissing-declarations -Wmissing-prototypes -Wfloat-equal -Wsign-compare -Wundef -Wendif-labels -Wstrict-prototypes -Wdeclaration-after-statement -Wstrict-aliasing=3 -Wcast-align -Wtype-limits -Wold-style-declaration -Wmissing-parameter-type -Wempty-body -Wclobbered -Wignored-qualifiers -Wconversion -Wvla -Wdouble-promotion -Wno-long-long -Wno-multichar -Wno-format-nonliteral -Wno-sign-conversion -Wno-system-headers -Wno-pedantic-ms-format     -D_WIN32_WINNT=0x0600 -D_WINSOCKAPI_= -DSECURITY_WIN32 -o CMakeFiles\cmTC_d672e.dir\CheckSymbolExists.c.obj -c C:\Users\Iurii\CLionProjects\Task_30_4_2_Grab_header\cmake-build-debug\CMakeFiles\CMakeTmp\CheckSymbolExists.c
In file included from C:/PROGRA~2/MINGW-~1/I686-8~1.0-P/mingw32/i686-w64-mingw32/include/ws2tcpip.h:17,
                 from C:\Users\Iurii\CLionProjects\Task_30_4_2_Grab_header\cmake-build-debug\CMakeFiles\CMakeTmp\CheckSymbolExists.c:4:
C:/PROGRA~2/MINGW-~1/I686-8~1.0-P/mingw32/i686-w64-mingw32/include/winsock2.h:15:2: warning: #warning Please include winsock2.h before windows.h [-Wcpp]
 #warning Please include winsock2.h before windows.h
  ^~~~~~~
C:\Users\Iurii\CLionProjects\Task_30_4_2_Grab_header\cmake-build-debug\CMakeFiles\CMakeTmp\CheckSymbolExists.c: In function 'main':
C:\Users\Iurii\CLionProjects\Task_30_4_2_Grab_header\cmake-build-debug\CMakeFiles\CMakeTmp\CheckSymbolExists.c:33:19: error: 'utimes' undeclared (first use in this function); did you mean 'utime'?
   return ((int*)(&utimes))[argc];
                   ^~~~~~
                   utime
C:\Users\Iurii\CLionProjects\Task_30_4_2_Grab_header\cmake-build-debug\CMakeFiles\CMakeTmp\CheckSymbolExists.c:33:19: note: each undeclared identifier is reported only once for each function it appears in
C:\Users\Iurii\CLionProjects\Task_30_4_2_Grab_header\cmake-build-debug\CMakeFiles\CMakeTmp\CheckSymbolExists.c:29:14: warning: parameter 'argc' set but not used [-Wunused-but-set-parameter]
 int main(int argc, char** argv)
          ~~~~^~~~
mingw32-make.exe[1]: *** [CMakeFiles\cmTC_d672e.dir\build.make:77: CMakeFiles/cmTC_d672e.dir/CheckSymbolExists.c.obj] Error 1
mingw32-make.exe[1]: Leaving directory 'C:/Users/Iurii/CLionProjects/Task_30_4_2_Grab_header/cmake-build-debug/CMakeFiles/CMakeTmp'
mingw32-make.exe: *** [Makefile:126: cmTC_d672e/fast] Error 2


File C:/Users/Iurii/CLionProjects/Task_30_4_2_Grab_header/cmake-build-debug/CMakeFiles/CMakeTmp/CheckSymbolExists.c:
/* */
#include <windows.h>
#include <winsock.h>
#include <ws2tcpip.h>
#include <winsock2.h>
#include <wincrypt.h>
#include <stdio.h>
#include <sys/stat.h>
#include <sys/types.h>
#include <sys/utime.h>
#include <assert.h>
#include <errno.h>
#include <fcntl.h>
#include <io.h>
#include <libgen.h>
#include <locale.h>
#include <setjmp.h>
#include <signal.h>
#include <stdbool.h>
#include <stdio.h>
#include <stdlib.h>
#include <string.h>
#include <time.h>
#include <process.h>
#include <stddef.h>
#include <malloc.h>
#include <memory.h>

int main(int argc, char** argv)
{
  (void)argv;
#ifndef utimes
  return ((int*)(&utimes))[argc];
#else
  (void)argc;
  return 0;
#endif
}
Determining if the getpwuid_r exist failed with the following output:
Change Dir: C:/Users/Iurii/CLionProjects/Task_30_4_2_Grab_header/cmake-build-debug/CMakeFiles/CMakeTmp

Run Build Command(s):C:/PROGRA~2/MINGW-~1/I686-8~1.0-P/mingw32/bin/mingw32-make.exe -f Makefile cmTC_05737/fast && C:/PROGRA~2/MINGW-~1/I686-8~1.0-P/mingw32/bin/mingw32-make.exe  -f CMakeFiles\cmTC_05737.dir\build.make CMakeFiles/cmTC_05737.dir/build
mingw32-make.exe[1]: Entering directory 'C:/Users/Iurii/CLionProjects/Task_30_4_2_Grab_header/cmake-build-debug/CMakeFiles/CMakeTmp'
Building C object CMakeFiles/cmTC_05737.dir/CheckSymbolExists.c.obj
C:\PROGRA~2\MINGW-~1\I686-8~1.0-P\mingw32\bin\gcc.exe   -pedantic -Wall -W -Wpointer-arith -Wwrite-strings -Wunused -Wshadow -Winline -Wnested-externs -Wmissing-declarations -Wmissing-prototypes -Wfloat-equal -Wsign-compare -Wundef -Wendif-labels -Wstrict-prototypes -Wdeclaration-after-statement -Wstrict-aliasing=3 -Wcast-align -Wtype-limits -Wold-style-declaration -Wmissing-parameter-type -Wempty-body -Wclobbered -Wignored-qualifiers -Wconversion -Wvla -Wdouble-promotion -Wno-long-long -Wno-multichar -Wno-format-nonliteral -Wno-sign-conversion -Wno-system-headers -Wno-pedantic-ms-format     -D_WIN32_WINNT=0x0600 -D_WINSOCKAPI_= -DSECURITY_WIN32 -o CMakeFiles\cmTC_05737.dir\CheckSymbolExists.c.obj -c C:\Users\Iurii\CLionProjects\Task_30_4_2_Grab_header\cmake-build-debug\CMakeFiles\CMakeTmp\CheckSymbolExists.c
In file included from C:/PROGRA~2/MINGW-~1/I686-8~1.0-P/mingw32/i686-w64-mingw32/include/ws2tcpip.h:17,
                 from C:\Users\Iurii\CLionProjects\Task_30_4_2_Grab_header\cmake-build-debug\CMakeFiles\CMakeTmp\CheckSymbolExists.c:4:
C:/PROGRA~2/MINGW-~1/I686-8~1.0-P/mingw32/i686-w64-mingw32/include/winsock2.h:15:2: warning: #warning Please include winsock2.h before windows.h [-Wcpp]
 #warning Please include winsock2.h before windows.h
  ^~~~~~~
C:\Users\Iurii\CLionProjects\Task_30_4_2_Grab_header\cmake-build-debug\CMakeFiles\CMakeTmp\CheckSymbolExists.c: In function 'main':
C:\Users\Iurii\CLionProjects\Task_30_4_2_Grab_header\cmake-build-debug\CMakeFiles\CMakeTmp\CheckSymbolExists.c:33:19: error: 'getpwuid_r' undeclared (first use in this function); did you mean 'getpid'?
   return ((int*)(&getpwuid_r))[argc];
                   ^~~~~~~~~~
                   getpid
C:\Users\Iurii\CLionProjects\Task_30_4_2_Grab_header\cmake-build-debug\CMakeFiles\CMakeTmp\CheckSymbolExists.c:33:19: note: each undeclared identifier is reported only once for each function it appears in
C:\Users\Iurii\CLionProjects\Task_30_4_2_Grab_header\cmake-build-debug\CMakeFiles\CMakeTmp\CheckSymbolExists.c:29:14: warning: parameter 'argc' set but not used [-Wunused-but-set-parameter]
 int main(int argc, char** argv)
          ~~~~^~~~
mingw32-make.exe[1]: *** [CMakeFiles\cmTC_05737.dir\build.make:77: CMakeFiles/cmTC_05737.dir/CheckSymbolExists.c.obj] Error 1
mingw32-make.exe[1]: Leaving directory 'C:/Users/Iurii/CLionProjects/Task_30_4_2_Grab_header/cmake-build-debug/CMakeFiles/CMakeTmp'
mingw32-make.exe: *** [Makefile:126: cmTC_05737/fast] Error 2


File C:/Users/Iurii/CLionProjects/Task_30_4_2_Grab_header/cmake-build-debug/CMakeFiles/CMakeTmp/CheckSymbolExists.c:
/* */
#include <windows.h>
#include <winsock.h>
#include <ws2tcpip.h>
#include <winsock2.h>
#include <wincrypt.h>
#include <stdio.h>
#include <sys/stat.h>
#include <sys/types.h>
#include <sys/utime.h>
#include <assert.h>
#include <errno.h>
#include <fcntl.h>
#include <io.h>
#include <libgen.h>
#include <locale.h>
#include <setjmp.h>
#include <signal.h>
#include <stdbool.h>
#include <stdio.h>
#include <stdlib.h>
#include <string.h>
#include <time.h>
#include <process.h>
#include <stddef.h>
#include <malloc.h>
#include <memory.h>

int main(int argc, char** argv)
{
  (void)argv;
#ifndef getpwuid_r
  return ((int*)(&getpwuid_r))[argc];
#else
  (void)argc;
  return 0;
#endif
}
Determining if the usleep exist failed with the following output:
Change Dir: C:/Users/Iurii/CLionProjects/Task_30_4_2_Grab_header/cmake-build-debug/CMakeFiles/CMakeTmp

Run Build Command(s):C:/PROGRA~2/MINGW-~1/I686-8~1.0-P/mingw32/bin/mingw32-make.exe -f Makefile cmTC_e800b/fast && C:/PROGRA~2/MINGW-~1/I686-8~1.0-P/mingw32/bin/mingw32-make.exe  -f CMakeFiles\cmTC_e800b.dir\build.make CMakeFiles/cmTC_e800b.dir/build
mingw32-make.exe[1]: Entering directory 'C:/Users/Iurii/CLionProjects/Task_30_4_2_Grab_header/cmake-build-debug/CMakeFiles/CMakeTmp'
Building C object CMakeFiles/cmTC_e800b.dir/CheckSymbolExists.c.obj
C:\PROGRA~2\MINGW-~1\I686-8~1.0-P\mingw32\bin\gcc.exe   -pedantic -Wall -W -Wpointer-arith -Wwrite-strings -Wunused -Wshadow -Winline -Wnested-externs -Wmissing-declarations -Wmissing-prototypes -Wfloat-equal -Wsign-compare -Wundef -Wendif-labels -Wstrict-prototypes -Wdeclaration-after-statement -Wstrict-aliasing=3 -Wcast-align -Wtype-limits -Wold-style-declaration -Wmissing-parameter-type -Wempty-body -Wclobbered -Wignored-qualifiers -Wconversion -Wvla -Wdouble-promotion -Wno-long-long -Wno-multichar -Wno-format-nonliteral -Wno-sign-conversion -Wno-system-headers -Wno-pedantic-ms-format     -D_WIN32_WINNT=0x0600 -D_WINSOCKAPI_= -DSECURITY_WIN32 -o CMakeFiles\cmTC_e800b.dir\CheckSymbolExists.c.obj -c C:\Users\Iurii\CLionProjects\Task_30_4_2_Grab_header\cmake-build-debug\CMakeFiles\CMakeTmp\CheckSymbolExists.c
In file included from C:/PROGRA~2/MINGW-~1/I686-8~1.0-P/mingw32/i686-w64-mingw32/include/ws2tcpip.h:17,
                 from C:\Users\Iurii\CLionProjects\Task_30_4_2_Grab_header\cmake-build-debug\CMakeFiles\CMakeTmp\CheckSymbolExists.c:4:
C:/PROGRA~2/MINGW-~1/I686-8~1.0-P/mingw32/i686-w64-mingw32/include/winsock2.h:15:2: warning: #warning Please include winsock2.h before windows.h [-Wcpp]
 #warning Please include winsock2.h before windows.h
  ^~~~~~~
C:\Users\Iurii\CLionProjects\Task_30_4_2_Grab_header\cmake-build-debug\CMakeFiles\CMakeTmp\CheckSymbolExists.c: In function 'main':
C:\Users\Iurii\CLionProjects\Task_30_4_2_Grab_header\cmake-build-debug\CMakeFiles\CMakeTmp\CheckSymbolExists.c:33:19: error: 'usleep' undeclared (first use in this function); did you mean '_sleep'?
   return ((int*)(&usleep))[argc];
                   ^~~~~~
                   _sleep
C:\Users\Iurii\CLionProjects\Task_30_4_2_Grab_header\cmake-build-debug\CMakeFiles\CMakeTmp\CheckSymbolExists.c:33:19: note: each undeclared identifier is reported only once for each function it appears in
C:\Users\Iurii\CLionProjects\Task_30_4_2_Grab_header\cmake-build-debug\CMakeFiles\CMakeTmp\CheckSymbolExists.c:29:14: warning: parameter 'argc' set but not used [-Wunused-but-set-parameter]
 int main(int argc, char** argv)
          ~~~~^~~~
mingw32-make.exe[1]: *** [CMakeFiles\cmTC_e800b.dir\build.make:77: CMakeFiles/cmTC_e800b.dir/CheckSymbolExists.c.obj] Error 1
mingw32-make.exe[1]: Leaving directory 'C:/Users/Iurii/CLionProjects/Task_30_4_2_Grab_header/cmake-build-debug/CMakeFiles/CMakeTmp'
mingw32-make.exe: *** [Makefile:126: cmTC_e800b/fast] Error 2


File C:/Users/Iurii/CLionProjects/Task_30_4_2_Grab_header/cmake-build-debug/CMakeFiles/CMakeTmp/CheckSymbolExists.c:
/* */
#include <windows.h>
#include <winsock.h>
#include <ws2tcpip.h>
#include <winsock2.h>
#include <wincrypt.h>
#include <stdio.h>
#include <sys/stat.h>
#include <sys/types.h>
#include <sys/utime.h>
#include <assert.h>
#include <errno.h>
#include <fcntl.h>
#include <io.h>
#include <libgen.h>
#include <locale.h>
#include <setjmp.h>
#include <signal.h>
#include <stdbool.h>
#include <stdio.h>
#include <stdlib.h>
#include <string.h>
#include <time.h>
#include <process.h>
#include <stddef.h>
#include <malloc.h>
#include <memory.h>

int main(int argc, char** argv)
{
  (void)argv;
#ifndef usleep
  return ((int*)(&usleep))[argc];
#else
  (void)argc;
  return 0;
#endif
}
Determining if the strerror_r exist failed with the following output:
Change Dir: C:/Users/Iurii/CLionProjects/Task_30_4_2_Grab_header/cmake-build-debug/CMakeFiles/CMakeTmp

Run Build Command(s):C:/PROGRA~2/MINGW-~1/I686-8~1.0-P/mingw32/bin/mingw32-make.exe -f Makefile cmTC_c2d42/fast && C:/PROGRA~2/MINGW-~1/I686-8~1.0-P/mingw32/bin/mingw32-make.exe  -f CMakeFiles\cmTC_c2d42.dir\build.make CMakeFiles/cmTC_c2d42.dir/build
mingw32-make.exe[1]: Entering directory 'C:/Users/Iurii/CLionProjects/Task_30_4_2_Grab_header/cmake-build-debug/CMakeFiles/CMakeTmp'
Building C object CMakeFiles/cmTC_c2d42.dir/CheckSymbolExists.c.obj
C:\PROGRA~2\MINGW-~1\I686-8~1.0-P\mingw32\bin\gcc.exe   -pedantic -Wall -W -Wpointer-arith -Wwrite-strings -Wunused -Wshadow -Winline -Wnested-externs -Wmissing-declarations -Wmissing-prototypes -Wfloat-equal -Wsign-compare -Wundef -Wendif-labels -Wstrict-prototypes -Wdeclaration-after-statement -Wstrict-aliasing=3 -Wcast-align -Wtype-limits -Wold-style-declaration -Wmissing-parameter-type -Wempty-body -Wclobbered -Wignored-qualifiers -Wconversion -Wvla -Wdouble-promotion -Wno-long-long -Wno-multichar -Wno-format-nonliteral -Wno-sign-conversion -Wno-system-headers -Wno-pedantic-ms-format     -D_WIN32_WINNT=0x0600 -D_WINSOCKAPI_= -DSECURITY_WIN32 -o CMakeFiles\cmTC_c2d42.dir\CheckSymbolExists.c.obj -c C:\Users\Iurii\CLionProjects\Task_30_4_2_Grab_header\cmake-build-debug\CMakeFiles\CMakeTmp\CheckSymbolExists.c
In file included from C:/PROGRA~2/MINGW-~1/I686-8~1.0-P/mingw32/i686-w64-mingw32/include/ws2tcpip.h:17,
                 from C:\Users\Iurii\CLionProjects\Task_30_4_2_Grab_header\cmake-build-debug\CMakeFiles\CMakeTmp\CheckSymbolExists.c:4:
C:/PROGRA~2/MINGW-~1/I686-8~1.0-P/mingw32/i686-w64-mingw32/include/winsock2.h:15:2: warning: #warning Please include winsock2.h before windows.h [-Wcpp]
 #warning Please include winsock2.h before windows.h
  ^~~~~~~
C:\Users\Iurii\CLionProjects\Task_30_4_2_Grab_header\cmake-build-debug\CMakeFiles\CMakeTmp\CheckSymbolExists.c: In function 'main':
C:\Users\Iurii\CLionProjects\Task_30_4_2_Grab_header\cmake-build-debug\CMakeFiles\CMakeTmp\CheckSymbolExists.c:33:19: error: 'strerror_r' undeclared (first use in this function); did you mean 'strerror_s'?
   return ((int*)(&strerror_r))[argc];
                   ^~~~~~~~~~
                   strerror_s
C:\Users\Iurii\CLionProjects\Task_30_4_2_Grab_header\cmake-build-debug\CMakeFiles\CMakeTmp\CheckSymbolExists.c:33:19: note: each undeclared identifier is reported only once for each function it appears in
C:\Users\Iurii\CLionProjects\Task_30_4_2_Grab_header\cmake-build-debug\CMakeFiles\CMakeTmp\CheckSymbolExists.c:29:14: warning: parameter 'argc' set but not used [-Wunused-but-set-parameter]
 int main(int argc, char** argv)
          ~~~~^~~~
mingw32-make.exe[1]: *** [CMakeFiles\cmTC_c2d42.dir\build.make:77: CMakeFiles/cmTC_c2d42.dir/CheckSymbolExists.c.obj] Error 1
mingw32-make.exe[1]: Leaving directory 'C:/Users/Iurii/CLionProjects/Task_30_4_2_Grab_header/cmake-build-debug/CMakeFiles/CMakeTmp'
mingw32-make.exe: *** [Makefile:126: cmTC_c2d42/fast] Error 2


File C:/Users/Iurii/CLionProjects/Task_30_4_2_Grab_header/cmake-build-debug/CMakeFiles/CMakeTmp/CheckSymbolExists.c:
/* */
#include <windows.h>
#include <winsock.h>
#include <ws2tcpip.h>
#include <winsock2.h>
#include <wincrypt.h>
#include <stdio.h>
#include <sys/stat.h>
#include <sys/types.h>
#include <sys/utime.h>
#include <assert.h>
#include <errno.h>
#include <fcntl.h>
#include <io.h>
#include <libgen.h>
#include <locale.h>
#include <setjmp.h>
#include <signal.h>
#include <stdbool.h>
#include <stdio.h>
#include <stdlib.h>
#include <string.h>
#include <time.h>
#include <process.h>
#include <stddef.h>
#include <malloc.h>
#include <memory.h>

int main(int argc, char** argv)
{
  (void)argv;
#ifndef strerror_r
  return ((int*)(&strerror_r))[argc];
#else
  (void)argc;
  return 0;
#endif
}
Determining if the siginterrupt exist failed with the following output:
Change Dir: C:/Users/Iurii/CLionProjects/Task_30_4_2_Grab_header/cmake-build-debug/CMakeFiles/CMakeTmp

Run Build Command(s):C:/PROGRA~2/MINGW-~1/I686-8~1.0-P/mingw32/bin/mingw32-make.exe -f Makefile cmTC_ae357/fast && C:/PROGRA~2/MINGW-~1/I686-8~1.0-P/mingw32/bin/mingw32-make.exe  -f CMakeFiles\cmTC_ae357.dir\build.make CMakeFiles/cmTC_ae357.dir/build
mingw32-make.exe[1]: Entering directory 'C:/Users/Iurii/CLionProjects/Task_30_4_2_Grab_header/cmake-build-debug/CMakeFiles/CMakeTmp'
Building C object CMakeFiles/cmTC_ae357.dir/CheckSymbolExists.c.obj
C:\PROGRA~2\MINGW-~1\I686-8~1.0-P\mingw32\bin\gcc.exe   -pedantic -Wall -W -Wpointer-arith -Wwrite-strings -Wunused -Wshadow -Winline -Wnested-externs -Wmissing-declarations -Wmissing-prototypes -Wfloat-equal -Wsign-compare -Wundef -Wendif-labels -Wstrict-prototypes -Wdeclaration-after-statement -Wstrict-aliasing=3 -Wcast-align -Wtype-limits -Wold-style-declaration -Wmissing-parameter-type -Wempty-body -Wclobbered -Wignored-qualifiers -Wconversion -Wvla -Wdouble-promotion -Wno-long-long -Wno-multichar -Wno-format-nonliteral -Wno-sign-conversion -Wno-system-headers -Wno-pedantic-ms-format     -D_WIN32_WINNT=0x0600 -D_WINSOCKAPI_= -DSECURITY_WIN32 -o CMakeFiles\cmTC_ae357.dir\CheckSymbolExists.c.obj -c C:\Users\Iurii\CLionProjects\Task_30_4_2_Grab_header\cmake-build-debug\CMakeFiles\CMakeTmp\CheckSymbolExists.c
In file included from C:/PROGRA~2/MINGW-~1/I686-8~1.0-P/mingw32/i686-w64-mingw32/include/ws2tcpip.h:17,
                 from C:\Users\Iurii\CLionProjects\Task_30_4_2_Grab_header\cmake-build-debug\CMakeFiles\CMakeTmp\CheckSymbolExists.c:4:
C:/PROGRA~2/MINGW-~1/I686-8~1.0-P/mingw32/i686-w64-mingw32/include/winsock2.h:15:2: warning: #warning Please include winsock2.h before windows.h [-Wcpp]
 #warning Please include winsock2.h before windows.h
  ^~~~~~~
C:\Users\Iurii\CLionProjects\Task_30_4_2_Grab_header\cmake-build-debug\CMakeFiles\CMakeTmp\CheckSymbolExists.c: In function 'main':
C:\Users\Iurii\CLionProjects\Task_30_4_2_Grab_header\cmake-build-debug\CMakeFiles\CMakeTmp\CheckSymbolExists.c:33:19: error: 'siginterrupt' undeclared (first use in this function)
   return ((int*)(&siginterrupt))[argc];
                   ^~~~~~~~~~~~
C:\Users\Iurii\CLionProjects\Task_30_4_2_Grab_header\cmake-build-debug\CMakeFiles\CMakeTmp\CheckSymbolExists.c:33:19: note: each undeclared identifier is reported only once for each function it appears in
C:\Users\Iurii\CLionProjects\Task_30_4_2_Grab_header\cmake-build-debug\CMakeFiles\CMakeTmp\CheckSymbolExists.c:29:14: warning: parameter 'argc' set but not used [-Wunused-but-set-parameter]
 int main(int argc, char** argv)
          ~~~~^~~~
mingw32-make.exe[1]: *** [CMakeFiles\cmTC_ae357.dir\build.make:77: CMakeFiles/cmTC_ae357.dir/CheckSymbolExists.c.obj] Error 1
mingw32-make.exe[1]: Leaving directory 'C:/Users/Iurii/CLionProjects/Task_30_4_2_Grab_header/cmake-build-debug/CMakeFiles/CMakeTmp'
mingw32-make.exe: *** [Makefile:126: cmTC_ae357/fast] Error 2


File C:/Users/Iurii/CLionProjects/Task_30_4_2_Grab_header/cmake-build-debug/CMakeFiles/CMakeTmp/CheckSymbolExists.c:
/* */
#include <windows.h>
#include <winsock.h>
#include <ws2tcpip.h>
#include <winsock2.h>
#include <wincrypt.h>
#include <stdio.h>
#include <sys/stat.h>
#include <sys/types.h>
#include <sys/utime.h>
#include <assert.h>
#include <errno.h>
#include <fcntl.h>
#include <io.h>
#include <libgen.h>
#include <locale.h>
#include <setjmp.h>
#include <signal.h>
#include <stdbool.h>
#include <stdio.h>
#include <stdlib.h>
#include <string.h>
#include <time.h>
#include <process.h>
#include <stddef.h>
#include <malloc.h>
#include <memory.h>

int main(int argc, char** argv)
{
  (void)argv;
#ifndef siginterrupt
  return ((int*)(&siginterrupt))[argc];
#else
  (void)argc;
  return 0;
#endif
}
Determining if the pipe exist failed with the following output:
Change Dir: C:/Users/Iurii/CLionProjects/Task_30_4_2_Grab_header/cmake-build-debug/CMakeFiles/CMakeTmp

Run Build Command(s):C:/PROGRA~2/MINGW-~1/I686-8~1.0-P/mingw32/bin/mingw32-make.exe -f Makefile cmTC_d9031/fast && C:/PROGRA~2/MINGW-~1/I686-8~1.0-P/mingw32/bin/mingw32-make.exe  -f CMakeFiles\cmTC_d9031.dir\build.make CMakeFiles/cmTC_d9031.dir/build
mingw32-make.exe[1]: Entering directory 'C:/Users/Iurii/CLionProjects/Task_30_4_2_Grab_header/cmake-build-debug/CMakeFiles/CMakeTmp'
Building C object CMakeFiles/cmTC_d9031.dir/CheckSymbolExists.c.obj
C:\PROGRA~2\MINGW-~1\I686-8~1.0-P\mingw32\bin\gcc.exe   -pedantic -Wall -W -Wpointer-arith -Wwrite-strings -Wunused -Wshadow -Winline -Wnested-externs -Wmissing-declarations -Wmissing-prototypes -Wfloat-equal -Wsign-compare -Wundef -Wendif-labels -Wstrict-prototypes -Wdeclaration-after-statement -Wstrict-aliasing=3 -Wcast-align -Wtype-limits -Wold-style-declaration -Wmissing-parameter-type -Wempty-body -Wclobbered -Wignored-qualifiers -Wconversion -Wvla -Wdouble-promotion -Wno-long-long -Wno-multichar -Wno-format-nonliteral -Wno-sign-conversion -Wno-system-headers -Wno-pedantic-ms-format     -D_WIN32_WINNT=0x0600 -D_WINSOCKAPI_= -DSECURITY_WIN32 -o CMakeFiles\cmTC_d9031.dir\CheckSymbolExists.c.obj -c C:\Users\Iurii\CLionProjects\Task_30_4_2_Grab_header\cmake-build-debug\CMakeFiles\CMakeTmp\CheckSymbolExists.c
In file included from C:/PROGRA~2/MINGW-~1/I686-8~1.0-P/mingw32/i686-w64-mingw32/include/ws2tcpip.h:17,
                 from C:\Users\Iurii\CLionProjects\Task_30_4_2_Grab_header\cmake-build-debug\CMakeFiles\CMakeTmp\CheckSymbolExists.c:4:
C:/PROGRA~2/MINGW-~1/I686-8~1.0-P/mingw32/i686-w64-mingw32/include/winsock2.h:15:2: warning: #warning Please include winsock2.h before windows.h [-Wcpp]
 #warning Please include winsock2.h before windows.h
  ^~~~~~~
C:\Users\Iurii\CLionProjects\Task_30_4_2_Grab_header\cmake-build-debug\CMakeFiles\CMakeTmp\CheckSymbolExists.c: In function 'main':
C:\Users\Iurii\CLionProjects\Task_30_4_2_Grab_header\cmake-build-debug\CMakeFiles\CMakeTmp\CheckSymbolExists.c:33:19: error: 'pipe' undeclared (first use in this function); did you mean '_pipe'?
   return ((int*)(&pipe))[argc];
                   ^~~~
                   _pipe
C:\Users\Iurii\CLionProjects\Task_30_4_2_Grab_header\cmake-build-debug\CMakeFiles\CMakeTmp\CheckSymbolExists.c:33:19: note: each undeclared identifier is reported only once for each function it appears in
C:\Users\Iurii\CLionProjects\Task_30_4_2_Grab_header\cmake-build-debug\CMakeFiles\CMakeTmp\CheckSymbolExists.c:29:14: warning: parameter 'argc' set but not used [-Wunused-but-set-parameter]
 int main(int argc, char** argv)
          ~~~~^~~~
mingw32-make.exe[1]: *** [CMakeFiles\cmTC_d9031.dir\build.make:77: CMakeFiles/cmTC_d9031.dir/CheckSymbolExists.c.obj] Error 1
mingw32-make.exe[1]: Leaving directory 'C:/Users/Iurii/CLionProjects/Task_30_4_2_Grab_header/cmake-build-debug/CMakeFiles/CMakeTmp'
mingw32-make.exe: *** [Makefile:126: cmTC_d9031/fast] Error 2


File C:/Users/Iurii/CLionProjects/Task_30_4_2_Grab_header/cmake-build-debug/CMakeFiles/CMakeTmp/CheckSymbolExists.c:
/* */
#include <windows.h>
#include <winsock.h>
#include <ws2tcpip.h>
#include <winsock2.h>
#include <wincrypt.h>
#include <stdio.h>
#include <sys/stat.h>
#include <sys/types.h>
#include <sys/utime.h>
#include <assert.h>
#include <errno.h>
#include <fcntl.h>
#include <io.h>
#include <libgen.h>
#include <locale.h>
#include <setjmp.h>
#include <signal.h>
#include <stdbool.h>
#include <stdio.h>
#include <stdlib.h>
#include <string.h>
#include <time.h>
#include <process.h>
#include <stddef.h>
#include <malloc.h>
#include <memory.h>

int main(int argc, char** argv)
{
  (void)argv;
#ifndef pipe
  return ((int*)(&pipe))[argc];
#else
  (void)argc;
  return 0;
#endif
}
Determining if the ftruncate exist failed with the following output:
Change Dir: C:/Users/Iurii/CLionProjects/Task_30_4_2_Grab_header/cmake-build-debug/CMakeFiles/CMakeTmp

Run Build Command(s):C:/PROGRA~2/MINGW-~1/I686-8~1.0-P/mingw32/bin/mingw32-make.exe -f Makefile cmTC_7e966/fast && C:/PROGRA~2/MINGW-~1/I686-8~1.0-P/mingw32/bin/mingw32-make.exe  -f CMakeFiles\cmTC_7e966.dir\build.make CMakeFiles/cmTC_7e966.dir/build
mingw32-make.exe[1]: Entering directory 'C:/Users/Iurii/CLionProjects/Task_30_4_2_Grab_header/cmake-build-debug/CMakeFiles/CMakeTmp'
Building C object CMakeFiles/cmTC_7e966.dir/CheckSymbolExists.c.obj
C:\PROGRA~2\MINGW-~1\I686-8~1.0-P\mingw32\bin\gcc.exe   -pedantic -Wall -W -Wpointer-arith -Wwrite-strings -Wunused -Wshadow -Winline -Wnested-externs -Wmissing-declarations -Wmissing-prototypes -Wfloat-equal -Wsign-compare -Wundef -Wendif-labels -Wstrict-prototypes -Wdeclaration-after-statement -Wstrict-aliasing=3 -Wcast-align -Wtype-limits -Wold-style-declaration -Wmissing-parameter-type -Wempty-body -Wclobbered -Wignored-qualifiers -Wconversion -Wvla -Wdouble-promotion -Wno-long-long -Wno-multichar -Wno-format-nonliteral -Wno-sign-conversion -Wno-system-headers -Wno-pedantic-ms-format     -D_WIN32_WINNT=0x0600 -D_WINSOCKAPI_= -DSECURITY_WIN32 -o CMakeFiles\cmTC_7e966.dir\CheckSymbolExists.c.obj -c C:\Users\Iurii\CLionProjects\Task_30_4_2_Grab_header\cmake-build-debug\CMakeFiles\CMakeTmp\CheckSymbolExists.c
In file included from C:/PROGRA~2/MINGW-~1/I686-8~1.0-P/mingw32/i686-w64-mingw32/include/ws2tcpip.h:17,
                 from C:\Users\Iurii\CLionProjects\Task_30_4_2_Grab_header\cmake-build-debug\CMakeFiles\CMakeTmp\CheckSymbolExists.c:4:
C:/PROGRA~2/MINGW-~1/I686-8~1.0-P/mingw32/i686-w64-mingw32/include/winsock2.h:15:2: warning: #warning Please include winsock2.h before windows.h [-Wcpp]
 #warning Please include winsock2.h before windows.h
  ^~~~~~~
C:\Users\Iurii\CLionProjects\Task_30_4_2_Grab_header\cmake-build-debug\CMakeFiles\CMakeTmp\CheckSymbolExists.c: In function 'main':
C:\Users\Iurii\CLionProjects\Task_30_4_2_Grab_header\cmake-build-debug\CMakeFiles\CMakeTmp\CheckSymbolExists.c:33:19: error: 'ftruncate' undeclared (first use in this function); did you mean 'strncat'?
   return ((int*)(&ftruncate))[argc];
                   ^~~~~~~~~
                   strncat
C:\Users\Iurii\CLionProjects\Task_30_4_2_Grab_header\cmake-build-debug\CMakeFiles\CMakeTmp\CheckSymbolExists.c:33:19: note: each undeclared identifier is reported only once for each function it appears in
C:\Users\Iurii\CLionProjects\Task_30_4_2_Grab_header\cmake-build-debug\CMakeFiles\CMakeTmp\CheckSymbolExists.c:29:14: warning: parameter 'argc' set but not used [-Wunused-but-set-parameter]
 int main(int argc, char** argv)
          ~~~~^~~~
mingw32-make.exe[1]: *** [CMakeFiles\cmTC_7e966.dir\build.make:77: CMakeFiles/cmTC_7e966.dir/CheckSymbolExists.c.obj] Error 1
mingw32-make.exe[1]: Leaving directory 'C:/Users/Iurii/CLionProjects/Task_30_4_2_Grab_header/cmake-build-debug/CMakeFiles/CMakeTmp'
mingw32-make.exe: *** [Makefile:126: cmTC_7e966/fast] Error 2


File C:/Users/Iurii/CLionProjects/Task_30_4_2_Grab_header/cmake-build-debug/CMakeFiles/CMakeTmp/CheckSymbolExists.c:
/* */
#include <windows.h>
#include <winsock.h>
#include <ws2tcpip.h>
#include <winsock2.h>
#include <wincrypt.h>
#include <stdio.h>
#include <sys/stat.h>
#include <sys/types.h>
#include <sys/utime.h>
#include <assert.h>
#include <errno.h>
#include <fcntl.h>
#include <io.h>
#include <libgen.h>
#include <locale.h>
#include <setjmp.h>
#include <signal.h>
#include <stdbool.h>
#include <stdio.h>
#include <stdlib.h>
#include <string.h>
#include <time.h>
#include <process.h>
#include <stddef.h>
#include <malloc.h>
#include <memory.h>

int main(int argc, char** argv)
{
  (void)argv;
#ifndef ftruncate
  return ((int*)(&ftruncate))[argc];
#else
  (void)argc;
  return 0;
#endif
}
Determining if the if_nametoindex exist failed with the following output:
Change Dir: C:/Users/Iurii/CLionProjects/Task_30_4_2_Grab_header/cmake-build-debug/CMakeFiles/CMakeTmp

Run Build Command(s):C:/PROGRA~2/MINGW-~1/I686-8~1.0-P/mingw32/bin/mingw32-make.exe -f Makefile cmTC_26af4/fast && C:/PROGRA~2/MINGW-~1/I686-8~1.0-P/mingw32/bin/mingw32-make.exe  -f CMakeFiles\cmTC_26af4.dir\build.make CMakeFiles/cmTC_26af4.dir/build
mingw32-make.exe[1]: Entering directory 'C:/Users/Iurii/CLionProjects/Task_30_4_2_Grab_header/cmake-build-debug/CMakeFiles/CMakeTmp'
Building C object CMakeFiles/cmTC_26af4.dir/CheckSymbolExists.c.obj
C:\PROGRA~2\MINGW-~1\I686-8~1.0-P\mingw32\bin\gcc.exe   -pedantic -Wall -W -Wpointer-arith -Wwrite-strings -Wunused -Wshadow -Winline -Wnested-externs -Wmissing-declarations -Wmissing-prototypes -Wfloat-equal -Wsign-compare -Wundef -Wendif-labels -Wstrict-prototypes -Wdeclaration-after-statement -Wstrict-aliasing=3 -Wcast-align -Wtype-limits -Wold-style-declaration -Wmissing-parameter-type -Wempty-body -Wclobbered -Wignored-qualifiers -Wconversion -Wvla -Wdouble-promotion -Wno-long-long -Wno-multichar -Wno-format-nonliteral -Wno-sign-conversion -Wno-system-headers -Wno-pedantic-ms-format     -D_WIN32_WINNT=0x0600 -D_WINSOCKAPI_= -DSECURITY_WIN32 -o CMakeFiles\cmTC_26af4.dir\CheckSymbolExists.c.obj -c C:\Users\Iurii\CLionProjects\Task_30_4_2_Grab_header\cmake-build-debug\CMakeFiles\CMakeTmp\CheckSymbolExists.c
In file included from C:/PROGRA~2/MINGW-~1/I686-8~1.0-P/mingw32/i686-w64-mingw32/include/ws2tcpip.h:17,
                 from C:\Users\Iurii\CLionProjects\Task_30_4_2_Grab_header\cmake-build-debug\CMakeFiles\CMakeTmp\CheckSymbolExists.c:4:
C:/PROGRA~2/MINGW-~1/I686-8~1.0-P/mingw32/i686-w64-mingw32/include/winsock2.h:15:2: warning: #warning Please include winsock2.h before windows.h [-Wcpp]
 #warning Please include winsock2.h before windows.h
  ^~~~~~~
C:\Users\Iurii\CLionProjects\Task_30_4_2_Grab_header\cmake-build-debug\CMakeFiles\CMakeTmp\CheckSymbolExists.c: In function 'main':
C:\Users\Iurii\CLionProjects\Task_30_4_2_Grab_header\cmake-build-debug\CMakeFiles\CMakeTmp\CheckSymbolExists.c:33:19: error: 'if_nametoindex' undeclared (first use in this function)
   return ((int*)(&if_nametoindex))[argc];
                   ^~~~~~~~~~~~~~
C:\Users\Iurii\CLionProjects\Task_30_4_2_Grab_header\cmake-build-debug\CMakeFiles\CMakeTmp\CheckSymbolExists.c:33:19: note: each undeclared identifier is reported only once for each function it appears in
C:\Users\Iurii\CLionProjects\Task_30_4_2_Grab_header\cmake-build-debug\CMakeFiles\CMakeTmp\CheckSymbolExists.c:29:14: warning: parameter 'argc' set but not used [-Wunused-but-set-parameter]
 int main(int argc, char** argv)
          ~~~~^~~~
mingw32-make.exe[1]: *** [CMakeFiles\cmTC_26af4.dir\build.make:77: CMakeFiles/cmTC_26af4.dir/CheckSymbolExists.c.obj] Error 1
mingw32-make.exe[1]: Leaving directory 'C:/Users/Iurii/CLionProjects/Task_30_4_2_Grab_header/cmake-build-debug/CMakeFiles/CMakeTmp'
mingw32-make.exe: *** [Makefile:126: cmTC_26af4/fast] Error 2


File C:/Users/Iurii/CLionProjects/Task_30_4_2_Grab_header/cmake-build-debug/CMakeFiles/CMakeTmp/CheckSymbolExists.c:
/* */
#include <windows.h>
#include <winsock.h>
#include <ws2tcpip.h>
#include <winsock2.h>
#include <wincrypt.h>
#include <stdio.h>
#include <sys/stat.h>
#include <sys/types.h>
#include <sys/utime.h>
#include <assert.h>
#include <errno.h>
#include <fcntl.h>
#include <io.h>
#include <libgen.h>
#include <locale.h>
#include <setjmp.h>
#include <signal.h>
#include <stdbool.h>
#include <stdio.h>
#include <stdlib.h>
#include <string.h>
#include <time.h>
#include <process.h>
#include <stddef.h>
#include <malloc.h>
#include <memory.h>

int main(int argc, char** argv)
{
  (void)argv;
#ifndef if_nametoindex
  return ((int*)(&if_nametoindex))[argc];
#else
  (void)argc;
  return 0;
#endif
}
Determining if the getrlimit exist failed with the following output:
Change Dir: C:/Users/Iurii/CLionProjects/Task_30_4_2_Grab_header/cmake-build-debug/CMakeFiles/CMakeTmp

Run Build Command(s):C:/PROGRA~2/MINGW-~1/I686-8~1.0-P/mingw32/bin/mingw32-make.exe -f Makefile cmTC_e8ed1/fast && C:/PROGRA~2/MINGW-~1/I686-8~1.0-P/mingw32/bin/mingw32-make.exe  -f CMakeFiles\cmTC_e8ed1.dir\build.make CMakeFiles/cmTC_e8ed1.dir/build
mingw32-make.exe[1]: Entering directory 'C:/Users/Iurii/CLionProjects/Task_30_4_2_Grab_header/cmake-build-debug/CMakeFiles/CMakeTmp'
Building C object CMakeFiles/cmTC_e8ed1.dir/CheckSymbolExists.c.obj
C:\PROGRA~2\MINGW-~1\I686-8~1.0-P\mingw32\bin\gcc.exe   -pedantic -Wall -W -Wpointer-arith -Wwrite-strings -Wunused -Wshadow -Winline -Wnested-externs -Wmissing-declarations -Wmissing-prototypes -Wfloat-equal -Wsign-compare -Wundef -Wendif-labels -Wstrict-prototypes -Wdeclaration-after-statement -Wstrict-aliasing=3 -Wcast-align -Wtype-limits -Wold-style-declaration -Wmissing-parameter-type -Wempty-body -Wclobbered -Wignored-qualifiers -Wconversion -Wvla -Wdouble-promotion -Wno-long-long -Wno-multichar -Wno-format-nonliteral -Wno-sign-conversion -Wno-system-headers -Wno-pedantic-ms-format     -D_WIN32_WINNT=0x0600 -D_WINSOCKAPI_= -DSECURITY_WIN32 -o CMakeFiles\cmTC_e8ed1.dir\CheckSymbolExists.c.obj -c C:\Users\Iurii\CLionProjects\Task_30_4_2_Grab_header\cmake-build-debug\CMakeFiles\CMakeTmp\CheckSymbolExists.c
In file included from C:/PROGRA~2/MINGW-~1/I686-8~1.0-P/mingw32/i686-w64-mingw32/include/ws2tcpip.h:17,
                 from C:\Users\Iurii\CLionProjects\Task_30_4_2_Grab_header\cmake-build-debug\CMakeFiles\CMakeTmp\CheckSymbolExists.c:4:
C:/PROGRA~2/MINGW-~1/I686-8~1.0-P/mingw32/i686-w64-mingw32/include/winsock2.h:15:2: warning: #warning Please include winsock2.h before windows.h [-Wcpp]
 #warning Please include winsock2.h before windows.h
  ^~~~~~~
C:\Users\Iurii\CLionProjects\Task_30_4_2_Grab_header\cmake-build-debug\CMakeFiles\CMakeTmp\CheckSymbolExists.c: In function 'main':
C:\Users\Iurii\CLionProjects\Task_30_4_2_Grab_header\cmake-build-debug\CMakeFiles\CMakeTmp\CheckSymbolExists.c:33:19: error: 'getrlimit' undeclared (first use in this function)
   return ((int*)(&getrlimit))[argc];
                   ^~~~~~~~~
C:\Users\Iurii\CLionProjects\Task_30_4_2_Grab_header\cmake-build-debug\CMakeFiles\CMakeTmp\CheckSymbolExists.c:33:19: note: each undeclared identifier is reported only once for each function it appears in
C:\Users\Iurii\CLionProjects\Task_30_4_2_Grab_header\cmake-build-debug\CMakeFiles\CMakeTmp\CheckSymbolExists.c:29:14: warning: parameter 'argc' set but not used [-Wunused-but-set-parameter]
 int main(int argc, char** argv)
          ~~~~^~~~
mingw32-make.exe[1]: *** [CMakeFiles\cmTC_e8ed1.dir\build.make:77: CMakeFiles/cmTC_e8ed1.dir/CheckSymbolExists.c.obj] Error 1
mingw32-make.exe[1]: Leaving directory 'C:/Users/Iurii/CLionProjects/Task_30_4_2_Grab_header/cmake-build-debug/CMakeFiles/CMakeTmp'
mingw32-make.exe: *** [Makefile:126: cmTC_e8ed1/fast] Error 2


File C:/Users/Iurii/CLionProjects/Task_30_4_2_Grab_header/cmake-build-debug/CMakeFiles/CMakeTmp/CheckSymbolExists.c:
/* */
#include <windows.h>
#include <winsock.h>
#include <ws2tcpip.h>
#include <winsock2.h>
#include <wincrypt.h>
#include <stdio.h>
#include <sys/stat.h>
#include <sys/types.h>
#include <sys/utime.h>
#include <assert.h>
#include <errno.h>
#include <fcntl.h>
#include <io.h>
#include <libgen.h>
#include <locale.h>
#include <setjmp.h>
#include <signal.h>
#include <stdbool.h>
#include <stdio.h>
#include <stdlib.h>
#include <string.h>
#include <time.h>
#include <process.h>
#include <stddef.h>
#include <malloc.h>
#include <memory.h>

int main(int argc, char** argv)
{
  (void)argv;
#ifndef getrlimit
  return ((int*)(&getrlimit))[argc];
#else
  (void)argc;
  return 0;
#endif
}
Determining if the setrlimit exist failed with the following output:
Change Dir: C:/Users/Iurii/CLionProjects/Task_30_4_2_Grab_header/cmake-build-debug/CMakeFiles/CMakeTmp

Run Build Command(s):C:/PROGRA~2/MINGW-~1/I686-8~1.0-P/mingw32/bin/mingw32-make.exe -f Makefile cmTC_cdcf6/fast && C:/PROGRA~2/MINGW-~1/I686-8~1.0-P/mingw32/bin/mingw32-make.exe  -f CMakeFiles\cmTC_cdcf6.dir\build.make CMakeFiles/cmTC_cdcf6.dir/build
mingw32-make.exe[1]: Entering directory 'C:/Users/Iurii/CLionProjects/Task_30_4_2_Grab_header/cmake-build-debug/CMakeFiles/CMakeTmp'
Building C object CMakeFiles/cmTC_cdcf6.dir/CheckSymbolExists.c.obj
C:\PROGRA~2\MINGW-~1\I686-8~1.0-P\mingw32\bin\gcc.exe   -pedantic -Wall -W -Wpointer-arith -Wwrite-strings -Wunused -Wshadow -Winline -Wnested-externs -Wmissing-declarations -Wmissing-prototypes -Wfloat-equal -Wsign-compare -Wundef -Wendif-labels -Wstrict-prototypes -Wdeclaration-after-statement -Wstrict-aliasing=3 -Wcast-align -Wtype-limits -Wold-style-declaration -Wmissing-parameter-type -Wempty-body -Wclobbered -Wignored-qualifiers -Wconversion -Wvla -Wdouble-promotion -Wno-long-long -Wno-multichar -Wno-format-nonliteral -Wno-sign-conversion -Wno-system-headers -Wno-pedantic-ms-format     -D_WIN32_WINNT=0x0600 -D_WINSOCKAPI_= -DSECURITY_WIN32 -o CMakeFiles\cmTC_cdcf6.dir\CheckSymbolExists.c.obj -c C:\Users\Iurii\CLionProjects\Task_30_4_2_Grab_header\cmake-build-debug\CMakeFiles\CMakeTmp\CheckSymbolExists.c
In file included from C:/PROGRA~2/MINGW-~1/I686-8~1.0-P/mingw32/i686-w64-mingw32/include/ws2tcpip.h:17,
                 from C:\Users\Iurii\CLionProjects\Task_30_4_2_Grab_header\cmake-build-debug\CMakeFiles\CMakeTmp\CheckSymbolExists.c:4:
C:/PROGRA~2/MINGW-~1/I686-8~1.0-P/mingw32/i686-w64-mingw32/include/winsock2.h:15:2: warning: #warning Please include winsock2.h before windows.h [-Wcpp]
 #warning Please include winsock2.h before windows.h
  ^~~~~~~
C:\Users\Iurii\CLionProjects\Task_30_4_2_Grab_header\cmake-build-debug\CMakeFiles\CMakeTmp\CheckSymbolExists.c: In function 'main':
C:\Users\Iurii\CLionProjects\Task_30_4_2_Grab_header\cmake-build-debug\CMakeFiles\CMakeTmp\CheckSymbolExists.c:33:19: error: 'setrlimit' undeclared (first use in this function)
   return ((int*)(&setrlimit))[argc];
                   ^~~~~~~~~
C:\Users\Iurii\CLionProjects\Task_30_4_2_Grab_header\cmake-build-debug\CMakeFiles\CMakeTmp\CheckSymbolExists.c:33:19: note: each undeclared identifier is reported only once for each function it appears in
C:\Users\Iurii\CLionProjects\Task_30_4_2_Grab_header\cmake-build-debug\CMakeFiles\CMakeTmp\CheckSymbolExists.c:29:14: warning: parameter 'argc' set but not used [-Wunused-but-set-parameter]
 int main(int argc, char** argv)
          ~~~~^~~~
mingw32-make.exe[1]: *** [CMakeFiles\cmTC_cdcf6.dir\build.make:77: CMakeFiles/cmTC_cdcf6.dir/CheckSymbolExists.c.obj] Error 1
mingw32-make.exe[1]: Leaving directory 'C:/Users/Iurii/CLionProjects/Task_30_4_2_Grab_header/cmake-build-debug/CMakeFiles/CMakeTmp'
mingw32-make.exe: *** [Makefile:126: cmTC_cdcf6/fast] Error 2


File C:/Users/Iurii/CLionProjects/Task_30_4_2_Grab_header/cmake-build-debug/CMakeFiles/CMakeTmp/CheckSymbolExists.c:
/* */
#include <windows.h>
#include <winsock.h>
#include <ws2tcpip.h>
#include <winsock2.h>
#include <wincrypt.h>
#include <stdio.h>
#include <sys/stat.h>
#include <sys/types.h>
#include <sys/utime.h>
#include <assert.h>
#include <errno.h>
#include <fcntl.h>
#include <io.h>
#include <libgen.h>
#include <locale.h>
#include <setjmp.h>
#include <signal.h>
#include <stdbool.h>
#include <stdio.h>
#include <stdlib.h>
#include <string.h>
#include <time.h>
#include <process.h>
#include <stddef.h>
#include <malloc.h>
#include <memory.h>

int main(int argc, char** argv)
{
  (void)argv;
#ifndef setrlimit
  return ((int*)(&setrlimit))[argc];
#else
  (void)argc;
  return 0;
#endif
}
Determining if the fcntl exist failed with the following output:
Change Dir: C:/Users/Iurii/CLionProjects/Task_30_4_2_Grab_header/cmake-build-debug/CMakeFiles/CMakeTmp

Run Build Command(s):C:/PROGRA~2/MINGW-~1/I686-8~1.0-P/mingw32/bin/mingw32-make.exe -f Makefile cmTC_6d0ee/fast && C:/PROGRA~2/MINGW-~1/I686-8~1.0-P/mingw32/bin/mingw32-make.exe  -f CMakeFiles\cmTC_6d0ee.dir\build.make CMakeFiles/cmTC_6d0ee.dir/build
mingw32-make.exe[1]: Entering directory 'C:/Users/Iurii/CLionProjects/Task_30_4_2_Grab_header/cmake-build-debug/CMakeFiles/CMakeTmp'
Building C object CMakeFiles/cmTC_6d0ee.dir/CheckSymbolExists.c.obj
C:\PROGRA~2\MINGW-~1\I686-8~1.0-P\mingw32\bin\gcc.exe   -pedantic -Wall -W -Wpointer-arith -Wwrite-strings -Wunused -Wshadow -Winline -Wnested-externs -Wmissing-declarations -Wmissing-prototypes -Wfloat-equal -Wsign-compare -Wundef -Wendif-labels -Wstrict-prototypes -Wdeclaration-after-statement -Wstrict-aliasing=3 -Wcast-align -Wtype-limits -Wold-style-declaration -Wmissing-parameter-type -Wempty-body -Wclobbered -Wignored-qualifiers -Wconversion -Wvla -Wdouble-promotion -Wno-long-long -Wno-multichar -Wno-format-nonliteral -Wno-sign-conversion -Wno-system-headers -Wno-pedantic-ms-format     -D_WIN32_WINNT=0x0600 -D_WINSOCKAPI_= -DSECURITY_WIN32 -o CMakeFiles\cmTC_6d0ee.dir\CheckSymbolExists.c.obj -c C:\Users\Iurii\CLionProjects\Task_30_4_2_Grab_header\cmake-build-debug\CMakeFiles\CMakeTmp\CheckSymbolExists.c
In file included from C:/PROGRA~2/MINGW-~1/I686-8~1.0-P/mingw32/i686-w64-mingw32/include/ws2tcpip.h:17,
                 from C:\Users\Iurii\CLionProjects\Task_30_4_2_Grab_header\cmake-build-debug\CMakeFiles\CMakeTmp\CheckSymbolExists.c:4:
C:/PROGRA~2/MINGW-~1/I686-8~1.0-P/mingw32/i686-w64-mingw32/include/winsock2.h:15:2: warning: #warning Please include winsock2.h before windows.h [-Wcpp]
 #warning Please include winsock2.h before windows.h
  ^~~~~~~
C:\Users\Iurii\CLionProjects\Task_30_4_2_Grab_header\cmake-build-debug\CMakeFiles\CMakeTmp\CheckSymbolExists.c: In function 'main':
C:\Users\Iurii\CLionProjects\Task_30_4_2_Grab_header\cmake-build-debug\CMakeFiles\CMakeTmp\CheckSymbolExists.c:33:19: error: 'fcntl' undeclared (first use in this function); did you mean 'fcvt'?
   return ((int*)(&fcntl))[argc];
                   ^~~~~
                   fcvt
C:\Users\Iurii\CLionProjects\Task_30_4_2_Grab_header\cmake-build-debug\CMakeFiles\CMakeTmp\CheckSymbolExists.c:33:19: note: each undeclared identifier is reported only once for each function it appears in
C:\Users\Iurii\CLionProjects\Task_30_4_2_Grab_header\cmake-build-debug\CMakeFiles\CMakeTmp\CheckSymbolExists.c:29:14: warning: parameter 'argc' set but not used [-Wunused-but-set-parameter]
 int main(int argc, char** argv)
          ~~~~^~~~
mingw32-make.exe[1]: *** [CMakeFiles\cmTC_6d0ee.dir\build.make:77: CMakeFiles/cmTC_6d0ee.dir/CheckSymbolExists.c.obj] Error 1
mingw32-make.exe[1]: Leaving directory 'C:/Users/Iurii/CLionProjects/Task_30_4_2_Grab_header/cmake-build-debug/CMakeFiles/CMakeTmp'
mingw32-make.exe: *** [Makefile:126: cmTC_6d0ee/fast] Error 2


File C:/Users/Iurii/CLionProjects/Task_30_4_2_Grab_header/cmake-build-debug/CMakeFiles/CMakeTmp/CheckSymbolExists.c:
/* */
#include <windows.h>
#include <winsock.h>
#include <ws2tcpip.h>
#include <winsock2.h>
#include <wincrypt.h>
#include <stdio.h>
#include <sys/stat.h>
#include <sys/types.h>
#include <sys/utime.h>
#include <assert.h>
#include <errno.h>
#include <fcntl.h>
#include <io.h>
#include <libgen.h>
#include <locale.h>
#include <setjmp.h>
#include <signal.h>
#include <stdbool.h>
#include <stdio.h>
#include <stdlib.h>
#include <string.h>
#include <time.h>
#include <process.h>
#include <stddef.h>
#include <malloc.h>
#include <memory.h>

int main(int argc, char** argv)
{
  (void)argv;
#ifndef fcntl
  return ((int*)(&fcntl))[argc];
#else
  (void)argc;
  return 0;
#endif
}
Determining if the ioctl exist failed with the following output:
Change Dir: C:/Users/Iurii/CLionProjects/Task_30_4_2_Grab_header/cmake-build-debug/CMakeFiles/CMakeTmp

Run Build Command(s):C:/PROGRA~2/MINGW-~1/I686-8~1.0-P/mingw32/bin/mingw32-make.exe -f Makefile cmTC_4d775/fast && C:/PROGRA~2/MINGW-~1/I686-8~1.0-P/mingw32/bin/mingw32-make.exe  -f CMakeFiles\cmTC_4d775.dir\build.make CMakeFiles/cmTC_4d775.dir/build
mingw32-make.exe[1]: Entering directory 'C:/Users/Iurii/CLionProjects/Task_30_4_2_Grab_header/cmake-build-debug/CMakeFiles/CMakeTmp'
Building C object CMakeFiles/cmTC_4d775.dir/CheckSymbolExists.c.obj
C:\PROGRA~2\MINGW-~1\I686-8~1.0-P\mingw32\bin\gcc.exe   -pedantic -Wall -W -Wpointer-arith -Wwrite-strings -Wunused -Wshadow -Winline -Wnested-externs -Wmissing-declarations -Wmissing-prototypes -Wfloat-equal -Wsign-compare -Wundef -Wendif-labels -Wstrict-prototypes -Wdeclaration-after-statement -Wstrict-aliasing=3 -Wcast-align -Wtype-limits -Wold-style-declaration -Wmissing-parameter-type -Wempty-body -Wclobbered -Wignored-qualifiers -Wconversion -Wvla -Wdouble-promotion -Wno-long-long -Wno-multichar -Wno-format-nonliteral -Wno-sign-conversion -Wno-system-headers -Wno-pedantic-ms-format     -D_WIN32_WINNT=0x0600 -D_WINSOCKAPI_= -DSECURITY_WIN32 -o CMakeFiles\cmTC_4d775.dir\CheckSymbolExists.c.obj -c C:\Users\Iurii\CLionProjects\Task_30_4_2_Grab_header\cmake-build-debug\CMakeFiles\CMakeTmp\CheckSymbolExists.c
In file included from C:/PROGRA~2/MINGW-~1/I686-8~1.0-P/mingw32/i686-w64-mingw32/include/ws2tcpip.h:17,
                 from C:\Users\Iurii\CLionProjects\Task_30_4_2_Grab_header\cmake-build-debug\CMakeFiles\CMakeTmp\CheckSymbolExists.c:4:
C:/PROGRA~2/MINGW-~1/I686-8~1.0-P/mingw32/i686-w64-mingw32/include/winsock2.h:15:2: warning: #warning Please include winsock2.h before windows.h [-Wcpp]
 #warning Please include winsock2.h before windows.h
  ^~~~~~~
C:\Users\Iurii\CLionProjects\Task_30_4_2_Grab_header\cmake-build-debug\CMakeFiles\CMakeTmp\CheckSymbolExists.c: In function 'main':
C:\Users\Iurii\CLionProjects\Task_30_4_2_Grab_header\cmake-build-debug\CMakeFiles\CMakeTmp\CheckSymbolExists.c:33:19: error: 'ioctl' undeclared (first use in this function)
   return ((int*)(&ioctl))[argc];
                   ^~~~~
C:\Users\Iurii\CLionProjects\Task_30_4_2_Grab_header\cmake-build-debug\CMakeFiles\CMakeTmp\CheckSymbolExists.c:33:19: note: each undeclared identifier is reported only once for each function it appears in
C:\Users\Iurii\CLionProjects\Task_30_4_2_Grab_header\cmake-build-debug\CMakeFiles\CMakeTmp\CheckSymbolExists.c:29:14: warning: parameter 'argc' set but not used [-Wunused-but-set-parameter]
 int main(int argc, char** argv)
          ~~~~^~~~
mingw32-make.exe[1]: *** [CMakeFiles\cmTC_4d775.dir\build.make:77: CMakeFiles/cmTC_4d775.dir/CheckSymbolExists.c.obj] Error 1
mingw32-make.exe[1]: Leaving directory 'C:/Users/Iurii/CLionProjects/Task_30_4_2_Grab_header/cmake-build-debug/CMakeFiles/CMakeTmp'
mingw32-make.exe: *** [Makefile:126: cmTC_4d775/fast] Error 2


File C:/Users/Iurii/CLionProjects/Task_30_4_2_Grab_header/cmake-build-debug/CMakeFiles/CMakeTmp/CheckSymbolExists.c:
/* */
#include <windows.h>
#include <winsock.h>
#include <ws2tcpip.h>
#include <winsock2.h>
#include <wincrypt.h>
#include <stdio.h>
#include <sys/stat.h>
#include <sys/types.h>
#include <sys/utime.h>
#include <assert.h>
#include <errno.h>
#include <fcntl.h>
#include <io.h>
#include <libgen.h>
#include <locale.h>
#include <setjmp.h>
#include <signal.h>
#include <stdbool.h>
#include <stdio.h>
#include <stdlib.h>
#include <string.h>
#include <time.h>
#include <process.h>
#include <stddef.h>
#include <malloc.h>
#include <memory.h>

int main(int argc, char** argv)
{
  (void)argv;
#ifndef ioctl
  return ((int*)(&ioctl))[argc];
#else
  (void)argc;
  return 0;
#endif
}
Determining if the function mach_absolute_time exists failed with the following output:
Change Dir: C:/Users/Iurii/CLionProjects/Task_30_4_2_Grab_header/cmake-build-debug/CMakeFiles/CMakeTmp

Run Build Command(s):C:/PROGRA~2/MINGW-~1/I686-8~1.0-P/mingw32/bin/mingw32-make.exe -f Makefile cmTC_28196/fast && C:/PROGRA~2/MINGW-~1/I686-8~1.0-P/mingw32/bin/mingw32-make.exe  -f CMakeFiles\cmTC_28196.dir\build.make CMakeFiles/cmTC_28196.dir/build
mingw32-make.exe[1]: Entering directory 'C:/Users/Iurii/CLionProjects/Task_30_4_2_Grab_header/cmake-build-debug/CMakeFiles/CMakeTmp'
Building C object CMakeFiles/cmTC_28196.dir/CheckFunctionExists.c.obj
C:\PROGRA~2\MINGW-~1\I686-8~1.0-P\mingw32\bin\gcc.exe   -pedantic -Wall -W -Wpointer-arith -Wwrite-strings -Wunused -Wshadow -Winline -Wnested-externs -Wmissing-declarations -Wmissing-prototypes -Wfloat-equal -Wsign-compare -Wundef -Wendif-labels -Wstrict-prototypes -Wdeclaration-after-statement -Wstrict-aliasing=3 -Wcast-align -Wtype-limits -Wold-style-declaration -Wmissing-parameter-type -Wempty-body -Wclobbered -Wignored-qualifiers -Wconversion -Wvla -Wdouble-promotion -Wno-long-long -Wno-multichar -Wno-format-nonliteral -Wno-sign-conversion -Wno-system-headers -Wno-pedantic-ms-format -DCHECK_FUNCTION_EXISTS=mach_absolute_time    -D_WIN32_WINNT=0x0600 -D_WINSOCKAPI_= -DSECURITY_WIN32 -o CMakeFiles\cmTC_28196.dir\CheckFunctionExists.c.obj -c "C:\Program Files\JetBrains\CLion 2020.3.3\bin\cmake\win\share\cmake-3.20\Modules\CheckFunctionExists.c"
Linking C executable cmTC_28196.exe
"C:\Program Files\JetBrains\CLion 2020.3.3\bin\cmake\win\bin\cmake.exe" -E cmake_link_script CMakeFiles\cmTC_28196.dir\link.txt --verbose=1
"C:\Program Files\JetBrains\CLion 2020.3.3\bin\cmake\win\bin\cmake.exe" -E rm -f CMakeFiles\cmTC_28196.dir/objects.a
C:\PROGRA~2\MINGW-~1\I686-8~1.0-P\mingw32\bin\ar.exe cr CMakeFiles\cmTC_28196.dir/objects.a @CMakeFiles\cmTC_28196.dir\objects1.rsp
C:\PROGRA~2\MINGW-~1\I686-8~1.0-P\mingw32\bin\gcc.exe  -pedantic -Wall -W -Wpointer-arith -Wwrite-strings -Wunused -Wshadow -Winline -Wnested-externs -Wmissing-declarations -Wmissing-prototypes -Wfloat-equal -Wsign-compare -Wundef -Wendif-labels -Wstrict-prototypes -Wdeclaration-after-statement -Wstrict-aliasing=3 -Wcast-align -Wtype-limits -Wold-style-declaration -Wmissing-parameter-type -Wempty-body -Wclobbered -Wignored-qualifiers -Wconversion -Wvla -Wdouble-promotion -Wno-long-long -Wno-multichar -Wno-format-nonliteral -Wno-sign-conversion -Wno-system-headers -Wno-pedantic-ms-format -DCHECK_FUNCTION_EXISTS=mach_absolute_time -Wl,--whole-archive CMakeFiles\cmTC_28196.dir/objects.a -Wl,--no-whole-archive -o cmTC_28196.exe -Wl,--out-implib,libcmTC_28196.dll.a -Wl,--major-image-version,0,--minor-image-version,0 @CMakeFiles\cmTC_28196.dir\linklibs.rsp
CMakeFiles\cmTC_28196.dir/objects.a(CheckFunctionExists.c.obj):CheckFunctionExists.c:(.text+0xc): undefined reference to `mach_absolute_time'
collect2.exe: error: ld returned 1 exit status
mingw32-make.exe[1]: *** [CMakeFiles\cmTC_28196.dir\build.make:100: cmTC_28196.exe] Error 1
mingw32-make.exe[1]: Leaving directory 'C:/Users/Iurii/CLionProjects/Task_30_4_2_Grab_header/cmake-build-debug/CMakeFiles/CMakeTmp'
mingw32-make.exe: *** [Makefile:126: cmTC_28196/fast] Error 2



Determining if the fsetxattr exist failed with the following output:
Change Dir: C:/Users/Iurii/CLionProjects/Task_30_4_2_Grab_header/cmake-build-debug/CMakeFiles/CMakeTmp

Run Build Command(s):C:/PROGRA~2/MINGW-~1/I686-8~1.0-P/mingw32/bin/mingw32-make.exe -f Makefile cmTC_e63d6/fast && C:/PROGRA~2/MINGW-~1/I686-8~1.0-P/mingw32/bin/mingw32-make.exe  -f CMakeFiles\cmTC_e63d6.dir\build.make CMakeFiles/cmTC_e63d6.dir/build
mingw32-make.exe[1]: Entering directory 'C:/Users/Iurii/CLionProjects/Task_30_4_2_Grab_header/cmake-build-debug/CMakeFiles/CMakeTmp'
Building C object CMakeFiles/cmTC_e63d6.dir/CheckSymbolExists.c.obj
C:\PROGRA~2\MINGW-~1\I686-8~1.0-P\mingw32\bin\gcc.exe   -pedantic -Wall -W -Wpointer-arith -Wwrite-strings -Wunused -Wshadow -Winline -Wnested-externs -Wmissing-declarations -Wmissing-prototypes -Wfloat-equal -Wsign-compare -Wundef -Wendif-labels -Wstrict-prototypes -Wdeclaration-after-statement -Wstrict-aliasing=3 -Wcast-align -Wtype-limits -Wold-style-declaration -Wmissing-parameter-type -Wempty-body -Wclobbered -Wignored-qualifiers -Wconversion -Wvla -Wdouble-promotion -Wno-long-long -Wno-multichar -Wno-format-nonliteral -Wno-sign-conversion -Wno-system-headers -Wno-pedantic-ms-format     -D_WIN32_WINNT=0x0600 -D_WINSOCKAPI_= -DSECURITY_WIN32 -o CMakeFiles\cmTC_e63d6.dir\CheckSymbolExists.c.obj -c C:\Users\Iurii\CLionProjects\Task_30_4_2_Grab_header\cmake-build-debug\CMakeFiles\CMakeTmp\CheckSymbolExists.c
In file included from C:/PROGRA~2/MINGW-~1/I686-8~1.0-P/mingw32/i686-w64-mingw32/include/ws2tcpip.h:17,
                 from C:\Users\Iurii\CLionProjects\Task_30_4_2_Grab_header\cmake-build-debug\CMakeFiles\CMakeTmp\CheckSymbolExists.c:4:
C:/PROGRA~2/MINGW-~1/I686-8~1.0-P/mingw32/i686-w64-mingw32/include/winsock2.h:15:2: warning: #warning Please include winsock2.h before windows.h [-Wcpp]
 #warning Please include winsock2.h before windows.h
  ^~~~~~~
C:\Users\Iurii\CLionProjects\Task_30_4_2_Grab_header\cmake-build-debug\CMakeFiles\CMakeTmp\CheckSymbolExists.c: In function 'main':
C:\Users\Iurii\CLionProjects\Task_30_4_2_Grab_header\cmake-build-debug\CMakeFiles\CMakeTmp\CheckSymbolExists.c:33:19: error: 'fsetxattr' undeclared (first use in this function); did you mean 'fstat'?
   return ((int*)(&fsetxattr))[argc];
                   ^~~~~~~~~
                   fstat
C:\Users\Iurii\CLionProjects\Task_30_4_2_Grab_header\cmake-build-debug\CMakeFiles\CMakeTmp\CheckSymbolExists.c:33:19: note: each undeclared identifier is reported only once for each function it appears in
C:\Users\Iurii\CLionProjects\Task_30_4_2_Grab_header\cmake-build-debug\CMakeFiles\CMakeTmp\CheckSymbolExists.c:29:14: warning: parameter 'argc' set but not used [-Wunused-but-set-parameter]
 int main(int argc, char** argv)
          ~~~~^~~~
mingw32-make.exe[1]: *** [CMakeFiles\cmTC_e63d6.dir\build.make:77: CMakeFiles/cmTC_e63d6.dir/CheckSymbolExists.c.obj] Error 1
mingw32-make.exe[1]: Leaving directory 'C:/Users/Iurii/CLionProjects/Task_30_4_2_Grab_header/cmake-build-debug/CMakeFiles/CMakeTmp'
mingw32-make.exe: *** [Makefile:126: cmTC_e63d6/fast] Error 2


File C:/Users/Iurii/CLionProjects/Task_30_4_2_Grab_header/cmake-build-debug/CMakeFiles/CMakeTmp/CheckSymbolExists.c:
/* */
#include <windows.h>
#include <winsock.h>
#include <ws2tcpip.h>
#include <winsock2.h>
#include <wincrypt.h>
#include <stdio.h>
#include <sys/stat.h>
#include <sys/types.h>
#include <sys/utime.h>
#include <assert.h>
#include <errno.h>
#include <fcntl.h>
#include <io.h>
#include <libgen.h>
#include <locale.h>
#include <setjmp.h>
#include <signal.h>
#include <stdbool.h>
#include <stdio.h>
#include <stdlib.h>
#include <string.h>
#include <time.h>
#include <process.h>
#include <stddef.h>
#include <malloc.h>
#include <memory.h>

int main(int argc, char** argv)
{
  (void)argv;
#ifndef fsetxattr
  return ((int*)(&fsetxattr))[argc];
#else
  (void)argc;
  return 0;
#endif
}
Determining size of sa_family_t failed with the following output:
Change Dir: C:/Users/Iurii/CLionProjects/Task_30_4_2_Grab_header/cmake-build-debug/CMakeFiles/CMakeTmp

Run Build Command(s):C:/PROGRA~2/MINGW-~1/I686-8~1.0-P/mingw32/bin/mingw32-make.exe -f Makefile cmTC_46bec/fast && C:/PROGRA~2/MINGW-~1/I686-8~1.0-P/mingw32/bin/mingw32-make.exe  -f CMakeFiles\cmTC_46bec.dir\build.make CMakeFiles/cmTC_46bec.dir/build
mingw32-make.exe[1]: Entering directory 'C:/Users/Iurii/CLionProjects/Task_30_4_2_Grab_header/cmake-build-debug/CMakeFiles/CMakeTmp'
Building C object CMakeFiles/cmTC_46bec.dir/SIZEOF_SA_FAMILY_T.c.obj
C:\PROGRA~2\MINGW-~1\I686-8~1.0-P\mingw32\bin\gcc.exe   -pedantic -Wall -W -Wpointer-arith -Wwrite-strings -Wunused -Wshadow -Winline -Wnested-externs -Wmissing-declarations -Wmissing-prototypes -Wfloat-equal -Wsign-compare -Wundef -Wendif-labels -Wstrict-prototypes -Wdeclaration-after-statement -Wstrict-aliasing=3 -Wcast-align -Wtype-limits -Wold-style-declaration -Wmissing-parameter-type -Wempty-body -Wclobbered -Wignored-qualifiers -Wconversion -Wvla -Wdouble-promotion -Wno-long-long -Wno-multichar -Wno-format-nonliteral -Wno-sign-conversion -Wno-system-headers -Wno-pedantic-ms-format     -D_WIN32_WINNT=0x0600 -D_WINSOCKAPI_= -DSECURITY_WIN32 -o CMakeFiles\cmTC_46bec.dir\SIZEOF_SA_FAMILY_T.c.obj -c C:\Users\Iurii\CLionProjects\Task_30_4_2_Grab_header\cmake-build-debug\CMakeFiles\CheckTypeSize\SIZEOF_SA_FAMILY_T.c
C:\Users\Iurii\CLionProjects\Task_30_4_2_Grab_header\cmake-build-debug\CMakeFiles\CheckTypeSize\SIZEOF_SA_FAMILY_T.c:3:10: fatal error: sys/socket.h: No such file or directory
 #include "sys/socket.h"
          ^~~~~~~~~~~~~~
compilation terminated.
mingw32-make.exe[1]: *** [CMakeFiles\cmTC_46bec.dir\build.make:77: CMakeFiles/cmTC_46bec.dir/SIZEOF_SA_FAMILY_T.c.obj] Error 1
mingw32-make.exe[1]: Leaving directory 'C:/Users/Iurii/CLionProjects/Task_30_4_2_Grab_header/cmake-build-debug/CMakeFiles/CMakeTmp'
mingw32-make.exe: *** [Makefile:126: cmTC_46bec/fast] Error 2


C:/Users/Iurii/CLionProjects/Task_30_4_2_Grab_header/cmake-build-debug/CMakeFiles/CheckTypeSize/SIZEOF_SA_FAMILY_T.c:
#include <sys/types.h>
#include <stddef.h>
#include "sys/socket.h"


#undef KEY
#if defined(__i386)
# define KEY '_','_','i','3','8','6'
#elif defined(__x86_64)
# define KEY '_','_','x','8','6','_','6','4'
#elif defined(__PPC64__)
# define KEY '_','_','P','P','C','6','4','_','_'
#elif defined(__ppc64__)
# define KEY '_','_','p','p','c','6','4','_','_'
#elif defined(__PPC__)
# define KEY '_','_','P','P','C','_','_'
#elif defined(__ppc__)
# define KEY '_','_','p','p','c','_','_'
#elif defined(__aarch64__)
# define KEY '_','_','a','a','r','c','h','6','4','_','_'
#elif defined(__ARM_ARCH_7A__)
# define KEY '_','_','A','R','M','_','A','R','C','H','_','7','A','_','_'
#elif defined(__ARM_ARCH_7S__)
# define KEY '_','_','A','R','M','_','A','R','C','H','_','7','S','_','_'
#endif

#define SIZE (sizeof(sa_family_t))
static char info_size[] =  {'I', 'N', 'F', 'O', ':', 's','i','z','e','[',
  ('0' + ((SIZE / 10000)%10)),
  ('0' + ((SIZE / 1000)%10)),
  ('0' + ((SIZE / 100)%10)),
  ('0' + ((SIZE / 10)%10)),
  ('0' +  (SIZE    % 10)),
  ']',
#ifdef KEY
  ' ','k','e','y','[', KEY, ']',
#endif
  '\0'};

#ifdef __CLASSIC_C__
int main(argc, argv) int argc; char *argv[];
#else
int main(int argc, char *argv[])
#endif
{
  int require = 0;
  require += info_size[argc];
  (void)argv;
  return require;
}


Determining size of ADDRESS_FAMILY failed with the following output:
Change Dir: C:/Users/Iurii/CLionProjects/Task_30_4_2_Grab_header/cmake-build-debug/CMakeFiles/CMakeTmp

Run Build Command(s):C:/PROGRA~2/MINGW-~1/I686-8~1.0-P/mingw32/bin/mingw32-make.exe -f Makefile cmTC_ba192/fast && C:/PROGRA~2/MINGW-~1/I686-8~1.0-P/mingw32/bin/mingw32-make.exe  -f CMakeFiles\cmTC_ba192.dir\build.make CMakeFiles/cmTC_ba192.dir/build
mingw32-make.exe[1]: Entering directory 'C:/Users/Iurii/CLionProjects/Task_30_4_2_Grab_header/cmake-build-debug/CMakeFiles/CMakeTmp'
Building C object CMakeFiles/cmTC_ba192.dir/SIZEOF_ADDRESS_FAMILY.c.obj
C:\PROGRA~2\MINGW-~1\I686-8~1.0-P\mingw32\bin\gcc.exe   -pedantic -Wall -W -Wpointer-arith -Wwrite-strings -Wunused -Wshadow -Winline -Wnested-externs -Wmissing-declarations -Wmissing-prototypes -Wfloat-equal -Wsign-compare -Wundef -Wendif-labels -Wstrict-prototypes -Wdeclaration-after-statement -Wstrict-aliasing=3 -Wcast-align -Wtype-limits -Wold-style-declaration -Wmissing-parameter-type -Wempty-body -Wclobbered -Wignored-qualifiers -Wconversion -Wvla -Wdouble-promotion -Wno-long-long -Wno-multichar -Wno-format-nonliteral -Wno-sign-conversion -Wno-system-headers -Wno-pedantic-ms-format     -D_WIN32_WINNT=0x0600 -D_WINSOCKAPI_= -DSECURITY_WIN32 -o CMakeFiles\cmTC_ba192.dir\SIZEOF_ADDRESS_FAMILY.c.obj -c C:\Users\Iurii\CLionProjects\Task_30_4_2_Grab_header\cmake-build-debug\CMakeFiles\CheckTypeSize\SIZEOF_ADDRESS_FAMILY.c
In file included from C:\Users\Iurii\CLionProjects\Task_30_4_2_Grab_header\cmake-build-debug\CMakeFiles\CheckTypeSize\SIZEOF_ADDRESS_FAMILY.c:3:
C:/PROGRA~2/MINGW-~1/I686-8~1.0-P/mingw32/i686-w64-mingw32/include/ws2def.h:31:2: error: unknown type name 'ULONG'
  ULONG Zone : 28;
  ^~~~~
C:/PROGRA~2/MINGW-~1/I686-8~1.0-P/mingw32/i686-w64-mingw32/include/ws2def.h:32:2: error: unknown type name 'ULONG'
  ULONG Level : 4;
  ^~~~~
C:/PROGRA~2/MINGW-~1/I686-8~1.0-P/mingw32/i686-w64-mingw32/include/ws2def.h:34:5: error: unknown type name 'ULONG'
     ULONG Value;
     ^~~~~
C:\Users\Iurii\CLionProjects\Task_30_4_2_Grab_header\cmake-build-debug\CMakeFiles\CheckTypeSize\SIZEOF_ADDRESS_FAMILY.c:27:22: error: 'ADDRESS_FAMILY' undeclared here (not in a function); did you mean 'WINAPI_FAMILY'?
 #define SIZE (sizeof(ADDRESS_FAMILY))
                      ^~~~~~~~~~~~~~
C:\Users\Iurii\CLionProjects\Task_30_4_2_Grab_header\cmake-build-debug\CMakeFiles\CheckTypeSize\SIZEOF_ADDRESS_FAMILY.c:29:12: note: in expansion of macro 'SIZE'
   ('0' + ((SIZE / 10000)%10)),
            ^~~~
mingw32-make.exe[1]: *** [CMakeFiles\cmTC_ba192.dir\build.make:77: CMakeFiles/cmTC_ba192.dir/SIZEOF_ADDRESS_FAMILY.c.obj] Error 1
mingw32-make.exe[1]: Leaving directory 'C:/Users/Iurii/CLionProjects/Task_30_4_2_Grab_header/cmake-build-debug/CMakeFiles/CMakeTmp'
mingw32-make.exe: *** [Makefile:126: cmTC_ba192/fast] Error 2


C:/Users/Iurii/CLionProjects/Task_30_4_2_Grab_header/cmake-build-debug/CMakeFiles/CheckTypeSize/SIZEOF_ADDRESS_FAMILY.c:
#include <sys/types.h>
#include <stddef.h>
#include "ws2def.h"


#undef KEY
#if defined(__i386)
# define KEY '_','_','i','3','8','6'
#elif defined(__x86_64)
# define KEY '_','_','x','8','6','_','6','4'
#elif defined(__PPC64__)
# define KEY '_','_','P','P','C','6','4','_','_'
#elif defined(__ppc64__)
# define KEY '_','_','p','p','c','6','4','_','_'
#elif defined(__PPC__)
# define KEY '_','_','P','P','C','_','_'
#elif defined(__ppc__)
# define KEY '_','_','p','p','c','_','_'
#elif defined(__aarch64__)
# define KEY '_','_','a','a','r','c','h','6','4','_','_'
#elif defined(__ARM_ARCH_7A__)
# define KEY '_','_','A','R','M','_','A','R','C','H','_','7','A','_','_'
#elif defined(__ARM_ARCH_7S__)
# define KEY '_','_','A','R','M','_','A','R','C','H','_','7','S','_','_'
#endif

#define SIZE (sizeof(ADDRESS_FAMILY))
static char info_size[] =  {'I', 'N', 'F', 'O', ':', 's','i','z','e','[',
  ('0' + ((SIZE / 10000)%10)),
  ('0' + ((SIZE / 1000)%10)),
  ('0' + ((SIZE / 100)%10)),
  ('0' + ((SIZE / 10)%10)),
  ('0' +  (SIZE    % 10)),
  ']',
#ifdef KEY
  ' ','k','e','y','[', KEY, ']',
#endif
  '\0'};

#ifdef __CLASSIC_C__
int main(argc, argv) int argc; char *argv[];
#else
int main(int argc, char *argv[])
#endif
{
  int require = 0;
  require += info_size[argc];
  (void)argv;
  return require;
}


Performing Curl Test HAVE_FCNTL_O_NONBLOCK failed with the following output:
Change Dir: C:/Users/Iurii/CLionProjects/Task_30_4_2_Grab_header/cmake-build-debug/CMakeFiles/CMakeTmp

Run Build Command(s):C:/PROGRA~2/MINGW-~1/I686-8~1.0-P/mingw32/bin/mingw32-make.exe -f Makefile cmTC_33577/fast && C:/PROGRA~2/MINGW-~1/I686-8~1.0-P/mingw32/bin/mingw32-make.exe  -f CMakeFiles\cmTC_33577.dir\build.make CMakeFiles/cmTC_33577.dir/build
mingw32-make.exe[1]: Entering directory 'C:/Users/Iurii/CLionProjects/Task_30_4_2_Grab_header/cmake-build-debug/CMakeFiles/CMakeTmp'
Building C object CMakeFiles/cmTC_33577.dir/CurlTests.c.obj
C:\PROGRA~2\MINGW-~1\I686-8~1.0-P\mingw32\bin\gcc.exe   -pedantic -Wall -W -Wpointer-arith -Wwrite-strings -Wunused -Wshadow -Winline -Wnested-externs -Wmissing-declarations -Wmissing-prototypes -Wfloat-equal -Wsign-compare -Wundef -Wendif-labels -Wstrict-prototypes -Wdeclaration-after-statement -Wstrict-aliasing=3 -Wcast-align -Wtype-limits -Wold-style-declaration -Wmissing-parameter-type -Wempty-body -Wclobbered -Wignored-qualifiers -Wconversion -Wvla -Wdouble-promotion -Wno-long-long -Wno-multichar -Wno-format-nonliteral -Wno-sign-conversion -Wno-system-headers -Wno-pedantic-ms-format -DHAVE_FCNTL_O_NONBLOCK  -DHAVE_WINDOWS_H -DHAVE_WINSOCK_H -DHAVE_WS2TCPIP_H -DHAVE_WINSOCK2_H -DHAVE_WINCRYPT_H -DHAVE_STDIO_H -DHAVE_SYS_STAT_H -DHAVE_SYS_TYPES_H -DHAVE_SYS_UTIME_H -DHAVE_ASSERT_H -DHAVE_ERRNO_H -DHAVE_FCNTL_H -DHAVE_IO_H -DHAVE_LIBGEN_H -DHAVE_LOCALE_H -DHAVE_SETJMP_H -DHAVE_SIGNAL_H -DHAVE_STDBOOL_H -DHAVE_STDIO_H -DHAVE_STDLIB_H -DHAVE_STRING_H -DHAVE_TIME_H -DHAVE_PROCESS_H -DHAVE_STDDEF_H -DHAVE_MALLOC_H -DHAVE_MEMORY_H -o CMakeFiles\cmTC_33577.dir\CurlTests.c.obj -c C:\Users\Iurii\CLionProjects\Task_30_4_2_Grab_header\cmake-build-debug\_deps\curl-src\CMake\CurlTests.c
C:\Users\Iurii\CLionProjects\Task_30_4_2_Grab_header\cmake-build-debug\_deps\curl-src\CMake\CurlTests.c:64:1: warning: function declaration isn't a prototype [-Wstrict-prototypes]
 main ()
 ^~~~
C:\Users\Iurii\CLionProjects\Task_30_4_2_Grab_header\cmake-build-debug\_deps\curl-src\CMake\CurlTests.c: In function 'main':
C:\Users\Iurii\CLionProjects\Task_30_4_2_Grab_header\cmake-build-debug\_deps\curl-src\CMake\CurlTests.c:68:15: warning: implicit declaration of function 'fcntl' [-Wimplicit-function-declaration]
       if(0 != fcntl(0, F_SETFL, flags | O_NONBLOCK))
               ^~~~~
C:\Users\Iurii\CLionProjects\Task_30_4_2_Grab_header\cmake-build-debug\_deps\curl-src\CMake\CurlTests.c:68:15: warning: nested extern declaration of 'fcntl' [-Wnested-externs]
C:\Users\Iurii\CLionProjects\Task_30_4_2_Grab_header\cmake-build-debug\_deps\curl-src\CMake\CurlTests.c:68:24: error: 'F_SETFL' undeclared (first use in this function)
       if(0 != fcntl(0, F_SETFL, flags | O_NONBLOCK))
                        ^~~~~~~
C:\Users\Iurii\CLionProjects\Task_30_4_2_Grab_header\cmake-build-debug\_deps\curl-src\CMake\CurlTests.c:68:24: note: each undeclared identifier is reported only once for each function it appears in
C:\Users\Iurii\CLionProjects\Task_30_4_2_Grab_header\cmake-build-debug\_deps\curl-src\CMake\CurlTests.c:68:41: error: 'O_NONBLOCK' undeclared (first use in this function)
       if(0 != fcntl(0, F_SETFL, flags | O_NONBLOCK))
                                         ^~~~~~~~~~
mingw32-make.exe[1]: *** [CMakeFiles\cmTC_33577.dir\build.make:77: CMakeFiles/cmTC_33577.dir/CurlTests.c.obj] Error 1
mingw32-make.exe[1]: Leaving directory 'C:/Users/Iurii/CLionProjects/Task_30_4_2_Grab_header/cmake-build-debug/CMakeFiles/CMakeTmp'
mingw32-make.exe: *** [Makefile:126: cmTC_33577/fast] Error 2


Performing Curl Test HAVE_IOCTLSOCKET_CAMEL failed with the following output:
Change Dir: C:/Users/Iurii/CLionProjects/Task_30_4_2_Grab_header/cmake-build-debug/CMakeFiles/CMakeTmp

Run Build Command(s):C:/PROGRA~2/MINGW-~1/I686-8~1.0-P/mingw32/bin/mingw32-make.exe -f Makefile cmTC_57ec6/fast && C:/PROGRA~2/MINGW-~1/I686-8~1.0-P/mingw32/bin/mingw32-make.exe  -f CMakeFiles\cmTC_57ec6.dir\build.make CMakeFiles/cmTC_57ec6.dir/build
mingw32-make.exe[1]: Entering directory 'C:/Users/Iurii/CLionProjects/Task_30_4_2_Grab_header/cmake-build-debug/CMakeFiles/CMakeTmp'
Building C object CMakeFiles/cmTC_57ec6.dir/CurlTests.c.obj
C:\PROGRA~2\MINGW-~1\I686-8~1.0-P\mingw32\bin\gcc.exe   -pedantic -Wall -W -Wpointer-arith -Wwrite-strings -Wunused -Wshadow -Winline -Wnested-externs -Wmissing-declarations -Wmissing-prototypes -Wfloat-equal -Wsign-compare -Wundef -Wendif-labels -Wstrict-prototypes -Wdeclaration-after-statement -Wstrict-aliasing=3 -Wcast-align -Wtype-limits -Wold-style-declaration -Wmissing-parameter-type -Wempty-body -Wclobbered -Wignored-qualifiers -Wconversion -Wvla -Wdouble-promotion -Wno-long-long -Wno-multichar -Wno-format-nonliteral -Wno-sign-conversion -Wno-system-headers -Wno-pedantic-ms-format -DHAVE_IOCTLSOCKET_CAMEL  -DHAVE_WINDOWS_H -DHAVE_WINSOCK_H -DHAVE_WS2TCPIP_H -DHAVE_WINSOCK2_H -DHAVE_WINCRYPT_H -DHAVE_STDIO_H -DHAVE_SYS_STAT_H -DHAVE_SYS_TYPES_H -DHAVE_SYS_UTIME_H -DHAVE_ASSERT_H -DHAVE_ERRNO_H -DHAVE_FCNTL_H -DHAVE_IO_H -DHAVE_LIBGEN_H -DHAVE_LOCALE_H -DHAVE_SETJMP_H -DHAVE_SIGNAL_H -DHAVE_STDBOOL_H -DHAVE_STDIO_H -DHAVE_STDLIB_H -DHAVE_STRING_H -DHAVE_TIME_H -DHAVE_PROCESS_H -DHAVE_STDDEF_H -DHAVE_MALLOC_H -DHAVE_MEMORY_H -o CMakeFiles\cmTC_57ec6.dir\CurlTests.c.obj -c C:\Users\Iurii\CLionProjects\Task_30_4_2_Grab_header\cmake-build-debug\_deps\curl-src\CMake\CurlTests.c
C:\Users\Iurii\CLionProjects\Task_30_4_2_Grab_header\cmake-build-debug\_deps\curl-src\CMake\CurlTests.c:269:1: warning: function declaration isn't a prototype [-Wstrict-prototypes]
 main ()
 ^~~~
C:\Users\Iurii\CLionProjects\Task_30_4_2_Grab_header\cmake-build-debug\_deps\curl-src\CMake\CurlTests.c: In function 'main':
C:\Users\Iurii\CLionProjects\Task_30_4_2_Grab_header\cmake-build-debug\_deps\curl-src\CMake\CurlTests.c:273:13: warning: implicit declaration of function 'IoctlSocket'; did you mean 'ioctlsocket'? [-Wimplicit-function-declaration]
     if(0 != IoctlSocket(0, 0, 0))
             ^~~~~~~~~~~
             ioctlsocket
C:\Users\Iurii\CLionProjects\Task_30_4_2_Grab_header\cmake-build-debug\_deps\curl-src\CMake\CurlTests.c:273:13: warning: nested extern declaration of 'IoctlSocket' [-Wnested-externs]
Linking C executable cmTC_57ec6.exe
"C:\Program Files\JetBrains\CLion 2020.3.3\bin\cmake\win\bin\cmake.exe" -E cmake_link_script CMakeFiles\cmTC_57ec6.dir\link.txt --verbose=1
"C:\Program Files\JetBrains\CLion 2020.3.3\bin\cmake\win\bin\cmake.exe" -E rm -f CMakeFiles\cmTC_57ec6.dir/objects.a
C:\PROGRA~2\MINGW-~1\I686-8~1.0-P\mingw32\bin\ar.exe cr CMakeFiles\cmTC_57ec6.dir/objects.a @CMakeFiles\cmTC_57ec6.dir\objects1.rsp
C:\PROGRA~2\MINGW-~1\I686-8~1.0-P\mingw32\bin\gcc.exe  -pedantic -Wall -W -Wpointer-arith -Wwrite-strings -Wunused -Wshadow -Winline -Wnested-externs -Wmissing-declarations -Wmissing-prototypes -Wfloat-equal -Wsign-compare -Wundef -Wendif-labels -Wstrict-prototypes -Wdeclaration-after-statement -Wstrict-aliasing=3 -Wcast-align -Wtype-limits -Wold-style-declaration -Wmissing-parameter-type -Wempty-body -Wclobbered -Wignored-qualifiers -Wconversion -Wvla -Wdouble-promotion -Wno-long-long -Wno-multichar -Wno-format-nonliteral -Wno-sign-conversion -Wno-system-headers -Wno-pedantic-ms-format -DHAVE_IOCTLSOCKET_CAMEL  -DHAVE_WINDOWS_H -DHAVE_WINSOCK_H -DHAVE_WS2TCPIP_H -DHAVE_WINSOCK2_H -DHAVE_WINCRYPT_H -DHAVE_STDIO_H -DHAVE_SYS_STAT_H -DHAVE_SYS_TYPES_H -DHAVE_SYS_UTIME_H -DHAVE_ASSERT_H -DHAVE_ERRNO_H -DHAVE_FCNTL_H -DHAVE_IO_H -DHAVE_LIBGEN_H -DHAVE_LOCALE_H -DHAVE_SETJMP_H -DHAVE_SIGNAL_H -DHAVE_STDBOOL_H -DHAVE_STDIO_H -DHAVE_STDLIB_H -DHAVE_STRING_H -DHAVE_TIME_H -DHAVE_PROCESS_H -DHAVE_STDDEF_H -DHAVE_MALLOC_H -DHAVE_MEMORY_H -Wl,--whole-archive CMakeFiles\cmTC_57ec6.dir/objects.a -Wl,--no-whole-archive -o cmTC_57ec6.exe -Wl,--out-implib,libcmTC_57ec6.dll.a -Wl,--major-image-version,0,--minor-image-version,0 @CMakeFiles\cmTC_57ec6.dir\linklibs.rsp
CMakeFiles\cmTC_57ec6.dir/objects.a(CurlTests.c.obj):CurlTests.c:(.text+0x26): undefined reference to `IoctlSocket'
collect2.exe: error: ld returned 1 exit status
mingw32-make.exe[1]: *** [CMakeFiles\cmTC_57ec6.dir\build.make:100: cmTC_57ec6.exe] Error 1
mingw32-make.exe[1]: Leaving directory 'C:/Users/Iurii/CLionProjects/Task_30_4_2_Grab_header/cmake-build-debug/CMakeFiles/CMakeTmp'
mingw32-make.exe: *** [Makefile:126: cmTC_57ec6/fast] Error 2


Performing Curl Test HAVE_IOCTLSOCKET_CAMEL_FIONBIO failed with the following output:
Change Dir: C:/Users/Iurii/CLionProjects/Task_30_4_2_Grab_header/cmake-build-debug/CMakeFiles/CMakeTmp

Run Build Command(s):C:/PROGRA~2/MINGW-~1/I686-8~1.0-P/mingw32/bin/mingw32-make.exe -f Makefile cmTC_c1280/fast && C:/PROGRA~2/MINGW-~1/I686-8~1.0-P/mingw32/bin/mingw32-make.exe  -f CMakeFiles\cmTC_c1280.dir\build.make CMakeFiles/cmTC_c1280.dir/build
mingw32-make.exe[1]: Entering directory 'C:/Users/Iurii/CLionProjects/Task_30_4_2_Grab_header/cmake-build-debug/CMakeFiles/CMakeTmp'
Building C object CMakeFiles/cmTC_c1280.dir/CurlTests.c.obj
C:\PROGRA~2\MINGW-~1\I686-8~1.0-P\mingw32\bin\gcc.exe   -pedantic -Wall -W -Wpointer-arith -Wwrite-strings -Wunused -Wshadow -Winline -Wnested-externs -Wmissing-declarations -Wmissing-prototypes -Wfloat-equal -Wsign-compare -Wundef -Wendif-labels -Wstrict-prototypes -Wdeclaration-after-statement -Wstrict-aliasing=3 -Wcast-align -Wtype-limits -Wold-style-declaration -Wmissing-parameter-type -Wempty-body -Wclobbered -Wignored-qualifiers -Wconversion -Wvla -Wdouble-promotion -Wno-long-long -Wno-multichar -Wno-format-nonliteral -Wno-sign-conversion -Wno-system-headers -Wno-pedantic-ms-format -DHAVE_IOCTLSOCKET_CAMEL_FIONBIO  -DHAVE_WINDOWS_H -DHAVE_WINSOCK_H -DHAVE_WS2TCPIP_H -DHAVE_WINSOCK2_H -DHAVE_WINCRYPT_H -DHAVE_STDIO_H -DHAVE_SYS_STAT_H -DHAVE_SYS_TYPES_H -DHAVE_SYS_UTIME_H -DHAVE_ASSERT_H -DHAVE_ERRNO_H -DHAVE_FCNTL_H -DHAVE_IO_H -DHAVE_LIBGEN_H -DHAVE_LOCALE_H -DHAVE_SETJMP_H -DHAVE_SIGNAL_H -DHAVE_STDBOOL_H -DHAVE_STDIO_H -DHAVE_STDLIB_H -DHAVE_STRING_H -DHAVE_TIME_H -DHAVE_PROCESS_H -DHAVE_STDDEF_H -DHAVE_MALLOC_H -DHAVE_MEMORY_H -o CMakeFiles\cmTC_c1280.dir\CurlTests.c.obj -c C:\Users\Iurii\CLionProjects\Task_30_4_2_Grab_header\cmake-build-debug\_deps\curl-src\CMake\CurlTests.c
C:\Users\Iurii\CLionProjects\Task_30_4_2_Grab_header\cmake-build-debug\_deps\curl-src\CMake\CurlTests.c:296:1: warning: function declaration isn't a prototype [-Wstrict-prototypes]
 main ()
 ^~~~
C:\Users\Iurii\CLionProjects\Task_30_4_2_Grab_header\cmake-build-debug\_deps\curl-src\CMake\CurlTests.c: In function 'main':
C:\Users\Iurii\CLionProjects\Task_30_4_2_Grab_header\cmake-build-debug\_deps\curl-src\CMake\CurlTests.c:301:17: warning: implicit declaration of function 'IoctlSocket'; did you mean 'ioctlsocket'? [-Wimplicit-function-declaration]
         if(0 != IoctlSocket(0, FIONBIO, &flags))
                 ^~~~~~~~~~~
                 ioctlsocket
C:\Users\Iurii\CLionProjects\Task_30_4_2_Grab_header\cmake-build-debug\_deps\curl-src\CMake\CurlTests.c:301:17: warning: nested extern declaration of 'IoctlSocket' [-Wnested-externs]
Linking C executable cmTC_c1280.exe
"C:\Program Files\JetBrains\CLion 2020.3.3\bin\cmake\win\bin\cmake.exe" -E cmake_link_script CMakeFiles\cmTC_c1280.dir\link.txt --verbose=1
"C:\Program Files\JetBrains\CLion 2020.3.3\bin\cmake\win\bin\cmake.exe" -E rm -f CMakeFiles\cmTC_c1280.dir/objects.a
C:\PROGRA~2\MINGW-~1\I686-8~1.0-P\mingw32\bin\ar.exe cr CMakeFiles\cmTC_c1280.dir/objects.a @CMakeFiles\cmTC_c1280.dir\objects1.rsp
C:\PROGRA~2\MINGW-~1\I686-8~1.0-P\mingw32\bin\gcc.exe  -pedantic -Wall -W -Wpointer-arith -Wwrite-strings -Wunused -Wshadow -Winline -Wnested-externs -Wmissing-declarations -Wmissing-prototypes -Wfloat-equal -Wsign-compare -Wundef -Wendif-labels -Wstrict-prototypes -Wdeclaration-after-statement -Wstrict-aliasing=3 -Wcast-align -Wtype-limits -Wold-style-declaration -Wmissing-parameter-type -Wempty-body -Wclobbered -Wignored-qualifiers -Wconversion -Wvla -Wdouble-promotion -Wno-long-long -Wno-multichar -Wno-format-nonliteral -Wno-sign-conversion -Wno-system-headers -Wno-pedantic-ms-format -DHAVE_IOCTLSOCKET_CAMEL_FIONBIO  -DHAVE_WINDOWS_H -DHAVE_WINSOCK_H -DHAVE_WS2TCPIP_H -DHAVE_WINSOCK2_H -DHAVE_WINCRYPT_H -DHAVE_STDIO_H -DHAVE_SYS_STAT_H -DHAVE_SYS_TYPES_H -DHAVE_SYS_UTIME_H -DHAVE_ASSERT_H -DHAVE_ERRNO_H -DHAVE_FCNTL_H -DHAVE_IO_H -DHAVE_LIBGEN_H -DHAVE_LOCALE_H -DHAVE_SETJMP_H -DHAVE_SIGNAL_H -DHAVE_STDBOOL_H -DHAVE_STDIO_H -DHAVE_STDLIB_H -DHAVE_STRING_H -DHAVE_TIME_H -DHAVE_PROCESS_H -DHAVE_STDDEF_H -DHAVE_MALLOC_H -DHAVE_MEMORY_H -Wl,--whole-archive CMakeFiles\cmTC_c1280.dir/objects.a -Wl,--no-whole-archive -o cmTC_c1280.exe -Wl,--out-implib,libcmTC_c1280.dll.a -Wl,--major-image-version,0,--minor-image-version,0 @CMakeFiles\cmTC_c1280.dir\linklibs.rsp
CMakeFiles\cmTC_c1280.dir/objects.a(CurlTests.c.obj):CurlTests.c:(.text+0x2e): undefined reference to `IoctlSocket'
collect2.exe: error: ld returned 1 exit status
mingw32-make.exe[1]: *** [CMakeFiles\cmTC_c1280.dir\build.make:100: cmTC_c1280.exe] Error 1
mingw32-make.exe[1]: Leaving directory 'C:/Users/Iurii/CLionProjects/Task_30_4_2_Grab_header/cmake-build-debug/CMakeFiles/CMakeTmp'
mingw32-make.exe: *** [Makefile:126: cmTC_c1280/fast] Error 2


Performing Curl Test HAVE_IOCTL_FIONBIO failed with the following output:
Change Dir: C:/Users/Iurii/CLionProjects/Task_30_4_2_Grab_header/cmake-build-debug/CMakeFiles/CMakeTmp

Run Build Command(s):C:/PROGRA~2/MINGW-~1/I686-8~1.0-P/mingw32/bin/mingw32-make.exe -f Makefile cmTC_44a39/fast && C:/PROGRA~2/MINGW-~1/I686-8~1.0-P/mingw32/bin/mingw32-make.exe  -f CMakeFiles\cmTC_44a39.dir\build.make CMakeFiles/cmTC_44a39.dir/build
mingw32-make.exe[1]: Entering directory 'C:/Users/Iurii/CLionProjects/Task_30_4_2_Grab_header/cmake-build-debug/CMakeFiles/CMakeTmp'
Building C object CMakeFiles/cmTC_44a39.dir/CurlTests.c.obj
C:\PROGRA~2\MINGW-~1\I686-8~1.0-P\mingw32\bin\gcc.exe   -pedantic -Wall -W -Wpointer-arith -Wwrite-strings -Wunused -Wshadow -Winline -Wnested-externs -Wmissing-declarations -Wmissing-prototypes -Wfloat-equal -Wsign-compare -Wundef -Wendif-labels -Wstrict-prototypes -Wdeclaration-after-statement -Wstrict-aliasing=3 -Wcast-align -Wtype-limits -Wold-style-declaration -Wmissing-parameter-type -Wempty-body -Wclobbered -Wignored-qualifiers -Wconversion -Wvla -Wdouble-promotion -Wno-long-long -Wno-multichar -Wno-format-nonliteral -Wno-sign-conversion -Wno-system-headers -Wno-pedantic-ms-format -DHAVE_IOCTL_FIONBIO  -DHAVE_WINDOWS_H -DHAVE_WINSOCK_H -DHAVE_WS2TCPIP_H -DHAVE_WINSOCK2_H -DHAVE_WINCRYPT_H -DHAVE_STDIO_H -DHAVE_SYS_STAT_H -DHAVE_SYS_TYPES_H -DHAVE_SYS_UTIME_H -DHAVE_ASSERT_H -DHAVE_ERRNO_H -DHAVE_FCNTL_H -DHAVE_IO_H -DHAVE_LIBGEN_H -DHAVE_LOCALE_H -DHAVE_SETJMP_H -DHAVE_SIGNAL_H -DHAVE_STDBOOL_H -DHAVE_STDIO_H -DHAVE_STDLIB_H -DHAVE_STRING_H -DHAVE_TIME_H -DHAVE_PROCESS_H -DHAVE_STDDEF_H -DHAVE_MALLOC_H -DHAVE_MEMORY_H -o CMakeFiles\cmTC_44a39.dir\CurlTests.c.obj -c C:\Users\Iurii\CLionProjects\Task_30_4_2_Grab_header\cmake-build-debug\_deps\curl-src\CMake\CurlTests.c
C:\Users\Iurii\CLionProjects\Task_30_4_2_Grab_header\cmake-build-debug\_deps\curl-src\CMake\CurlTests.c:355:1: warning: function declaration isn't a prototype [-Wstrict-prototypes]
 main ()
 ^~~~
C:\Users\Iurii\CLionProjects\Task_30_4_2_Grab_header\cmake-build-debug\_deps\curl-src\CMake\CurlTests.c: In function 'main':
C:\Users\Iurii\CLionProjects\Task_30_4_2_Grab_header\cmake-build-debug\_deps\curl-src\CMake\CurlTests.c:359:17: warning: implicit declaration of function 'ioctl' [-Wimplicit-function-declaration]
         if(0 != ioctl(0, FIONBIO, &flags))
                 ^~~~~
C:\Users\Iurii\CLionProjects\Task_30_4_2_Grab_header\cmake-build-debug\_deps\curl-src\CMake\CurlTests.c:359:17: warning: nested extern declaration of 'ioctl' [-Wnested-externs]
C:\Users\Iurii\CLionProjects\Task_30_4_2_Grab_header\cmake-build-debug\_deps\curl-src\CMake\CurlTests.c:359:26: error: 'FIONBIO' undeclared (first use in this function)
         if(0 != ioctl(0, FIONBIO, &flags))
                          ^~~~~~~
C:\Users\Iurii\CLionProjects\Task_30_4_2_Grab_header\cmake-build-debug\_deps\curl-src\CMake\CurlTests.c:359:26: note: each undeclared identifier is reported only once for each function it appears in
mingw32-make.exe[1]: *** [CMakeFiles\cmTC_44a39.dir\build.make:77: CMakeFiles/cmTC_44a39.dir/CurlTests.c.obj] Error 1
mingw32-make.exe[1]: Leaving directory 'C:/Users/Iurii/CLionProjects/Task_30_4_2_Grab_header/cmake-build-debug/CMakeFiles/CMakeTmp'
mingw32-make.exe: *** [Makefile:126: cmTC_44a39/fast] Error 2


Performing Curl Test HAVE_IOCTL_SIOCGIFADDR failed with the following output:
Change Dir: C:/Users/Iurii/CLionProjects/Task_30_4_2_Grab_header/cmake-build-debug/CMakeFiles/CMakeTmp

Run Build Command(s):C:/PROGRA~2/MINGW-~1/I686-8~1.0-P/mingw32/bin/mingw32-make.exe -f Makefile cmTC_97503/fast && C:/PROGRA~2/MINGW-~1/I686-8~1.0-P/mingw32/bin/mingw32-make.exe  -f CMakeFiles\cmTC_97503.dir\build.make CMakeFiles/cmTC_97503.dir/build
mingw32-make.exe[1]: Entering directory 'C:/Users/Iurii/CLionProjects/Task_30_4_2_Grab_header/cmake-build-debug/CMakeFiles/CMakeTmp'
Building C object CMakeFiles/cmTC_97503.dir/CurlTests.c.obj
C:\PROGRA~2\MINGW-~1\I686-8~1.0-P\mingw32\bin\gcc.exe   -pedantic -Wall -W -Wpointer-arith -Wwrite-strings -Wunused -Wshadow -Winline -Wnested-externs -Wmissing-declarations -Wmissing-prototypes -Wfloat-equal -Wsign-compare -Wundef -Wendif-labels -Wstrict-prototypes -Wdeclaration-after-statement -Wstrict-aliasing=3 -Wcast-align -Wtype-limits -Wold-style-declaration -Wmissing-parameter-type -Wempty-body -Wclobbered -Wignored-qualifiers -Wconversion -Wvla -Wdouble-promotion -Wno-long-long -Wno-multichar -Wno-format-nonliteral -Wno-sign-conversion -Wno-system-headers -Wno-pedantic-ms-format -DHAVE_IOCTL_SIOCGIFADDR  -DHAVE_WINDOWS_H -DHAVE_WINSOCK_H -DHAVE_WS2TCPIP_H -DHAVE_WINSOCK2_H -DHAVE_WINCRYPT_H -DHAVE_STDIO_H -DHAVE_SYS_STAT_H -DHAVE_SYS_TYPES_H -DHAVE_SYS_UTIME_H -DHAVE_ASSERT_H -DHAVE_ERRNO_H -DHAVE_FCNTL_H -DHAVE_IO_H -DHAVE_LIBGEN_H -DHAVE_LOCALE_H -DHAVE_SETJMP_H -DHAVE_SIGNAL_H -DHAVE_STDBOOL_H -DHAVE_STDIO_H -DHAVE_STDLIB_H -DHAVE_STRING_H -DHAVE_TIME_H -DHAVE_PROCESS_H -DHAVE_STDDEF_H -DHAVE_MALLOC_H -DHAVE_MEMORY_H -o CMakeFiles\cmTC_97503.dir\CurlTests.c.obj -c C:\Users\Iurii\CLionProjects\Task_30_4_2_Grab_header\cmake-build-debug\_deps\curl-src\CMake\CurlTests.c
C:\Users\Iurii\CLionProjects\Task_30_4_2_Grab_header\cmake-build-debug\_deps\curl-src\CMake\CurlTests.c:384:10: fatal error: net/if.h: No such file or directory
 #include <net/if.h>
          ^~~~~~~~~~
compilation terminated.
mingw32-make.exe[1]: *** [CMakeFiles\cmTC_97503.dir\build.make:77: CMakeFiles/cmTC_97503.dir/CurlTests.c.obj] Error 1
mingw32-make.exe[1]: Leaving directory 'C:/Users/Iurii/CLionProjects/Task_30_4_2_Grab_header/cmake-build-debug/CMakeFiles/CMakeTmp'
mingw32-make.exe: *** [Makefile:126: cmTC_97503/fast] Error 2


Performing Curl Test HAVE_SETSOCKOPT_SO_NONBLOCK failed with the following output:
Change Dir: C:/Users/Iurii/CLionProjects/Task_30_4_2_Grab_header/cmake-build-debug/CMakeFiles/CMakeTmp

Run Build Command(s):C:/PROGRA~2/MINGW-~1/I686-8~1.0-P/mingw32/bin/mingw32-make.exe -f Makefile cmTC_49287/fast && C:/PROGRA~2/MINGW-~1/I686-8~1.0-P/mingw32/bin/mingw32-make.exe  -f CMakeFiles\cmTC_49287.dir\build.make CMakeFiles/cmTC_49287.dir/build
mingw32-make.exe[1]: Entering directory 'C:/Users/Iurii/CLionProjects/Task_30_4_2_Grab_header/cmake-build-debug/CMakeFiles/CMakeTmp'
Building C object CMakeFiles/cmTC_49287.dir/CurlTests.c.obj
C:\PROGRA~2\MINGW-~1\I686-8~1.0-P\mingw32\bin\gcc.exe   -pedantic -Wall -W -Wpointer-arith -Wwrite-strings -Wunused -Wshadow -Winline -Wnested-externs -Wmissing-declarations -Wmissing-prototypes -Wfloat-equal -Wsign-compare -Wundef -Wendif-labels -Wstrict-prototypes -Wdeclaration-after-statement -Wstrict-aliasing=3 -Wcast-align -Wtype-limits -Wold-style-declaration -Wmissing-parameter-type -Wempty-body -Wclobbered -Wignored-qualifiers -Wconversion -Wvla -Wdouble-promotion -Wno-long-long -Wno-multichar -Wno-format-nonliteral -Wno-sign-conversion -Wno-system-headers -Wno-pedantic-ms-format -DHAVE_SETSOCKOPT_SO_NONBLOCK  -DHAVE_WINDOWS_H -DHAVE_WINSOCK_H -DHAVE_WS2TCPIP_H -DHAVE_WINSOCK2_H -DHAVE_WINCRYPT_H -DHAVE_STDIO_H -DHAVE_SYS_STAT_H -DHAVE_SYS_TYPES_H -DHAVE_SYS_UTIME_H -DHAVE_ASSERT_H -DHAVE_ERRNO_H -DHAVE_FCNTL_H -DHAVE_IO_H -DHAVE_LIBGEN_H -DHAVE_LOCALE_H -DHAVE_SETJMP_H -DHAVE_SIGNAL_H -DHAVE_STDBOOL_H -DHAVE_STDIO_H -DHAVE_STDLIB_H -DHAVE_STRING_H -DHAVE_TIME_H -DHAVE_PROCESS_H -DHAVE_STDDEF_H -DHAVE_MALLOC_H -DHAVE_MEMORY_H -o CMakeFiles\cmTC_49287.dir\CurlTests.c.obj -c C:\Users\Iurii\CLionProjects\Task_30_4_2_Grab_header\cmake-build-debug\_deps\curl-src\CMake\CurlTests.c
C:\Users\Iurii\CLionProjects\Task_30_4_2_Grab_header\cmake-build-debug\_deps\curl-src\CMake\CurlTests.c:422:1: warning: function declaration isn't a prototype [-Wstrict-prototypes]
 main ()
 ^~~~
C:\Users\Iurii\CLionProjects\Task_30_4_2_Grab_header\cmake-build-debug\_deps\curl-src\CMake\CurlTests.c: In function 'main':
C:\Users\Iurii\CLionProjects\Task_30_4_2_Grab_header\cmake-build-debug\_deps\curl-src\CMake\CurlTests.c:424:43: error: 'SO_NONBLOCK' undeclared (first use in this function); did you mean 'SMTO_BLOCK'?
         if(0 != setsockopt(0, SOL_SOCKET, SO_NONBLOCK, 0, 0))
                                           ^~~~~~~~~~~
                                           SMTO_BLOCK
C:\Users\Iurii\CLionProjects\Task_30_4_2_Grab_header\cmake-build-debug\_deps\curl-src\CMake\CurlTests.c:424:43: note: each undeclared identifier is reported only once for each function it appears in
mingw32-make.exe[1]: *** [CMakeFiles\cmTC_49287.dir\build.make:77: CMakeFiles/cmTC_49287.dir/CurlTests.c.obj] Error 1
mingw32-make.exe[1]: Leaving directory 'C:/Users/Iurii/CLionProjects/Task_30_4_2_Grab_header/cmake-build-debug/CMakeFiles/CMakeTmp'
mingw32-make.exe: *** [Makefile:126: cmTC_49287/fast] Error 2


Performing Curl Test HAVE_SOCKADDR_IN6_SIN6_SCOPE_ID failed with the following output:
Change Dir: C:/Users/Iurii/CLionProjects/Task_30_4_2_Grab_header/cmake-build-debug/CMakeFiles/CMakeTmp

Run Build Command(s):C:/PROGRA~2/MINGW-~1/I686-8~1.0-P/mingw32/bin/mingw32-make.exe -f Makefile cmTC_88538/fast && C:/PROGRA~2/MINGW-~1/I686-8~1.0-P/mingw32/bin/mingw32-make.exe  -f CMakeFiles\cmTC_88538.dir\build.make CMakeFiles/cmTC_88538.dir/build
mingw32-make.exe[1]: Entering directory 'C:/Users/Iurii/CLionProjects/Task_30_4_2_Grab_header/cmake-build-debug/CMakeFiles/CMakeTmp'
Building C object CMakeFiles/cmTC_88538.dir/CurlTests.c.obj
C:\PROGRA~2\MINGW-~1\I686-8~1.0-P\mingw32\bin\gcc.exe   -pedantic -Wall -W -Wpointer-arith -Wwrite-strings -Wunused -Wshadow -Winline -Wnested-externs -Wmissing-declarations -Wmissing-prototypes -Wfloat-equal -Wsign-compare -Wundef -Wendif-labels -Wstrict-prototypes -Wdeclaration-after-statement -Wstrict-aliasing=3 -Wcast-align -Wtype-limits -Wold-style-declaration -Wmissing-parameter-type -Wempty-body -Wclobbered -Wignored-qualifiers -Wconversion -Wvla -Wdouble-promotion -Wno-long-long -Wno-multichar -Wno-format-nonliteral -Wno-sign-conversion -Wno-system-headers -Wno-pedantic-ms-format -DHAVE_SOCKADDR_IN6_SIN6_SCOPE_ID  -DHAVE_WINDOWS_H -DHAVE_WINSOCK_H -DHAVE_WS2TCPIP_H -DHAVE_WINSOCK2_H -DHAVE_WINCRYPT_H -DHAVE_STDIO_H -DHAVE_SYS_STAT_H -DHAVE_SYS_TYPES_H -DHAVE_SYS_UTIME_H -DHAVE_ASSERT_H -DHAVE_ERRNO_H -DHAVE_FCNTL_H -DHAVE_IO_H -DHAVE_LIBGEN_H -DHAVE_LOCALE_H -DHAVE_SETJMP_H -DHAVE_SIGNAL_H -DHAVE_STDBOOL_H -DHAVE_STDIO_H -DHAVE_STDLIB_H -DHAVE_STRING_H -DHAVE_TIME_H -DHAVE_PROCESS_H -DHAVE_STDDEF_H -DHAVE_MALLOC_H -DHAVE_MEMORY_H -o CMakeFiles\cmTC_88538.dir\CurlTests.c.obj -c C:\Users\Iurii\CLionProjects\Task_30_4_2_Grab_header\cmake-build-debug\_deps\curl-src\CMake\CurlTests.c
C:\Users\Iurii\CLionProjects\Task_30_4_2_Grab_header\cmake-build-debug\_deps\curl-src\CMake\CurlTests.c:536: warning: ISO C forbids an empty translation unit [-Wpedantic]
 #endif
 
Linking C executable cmTC_88538.exe
"C:\Program Files\JetBrains\CLion 2020.3.3\bin\cmake\win\bin\cmake.exe" -E cmake_link_script CMakeFiles\cmTC_88538.dir\link.txt --verbose=1
"C:\Program Files\JetBrains\CLion 2020.3.3\bin\cmake\win\bin\cmake.exe" -E rm -f CMakeFiles\cmTC_88538.dir/objects.a
C:\PROGRA~2\MINGW-~1\I686-8~1.0-P\mingw32\bin\ar.exe cr CMakeFiles\cmTC_88538.dir/objects.a @CMakeFiles\cmTC_88538.dir\objects1.rsp
C:\PROGRA~2\MINGW-~1\I686-8~1.0-P\mingw32\bin\gcc.exe  -pedantic -Wall -W -Wpointer-arith -Wwrite-strings -Wunused -Wshadow -Winline -Wnested-externs -Wmissing-declarations -Wmissing-prototypes -Wfloat-equal -Wsign-compare -Wundef -Wendif-labels -Wstrict-prototypes -Wdeclaration-after-statement -Wstrict-aliasing=3 -Wcast-align -Wtype-limits -Wold-style-declaration -Wmissing-parameter-type -Wempty-body -Wclobbered -Wignored-qualifiers -Wconversion -Wvla -Wdouble-promotion -Wno-long-long -Wno-multichar -Wno-format-nonliteral -Wno-sign-conversion -Wno-system-headers -Wno-pedantic-ms-format -DHAVE_SOCKADDR_IN6_SIN6_SCOPE_ID  -DHAVE_WINDOWS_H -DHAVE_WINSOCK_H -DHAVE_WS2TCPIP_H -DHAVE_WINSOCK2_H -DHAVE_WINCRYPT_H -DHAVE_STDIO_H -DHAVE_SYS_STAT_H -DHAVE_SYS_TYPES_H -DHAVE_SYS_UTIME_H -DHAVE_ASSERT_H -DHAVE_ERRNO_H -DHAVE_FCNTL_H -DHAVE_IO_H -DHAVE_LIBGEN_H -DHAVE_LOCALE_H -DHAVE_SETJMP_H -DHAVE_SIGNAL_H -DHAVE_STDBOOL_H -DHAVE_STDIO_H -DHAVE_STDLIB_H -DHAVE_STRING_H -DHAVE_TIME_H -DHAVE_PROCESS_H -DHAVE_STDDEF_H -DHAVE_MALLOC_H -DHAVE_MEMORY_H -Wl,--whole-archive CMakeFiles\cmTC_88538.dir/objects.a -Wl,--no-whole-archive -o cmTC_88538.exe -Wl,--out-implib,libcmTC_88538.dll.a -Wl,--major-image-version,0,--minor-image-version,0 @CMakeFiles\cmTC_88538.dir\linklibs.rsp
C:/PROGRA~2/MINGW-~1/I686-8~1.0-P/mingw32/bin/../lib/gcc/i686-w64-mingw32/8.1.0/../../../../i686-w64-mingw32/lib/../lib/libmingw32.a(lib32_libmingw32_a-crt0_c.o):crt0_c.c:(.text.startup+0x39): undefined reference to `WinMain@16'
collect2.exe: error: ld returned 1 exit status
mingw32-make.exe[1]: *** [CMakeFiles\cmTC_88538.dir\build.make:100: cmTC_88538.exe] Error 1
mingw32-make.exe[1]: Leaving directory 'C:/Users/Iurii/CLionProjects/Task_30_4_2_Grab_header/cmake-build-debug/CMakeFiles/CMakeTmp'
mingw32-make.exe: *** [Makefile:126: cmTC_88538/fast] Error 2


Performing Curl Test HAVE_GLIBC_STRERROR_R failed with the following output:
Change Dir: C:/Users/Iurii/CLionProjects/Task_30_4_2_Grab_header/cmake-build-debug/CMakeFiles/CMakeTmp

Run Build Command(s):C:/PROGRA~2/MINGW-~1/I686-8~1.0-P/mingw32/bin/mingw32-make.exe -f Makefile cmTC_922c7/fast && C:/PROGRA~2/MINGW-~1/I686-8~1.0-P/mingw32/bin/mingw32-make.exe  -f CMakeFiles\cmTC_922c7.dir\build.make CMakeFiles/cmTC_922c7.dir/build
mingw32-make.exe[1]: Entering directory 'C:/Users/Iurii/CLionProjects/Task_30_4_2_Grab_header/cmake-build-debug/CMakeFiles/CMakeTmp'
Building C object CMakeFiles/cmTC_922c7.dir/CurlTests.c.obj
C:\PROGRA~2\MINGW-~1\I686-8~1.0-P\mingw32\bin\gcc.exe   -pedantic -Wall -W -Wpointer-arith -Wwrite-strings -Wunused -Wshadow -Winline -Wnested-externs -Wmissing-declarations -Wmissing-prototypes -Wfloat-equal -Wsign-compare -Wundef -Wendif-labels -Wstrict-prototypes -Wdeclaration-after-statement -Wstrict-aliasing=3 -Wcast-align -Wtype-limits -Wold-style-declaration -Wmissing-parameter-type -Wempty-body -Wclobbered -Wignored-qualifiers -Wconversion -Wvla -Wdouble-promotion -Wno-long-long -Wno-multichar -Wno-format-nonliteral -Wno-sign-conversion -Wno-system-headers -Wno-pedantic-ms-format -DHAVE_GLIBC_STRERROR_R  -DHAVE_WINDOWS_H -DHAVE_WINSOCK_H -DHAVE_WS2TCPIP_H -DHAVE_WINSOCK2_H -DHAVE_WINCRYPT_H -DHAVE_STDIO_H -DHAVE_SYS_STAT_H -DHAVE_SYS_TYPES_H -DHAVE_SYS_UTIME_H -DHAVE_ASSERT_H -DHAVE_ERRNO_H -DHAVE_FCNTL_H -DHAVE_IO_H -DHAVE_LIBGEN_H -DHAVE_LOCALE_H -DHAVE_SETJMP_H -DHAVE_SIGNAL_H -DHAVE_STDBOOL_H -DHAVE_STDIO_H -DHAVE_STDLIB_H -DHAVE_STRING_H -DHAVE_TIME_H -DHAVE_PROCESS_H -DHAVE_STDDEF_H -DHAVE_MALLOC_H -DHAVE_MEMORY_H -o CMakeFiles\cmTC_922c7.dir\CurlTests.c.obj -c C:\Users\Iurii\CLionProjects\Task_30_4_2_Grab_header\cmake-build-debug\_deps\curl-src\CMake\CurlTests.c
C:\Users\Iurii\CLionProjects\Task_30_4_2_Grab_header\cmake-build-debug\_deps\curl-src\CMake\CurlTests.c:434:6: warning: no previous prototype for 'check' [-Wmissing-prototypes]
 void check(char c) {}
      ^~~~~
C:\Users\Iurii\CLionProjects\Task_30_4_2_Grab_header\cmake-build-debug\_deps\curl-src\CMake\CurlTests.c: In function 'check':
C:\Users\Iurii\CLionProjects\Task_30_4_2_Grab_header\cmake-build-debug\_deps\curl-src\CMake\CurlTests.c:434:17: warning: unused parameter 'c' [-Wunused-parameter]
 void check(char c) {}
            ~~~~~^
C:\Users\Iurii\CLionProjects\Task_30_4_2_Grab_header\cmake-build-debug\_deps\curl-src\CMake\CurlTests.c: At top level:
C:\Users\Iurii\CLionProjects\Task_30_4_2_Grab_header\cmake-build-debug\_deps\curl-src\CMake\CurlTests.c:437:1: warning: function declaration isn't a prototype [-Wstrict-prototypes]
 main () {
 ^~~~
C:\Users\Iurii\CLionProjects\Task_30_4_2_Grab_header\cmake-build-debug\_deps\curl-src\CMake\CurlTests.c: In function 'main':
C:\Users\Iurii\CLionProjects\Task_30_4_2_Grab_header\cmake-build-debug\_deps\curl-src\CMake\CurlTests.c:440:9: warning: implicit declaration of function 'strerror_r'; did you mean 'strerror_s'? [-Wimplicit-function-declaration]
   check(strerror_r(EACCES, buffer, sizeof(buffer))[0]);
         ^~~~~~~~~~
         strerror_s
C:\Users\Iurii\CLionProjects\Task_30_4_2_Grab_header\cmake-build-debug\_deps\curl-src\CMake\CurlTests.c:440:9: warning: nested extern declaration of 'strerror_r' [-Wnested-externs]
C:\Users\Iurii\CLionProjects\Task_30_4_2_Grab_header\cmake-build-debug\_deps\curl-src\CMake\CurlTests.c:440:51: error: subscripted value is neither array nor pointer nor vector
   check(strerror_r(EACCES, buffer, sizeof(buffer))[0]);
                                                   ^
mingw32-make.exe[1]: *** [CMakeFiles\cmTC_922c7.dir\build.make:77: CMakeFiles/cmTC_922c7.dir/CurlTests.c.obj] Error 1
mingw32-make.exe[1]: Leaving directory 'C:/Users/Iurii/CLionProjects/Task_30_4_2_Grab_header/cmake-build-debug/CMakeFiles/CMakeTmp'
mingw32-make.exe: *** [Makefile:126: cmTC_922c7/fast] Error 2


Performing Curl Test HAVE_POSIX_STRERROR_R failed with the following output:
Change Dir: C:/Users/Iurii/CLionProjects/Task_30_4_2_Grab_header/cmake-build-debug/CMakeFiles/CMakeTmp

Run Build Command(s):C:/PROGRA~2/MINGW-~1/I686-8~1.0-P/mingw32/bin/mingw32-make.exe -f Makefile cmTC_64650/fast && C:/PROGRA~2/MINGW-~1/I686-8~1.0-P/mingw32/bin/mingw32-make.exe  -f CMakeFiles\cmTC_64650.dir\build.make CMakeFiles/cmTC_64650.dir/build
mingw32-make.exe[1]: Entering directory 'C:/Users/Iurii/CLionProjects/Task_30_4_2_Grab_header/cmake-build-debug/CMakeFiles/CMakeTmp'
Building C object CMakeFiles/cmTC_64650.dir/CurlTests.c.obj
C:\PROGRA~2\MINGW-~1\I686-8~1.0-P\mingw32\bin\gcc.exe   -pedantic -Wall -W -Wpointer-arith -Wwrite-strings -Wunused -Wshadow -Winline -Wnested-externs -Wmissing-declarations -Wmissing-prototypes -Wfloat-equal -Wsign-compare -Wundef -Wendif-labels -Wstrict-prototypes -Wdeclaration-after-statement -Wstrict-aliasing=3 -Wcast-align -Wtype-limits -Wold-style-declaration -Wmissing-parameter-type -Wempty-body -Wclobbered -Wignored-qualifiers -Wconversion -Wvla -Wdouble-promotion -Wno-long-long -Wno-multichar -Wno-format-nonliteral -Wno-sign-conversion -Wno-system-headers -Wno-pedantic-ms-format -DHAVE_POSIX_STRERROR_R  -DHAVE_WINDOWS_H -DHAVE_WINSOCK_H -DHAVE_WS2TCPIP_H -DHAVE_WINSOCK2_H -DHAVE_WINCRYPT_H -DHAVE_STDIO_H -DHAVE_SYS_STAT_H -DHAVE_SYS_TYPES_H -DHAVE_SYS_UTIME_H -DHAVE_ASSERT_H -DHAVE_ERRNO_H -DHAVE_FCNTL_H -DHAVE_IO_H -DHAVE_LIBGEN_H -DHAVE_LOCALE_H -DHAVE_SETJMP_H -DHAVE_SIGNAL_H -DHAVE_STDBOOL_H -DHAVE_STDIO_H -DHAVE_STDLIB_H -DHAVE_STRING_H -DHAVE_TIME_H -DHAVE_PROCESS_H -DHAVE_STDDEF_H -DHAVE_MALLOC_H -DHAVE_MEMORY_H -o CMakeFiles\cmTC_64650.dir\CurlTests.c.obj -c C:\Users\Iurii\CLionProjects\Task_30_4_2_Grab_header\cmake-build-debug\_deps\curl-src\CMake\CurlTests.c
C:\Users\Iurii\CLionProjects\Task_30_4_2_Grab_header\cmake-build-debug\_deps\curl-src\CMake\CurlTests.c:449:6: warning: no previous prototype for 'check' [-Wmissing-prototypes]
 void check(float f) {}
      ^~~~~
C:\Users\Iurii\CLionProjects\Task_30_4_2_Grab_header\cmake-build-debug\_deps\curl-src\CMake\CurlTests.c: In function 'check':
C:\Users\Iurii\CLionProjects\Task_30_4_2_Grab_header\cmake-build-debug\_deps\curl-src\CMake\CurlTests.c:449:18: warning: unused parameter 'f' [-Wunused-parameter]
 void check(float f) {}
            ~~~~~~^
C:\Users\Iurii\CLionProjects\Task_30_4_2_Grab_header\cmake-build-debug\_deps\curl-src\CMake\CurlTests.c: At top level:
C:\Users\Iurii\CLionProjects\Task_30_4_2_Grab_header\cmake-build-debug\_deps\curl-src\CMake\CurlTests.c:452:1: warning: function declaration isn't a prototype [-Wstrict-prototypes]
 main () {
 ^~~~
C:\Users\Iurii\CLionProjects\Task_30_4_2_Grab_header\cmake-build-debug\_deps\curl-src\CMake\CurlTests.c: In function 'main':
C:\Users\Iurii\CLionProjects\Task_30_4_2_Grab_header\cmake-build-debug\_deps\curl-src\CMake\CurlTests.c:455:9: warning: implicit declaration of function 'strerror_r'; did you mean 'strerror_s'? [-Wimplicit-function-declaration]
   check(strerror_r(EACCES, buffer, sizeof(buffer)));
         ^~~~~~~~~~
         strerror_s
C:\Users\Iurii\CLionProjects\Task_30_4_2_Grab_header\cmake-build-debug\_deps\curl-src\CMake\CurlTests.c:455:9: warning: nested extern declaration of 'strerror_r' [-Wnested-externs]
C:\Users\Iurii\CLionProjects\Task_30_4_2_Grab_header\cmake-build-debug\_deps\curl-src\CMake\CurlTests.c:455:9: warning: conversion from 'int' to 'float' may change value [-Wconversion]
   check(strerror_r(EACCES, buffer, sizeof(buffer)));
         ^~~~~~~~~~~~~~~~~~~~~~~~~~~~~~~~~~~~~~~~~~
Linking C executable cmTC_64650.exe
"C:\Program Files\JetBrains\CLion 2020.3.3\bin\cmake\win\bin\cmake.exe" -E cmake_link_script CMakeFiles\cmTC_64650.dir\link.txt --verbose=1
"C:\Program Files\JetBrains\CLion 2020.3.3\bin\cmake\win\bin\cmake.exe" -E rm -f CMakeFiles\cmTC_64650.dir/objects.a
C:\PROGRA~2\MINGW-~1\I686-8~1.0-P\mingw32\bin\ar.exe cr CMakeFiles\cmTC_64650.dir/objects.a @CMakeFiles\cmTC_64650.dir\objects1.rsp
C:\PROGRA~2\MINGW-~1\I686-8~1.0-P\mingw32\bin\gcc.exe  -pedantic -Wall -W -Wpointer-arith -Wwrite-strings -Wunused -Wshadow -Winline -Wnested-externs -Wmissing-declarations -Wmissing-prototypes -Wfloat-equal -Wsign-compare -Wundef -Wendif-labels -Wstrict-prototypes -Wdeclaration-after-statement -Wstrict-aliasing=3 -Wcast-align -Wtype-limits -Wold-style-declaration -Wmissing-parameter-type -Wempty-body -Wclobbered -Wignored-qualifiers -Wconversion -Wvla -Wdouble-promotion -Wno-long-long -Wno-multichar -Wno-format-nonliteral -Wno-sign-conversion -Wno-system-headers -Wno-pedantic-ms-format -DHAVE_POSIX_STRERROR_R  -DHAVE_WINDOWS_H -DHAVE_WINSOCK_H -DHAVE_WS2TCPIP_H -DHAVE_WINSOCK2_H -DHAVE_WINCRYPT_H -DHAVE_STDIO_H -DHAVE_SYS_STAT_H -DHAVE_SYS_TYPES_H -DHAVE_SYS_UTIME_H -DHAVE_ASSERT_H -DHAVE_ERRNO_H -DHAVE_FCNTL_H -DHAVE_IO_H -DHAVE_LIBGEN_H -DHAVE_LOCALE_H -DHAVE_SETJMP_H -DHAVE_SIGNAL_H -DHAVE_STDBOOL_H -DHAVE_STDIO_H -DHAVE_STDLIB_H -DHAVE_STRING_H -DHAVE_TIME_H -DHAVE_PROCESS_H -DHAVE_STDDEF_H -DHAVE_MALLOC_H -DHAVE_MEMORY_H -Wl,--whole-archive CMakeFiles\cmTC_64650.dir/objects.a -Wl,--no-whole-archive -o cmTC_64650.exe -Wl,--out-implib,libcmTC_64650.dll.a -Wl,--major-image-version,0,--minor-image-version,0 @CMakeFiles\cmTC_64650.dir\linklibs.rsp
CMakeFiles\cmTC_64650.dir/objects.a(CurlTests.c.obj):CurlTests.c:(.text+0x2b): undefined reference to `strerror_r'
collect2.exe: error: ld returned 1 exit status
mingw32-make.exe[1]: *** [CMakeFiles\cmTC_64650.dir\build.make:100: cmTC_64650.exe] Error 1
mingw32-make.exe[1]: Leaving directory 'C:/Users/Iurii/CLionProjects/Task_30_4_2_Grab_header/cmake-build-debug/CMakeFiles/CMakeTmp'
mingw32-make.exe: *** [Makefile:126: cmTC_64650/fast] Error 2


Performing Curl Test HAVE_BUILTIN_AVAILABLE failed with the following output:
Change Dir: C:/Users/Iurii/CLionProjects/Task_30_4_2_Grab_header/cmake-build-debug/CMakeFiles/CMakeTmp

Run Build Command(s):C:/PROGRA~2/MINGW-~1/I686-8~1.0-P/mingw32/bin/mingw32-make.exe -f Makefile cmTC_72166/fast && C:/PROGRA~2/MINGW-~1/I686-8~1.0-P/mingw32/bin/mingw32-make.exe  -f CMakeFiles\cmTC_72166.dir\build.make CMakeFiles/cmTC_72166.dir/build
mingw32-make.exe[1]: Entering directory 'C:/Users/Iurii/CLionProjects/Task_30_4_2_Grab_header/cmake-build-debug/CMakeFiles/CMakeTmp'
Building C object CMakeFiles/cmTC_72166.dir/CurlTests.c.obj
C:\PROGRA~2\MINGW-~1\I686-8~1.0-P\mingw32\bin\gcc.exe   -pedantic -Wall -W -Wpointer-arith -Wwrite-strings -Wunused -Wshadow -Winline -Wnested-externs -Wmissing-declarations -Wmissing-prototypes -Wfloat-equal -Wsign-compare -Wundef -Wendif-labels -Wstrict-prototypes -Wdeclaration-after-statement -Wstrict-aliasing=3 -Wcast-align -Wtype-limits -Wold-style-declaration -Wmissing-parameter-type -Wempty-body -Wclobbered -Wignored-qualifiers -Wconversion -Wvla -Wdouble-promotion -Wno-long-long -Wno-multichar -Wno-format-nonliteral -Wno-sign-conversion -Wno-system-headers -Wno-pedantic-ms-format -DHAVE_BUILTIN_AVAILABLE  -DHAVE_WINDOWS_H -DHAVE_WINSOCK_H -DHAVE_WS2TCPIP_H -DHAVE_WINSOCK2_H -DHAVE_WINCRYPT_H -DHAVE_STDIO_H -DHAVE_SYS_STAT_H -DHAVE_SYS_TYPES_H -DHAVE_SYS_UTIME_H -DHAVE_ASSERT_H -DHAVE_ERRNO_H -DHAVE_FCNTL_H -DHAVE_IO_H -DHAVE_LIBGEN_H -DHAVE_LOCALE_H -DHAVE_SETJMP_H -DHAVE_SIGNAL_H -DHAVE_STDBOOL_H -DHAVE_STDIO_H -DHAVE_STDLIB_H -DHAVE_STRING_H -DHAVE_TIME_H -DHAVE_PROCESS_H -DHAVE_STDDEF_H -DHAVE_MALLOC_H -DHAVE_MEMORY_H -o CMakeFiles\cmTC_72166.dir\CurlTests.c.obj -c C:\Users\Iurii\CLionProjects\Task_30_4_2_Grab_header\cmake-build-debug\_deps\curl-src\CMake\CurlTests.c
C:\Users\Iurii\CLionProjects\Task_30_4_2_Grab_header\cmake-build-debug\_deps\curl-src\CMake\CurlTests.c:486:1: warning: function declaration isn't a prototype [-Wstrict-prototypes]
 main() {
 ^~~~
C:\Users\Iurii\CLionProjects\Task_30_4_2_Grab_header\cmake-build-debug\_deps\curl-src\CMake\CurlTests.c: In function 'main':
C:\Users\Iurii\CLionProjects\Task_30_4_2_Grab_header\cmake-build-debug\_deps\curl-src\CMake\CurlTests.c:487:6: warning: implicit declaration of function '__builtin_available'; did you mean '__builtin_scalbl'? [-Wimplicit-function-declaration]
   if(__builtin_available(macOS 10.12, *)) {}
      ^~~~~~~~~~~~~~~~~~~
      __builtin_scalbl
C:\Users\Iurii\CLionProjects\Task_30_4_2_Grab_header\cmake-build-debug\_deps\curl-src\CMake\CurlTests.c:487:6: warning: nested extern declaration of '__builtin_available' [-Wnested-externs]
C:\Users\Iurii\CLionProjects\Task_30_4_2_Grab_header\cmake-build-debug\_deps\curl-src\CMake\CurlTests.c:487:26: error: 'macOS' undeclared (first use in this function)
   if(__builtin_available(macOS 10.12, *)) {}
                          ^~~~~
C:\Users\Iurii\CLionProjects\Task_30_4_2_Grab_header\cmake-build-debug\_deps\curl-src\CMake\CurlTests.c:487:26: note: each undeclared identifier is reported only once for each function it appears in
C:\Users\Iurii\CLionProjects\Task_30_4_2_Grab_header\cmake-build-debug\_deps\curl-src\CMake\CurlTests.c:487:31: error: expected ')' before numeric constant
   if(__builtin_available(macOS 10.12, *)) {}
                               ^~~~~~
                               )
mingw32-make.exe[1]: *** [CMakeFiles\cmTC_72166.dir\build.make:77: CMakeFiles/cmTC_72166.dir/CurlTests.c.obj] Error 1
mingw32-make.exe[1]: Leaving directory 'C:/Users/Iurii/CLionProjects/Task_30_4_2_Grab_header/cmake-build-debug/CMakeFiles/CMakeTmp'
mingw32-make.exe: *** [Makefile:126: cmTC_72166/fast] Error 2


Performing C SOURCE FILE Test HAVE_MSG_NOSIGNAL failed with the following output:
Change Dir: C:/Users/Iurii/CLionProjects/Task_30_4_2_Grab_header/cmake-build-debug/CMakeFiles/CMakeTmp

Run Build Command(s):C:/PROGRA~2/MINGW-~1/I686-8~1.0-P/mingw32/bin/mingw32-make.exe -f Makefile cmTC_e4564/fast && C:/PROGRA~2/MINGW-~1/I686-8~1.0-P/mingw32/bin/mingw32-make.exe  -f CMakeFiles\cmTC_e4564.dir\build.make CMakeFiles/cmTC_e4564.dir/build
mingw32-make.exe[1]: Entering directory 'C:/Users/Iurii/CLionProjects/Task_30_4_2_Grab_header/cmake-build-debug/CMakeFiles/CMakeTmp'
Building C object CMakeFiles/cmTC_e4564.dir/src.c.obj
C:\PROGRA~2\MINGW-~1\I686-8~1.0-P\mingw32\bin\gcc.exe -DHAVE_MSG_NOSIGNAL @CMakeFiles/cmTC_e4564.dir/includes_C.rsp -pedantic -Wall -W -Wpointer-arith -Wwrite-strings -Wunused -Wshadow -Winline -Wnested-externs -Wmissing-declarations -Wmissing-prototypes -Wfloat-equal -Wsign-compare -Wundef -Wendif-labels -Wstrict-prototypes -Wdeclaration-after-statement -Wstrict-aliasing=3 -Wcast-align -Wtype-limits -Wold-style-declaration -Wmissing-parameter-type -Wempty-body -Wclobbered -Wignored-qualifiers -Wconversion -Wvla -Wdouble-promotion -Wno-long-long -Wno-multichar -Wno-format-nonliteral -Wno-sign-conversion -Wno-system-headers -Wno-pedantic-ms-format     -D_WIN32_WINNT=0x0600 -D_WINSOCKAPI_= -DSECURITY_WIN32 -o CMakeFiles\cmTC_e4564.dir\src.c.obj -c C:\Users\Iurii\CLionProjects\Task_30_4_2_Grab_header\cmake-build-debug\CMakeFiles\CMakeTmp\src.c
In file included from C:\Users\Iurii\CLionProjects\Task_30_4_2_Grab_header\cmake-build-debug\CMakeFiles\CMakeTmp\src.c:2:
C:/PROGRA~2/MINGW-~1/I686-8~1.0-P/mingw32/i686-w64-mingw32/include/winsock2.h:15:2: warning: #warning Please include winsock2.h before windows.h [-Wcpp]
 #warning Please include winsock2.h before windows.h
  ^~~~~~~
C:\Users\Iurii\CLionProjects\Task_30_4_2_Grab_header\cmake-build-debug\CMakeFiles\CMakeTmp\src.c: In function 'main':
C:\Users\Iurii\CLionProjects\Task_30_4_2_Grab_header\cmake-build-debug\CMakeFiles\CMakeTmp\src.c:9:16: error: 'MSG_NOSIGNAL' undeclared (first use in this function); did you mean 'MM_MCISIGNAL'?
     int flag = MSG_NOSIGNAL;
                ^~~~~~~~~~~~
                MM_MCISIGNAL
C:\Users\Iurii\CLionProjects\Task_30_4_2_Grab_header\cmake-build-debug\CMakeFiles\CMakeTmp\src.c:9:16: note: each undeclared identifier is reported only once for each function it appears in
mingw32-make.exe[1]: *** [CMakeFiles\cmTC_e4564.dir\build.make:78: CMakeFiles/cmTC_e4564.dir/src.c.obj] Error 1
mingw32-make.exe[1]: Leaving directory 'C:/Users/Iurii/CLionProjects/Task_30_4_2_Grab_header/cmake-build-debug/CMakeFiles/CMakeTmp'
mingw32-make.exe: *** [Makefile:126: cmTC_e4564/fast] Error 2


Source file was:
#undef inline
#include <winsock2.h>
#include <windows.h>
#include <winsock.h>
#ifndef WIN32_LEAN_AND_MEAN
#define WIN32_LEAN_AND_MEAN
#endif
  int main(void) {
    int flag = MSG_NOSIGNAL;
    (void)flag;
    return 0;
  }
Performing C SOURCE FILE Test HAVE_POLL_FINE failed with the following compile output:
Change Dir: C:/Users/Iurii/CLionProjects/Task_30_4_2_Grab_header/cmake-build-debug/CMakeFiles/CMakeTmp

Run Build Command(s):C:/PROGRA~2/MINGW-~1/I686-8~1.0-P/mingw32/bin/mingw32-make.exe -f Makefile cmTC_304c1/fast && C:/PROGRA~2/MINGW-~1/I686-8~1.0-P/mingw32/bin/mingw32-make.exe  -f CMakeFiles\cmTC_304c1.dir\build.make CMakeFiles/cmTC_304c1.dir/build
mingw32-make.exe[1]: Entering directory 'C:/Users/Iurii/CLionProjects/Task_30_4_2_Grab_header/cmake-build-debug/CMakeFiles/CMakeTmp'
Building C object CMakeFiles/cmTC_304c1.dir/src.c.obj
C:\PROGRA~2\MINGW-~1\I686-8~1.0-P\mingw32\bin\gcc.exe -DHAVE_POLL_FINE @CMakeFiles/cmTC_304c1.dir/includes_C.rsp -pedantic -Wall -W -Wpointer-arith -Wwrite-strings -Wunused -Wshadow -Winline -Wnested-externs -Wmissing-declarations -Wmissing-prototypes -Wfloat-equal -Wsign-compare -Wundef -Wendif-labels -Wstrict-prototypes -Wdeclaration-after-statement -Wstrict-aliasing=3 -Wcast-align -Wtype-limits -Wold-style-declaration -Wmissing-parameter-type -Wempty-body -Wclobbered -Wignored-qualifiers -Wconversion -Wvla -Wdouble-promotion -Wno-long-long -Wno-multichar -Wno-format-nonliteral -Wno-sign-conversion -Wno-system-headers -Wno-pedantic-ms-format     -D_WIN32_WINNT=0x0600 -D_WINSOCKAPI_= -DSECURITY_WIN32 -o CMakeFiles\cmTC_304c1.dir\src.c.obj -c C:\Users\Iurii\CLionProjects\Task_30_4_2_Grab_header\cmake-build-debug\CMakeFiles\CMakeTmp\src.c
C:\Users\Iurii\CLionProjects\Task_30_4_2_Grab_header\cmake-build-debug\CMakeFiles\CMakeTmp\src.c:7:12: warning: "HAVE_POLL_H" is not defined, evaluates to 0 [-Wundef]
     #elif  HAVE_POLL_H
            ^~~~~~~~~~~
C:\Users\Iurii\CLionProjects\Task_30_4_2_Grab_header\cmake-build-debug\CMakeFiles\CMakeTmp\src.c: In function 'main':
C:\Users\Iurii\CLionProjects\Task_30_4_2_Grab_header\cmake-build-debug\CMakeFiles\CMakeTmp\src.c:13:17: warning: implicit declaration of function 'poll'; did you mean 'wtoll'? [-Wimplicit-function-declaration]
         if(0 != poll(0, 0, 10)) {
                 ^~~~
                 wtoll
C:\Users\Iurii\CLionProjects\Task_30_4_2_Grab_header\cmake-build-debug\CMakeFiles\CMakeTmp\src.c:13:17: warning: nested extern declaration of 'poll' [-Wnested-externs]
C:\Users\Iurii\CLionProjects\Task_30_4_2_Grab_header\cmake-build-debug\CMakeFiles\CMakeTmp\src.c:19:15: warning: variable 'rc' set but not used [-Wunused-but-set-variable]
           int rc;
               ^~
Linking C executable cmTC_304c1.exe
"C:\Program Files\JetBrains\CLion 2020.3.3\bin\cmake\win\bin\cmake.exe" -E cmake_link_script CMakeFiles\cmTC_304c1.dir\link.txt --verbose=1
"C:\Program Files\JetBrains\CLion 2020.3.3\bin\cmake\win\bin\cmake.exe" -E rm -f CMakeFiles\cmTC_304c1.dir/objects.a
C:\PROGRA~2\MINGW-~1\I686-8~1.0-P\mingw32\bin\ar.exe cr CMakeFiles\cmTC_304c1.dir/objects.a @CMakeFiles\cmTC_304c1.dir\objects1.rsp
C:\PROGRA~2\MINGW-~1\I686-8~1.0-P\mingw32\bin\gcc.exe  -pedantic -Wall -W -Wpointer-arith -Wwrite-strings -Wunused -Wshadow -Winline -Wnested-externs -Wmissing-declarations -Wmissing-prototypes -Wfloat-equal -Wsign-compare -Wundef -Wendif-labels -Wstrict-prototypes -Wdeclaration-after-statement -Wstrict-aliasing=3 -Wcast-align -Wtype-limits -Wold-style-declaration -Wmissing-parameter-type -Wempty-body -Wclobbered -Wignored-qualifiers -Wconversion -Wvla -Wdouble-promotion -Wno-long-long -Wno-multichar -Wno-format-nonliteral -Wno-sign-conversion -Wno-system-headers -Wno-pedantic-ms-format  -Wl,--whole-archive CMakeFiles\cmTC_304c1.dir/objects.a -Wl,--no-whole-archive -o cmTC_304c1.exe -Wl,--out-implib,libcmTC_304c1.dll.a -Wl,--major-image-version,0,--minor-image-version,0 @CMakeFiles\cmTC_304c1.dir\linklibs.rsp
CMakeFiles\cmTC_304c1.dir/objects.a(src.c.obj):src.c:(.text+0x26): undefined reference to `poll'
CMakeFiles\cmTC_304c1.dir/objects.a(src.c.obj):src.c:(.text+0x64): undefined reference to `poll'
collect2.exe: error: ld returned 1 exit status
mingw32-make.exe[1]: *** [CMakeFiles\cmTC_304c1.dir\build.make:101: cmTC_304c1.exe] Error 1
mingw32-make.exe[1]: Leaving directory 'C:/Users/Iurii/CLionProjects/Task_30_4_2_Grab_header/cmake-build-debug/CMakeFiles/CMakeTmp'
mingw32-make.exe: *** [Makefile:126: cmTC_304c1/fast] Error 2


...and run output:

Return value: 1
Source file was:

    #include <stdlib.h>
    #include <sys/time.h>

    #ifdef HAVE_SYS_POLL_H
    #  include <sys/poll.h>
    #elif  HAVE_POLL_H
    #  include <poll.h>
    #endif

    int main(void)
    {
        if(0 != poll(0, 0, 10)) {
          return 1; /* fail */
        }
        else {
          /* detect the 10.12 poll() breakage */
          struct timeval before, after;
          int rc;
          size_t us;

          gettimeofday(&before, NULL);
          rc = poll(NULL, 0, 500);
          gettimeofday(&after, NULL);

          us = (after.tv_sec - before.tv_sec) * 1000000 +
            (after.tv_usec - before.tv_usec);

          if(us < 400000) {
            return 1;
          }
        }
        return 0;
    }
